CRITICAL - 2023-02-25 06:10:22 --> Undefined property: stdClass::$image
in APPPATH\Views\frontend\about\index.php on line 46.
 1 APPPATH\Views\frontend\about\index.php(46): CodeIgniter\Debug\Exceptions->errorHandler(2, 'Undefined property: stdClass::$image', 'APPPATH\\Views\\frontend\\about\\index.php', 46)
 2 SYSTEMPATH\View\View.php(213): include('APPPATH\\Views\\frontend\\about\\index.php')
 3 SYSTEMPATH\View\View.php(216): CodeIgniter\View\View->CodeIgniter\View\{closure}()
 4 SYSTEMPATH\Common.php(1184): CodeIgniter\View\View->render('frontend/about/index', [], true)
 5 APPPATH\Controllers\Frontend\AboutController.php(50): view('frontend/about/index', [...])
 6 SYSTEMPATH\CodeIgniter.php(934): App\Controllers\Frontend\AboutController->index()
 7 SYSTEMPATH\CodeIgniter.php(499): CodeIgniter\CodeIgniter->runController(Object(App\Controllers\Frontend\AboutController))
 8 SYSTEMPATH\CodeIgniter.php(368): CodeIgniter\CodeIgniter->handleRequest(null, Object(Config\Cache), false)
 9 FCPATH\index.php(67): CodeIgniter\CodeIgniter->run()
10 SYSTEMPATH\Commands\Server\rewrite.php(47): require_once('FCPATH\\index.php')
CRITICAL - 2023-02-25 06:11:20 --> Undefined variable $image
in APPPATH\Views\frontend\about\index.php on line 44.
 1 APPPATH\Views\frontend\about\index.php(44): CodeIgniter\Debug\Exceptions->errorHandler(2, 'Undefined variable $image', 'APPPATH\\Views\\frontend\\about\\index.php', 44)
 2 SYSTEMPATH\View\View.php(213): include('APPPATH\\Views\\frontend\\about\\index.php')
 3 SYSTEMPATH\View\View.php(216): CodeIgniter\View\View->CodeIgniter\View\{closure}()
 4 SYSTEMPATH\Common.php(1184): CodeIgniter\View\View->render('frontend/about/index', [], true)
 5 APPPATH\Controllers\Frontend\AboutController.php(50): view('frontend/about/index', [...])
 6 SYSTEMPATH\CodeIgniter.php(934): App\Controllers\Frontend\AboutController->index()
 7 SYSTEMPATH\CodeIgniter.php(499): CodeIgniter\CodeIgniter->runController(Object(App\Controllers\Frontend\AboutController))
 8 SYSTEMPATH\CodeIgniter.php(368): CodeIgniter\CodeIgniter->handleRequest(null, Object(Config\Cache), false)
 9 FCPATH\index.php(67): CodeIgniter\CodeIgniter->run()
10 SYSTEMPATH\Commands\Server\rewrite.php(47): require_once('FCPATH\\index.php')
CRITICAL - 2023-02-25 06:11:44 --> Undefined variable $image
in APPPATH\Views\frontend\about\index.php on line 44.
 1 APPPATH\Views\frontend\about\index.php(44): CodeIgniter\Debug\Exceptions->errorHandler(2, 'Undefined variable $image', 'APPPATH\\Views\\frontend\\about\\index.php', 44)
 2 SYSTEMPATH\View\View.php(213): include('APPPATH\\Views\\frontend\\about\\index.php')
 3 SYSTEMPATH\View\View.php(216): CodeIgniter\View\View->CodeIgniter\View\{closure}()
 4 SYSTEMPATH\Common.php(1184): CodeIgniter\View\View->render('frontend/about/index', [], true)
 5 APPPATH\Controllers\Frontend\AboutController.php(50): view('frontend/about/index', [...])
 6 SYSTEMPATH\CodeIgniter.php(934): App\Controllers\Frontend\AboutController->index()
 7 SYSTEMPATH\CodeIgniter.php(499): CodeIgniter\CodeIgniter->runController(Object(App\Controllers\Frontend\AboutController))
 8 SYSTEMPATH\CodeIgniter.php(368): CodeIgniter\CodeIgniter->handleRequest(null, Object(Config\Cache), false)
 9 FCPATH\index.php(67): CodeIgniter\CodeIgniter->run()
10 SYSTEMPATH\Commands\Server\rewrite.php(47): require_once('FCPATH\\index.php')
CRITICAL - 2023-02-25 06:12:11 --> Unsupported operand types: string + int
in APPPATH\Views\frontend\about\index.php on line 44.
 1 SYSTEMPATH\View\View.php(213): include()
 2 SYSTEMPATH\View\View.php(216): CodeIgniter\View\View->CodeIgniter\View\{closure}()
 3 SYSTEMPATH\Common.php(1184): CodeIgniter\View\View->render('frontend/about/index', [], true)
 4 APPPATH\Controllers\Frontend\AboutController.php(50): view('frontend/about/index', [...])
 5 SYSTEMPATH\CodeIgniter.php(934): App\Controllers\Frontend\AboutController->index()
 6 SYSTEMPATH\CodeIgniter.php(499): CodeIgniter\CodeIgniter->runController(Object(App\Controllers\Frontend\AboutController))
 7 SYSTEMPATH\CodeIgniter.php(368): CodeIgniter\CodeIgniter->handleRequest(null, Object(Config\Cache), false)
 8 FCPATH\index.php(67): CodeIgniter\CodeIgniter->run()
 9 SYSTEMPATH\Commands\Server\rewrite.php(47): require_once('FCPATH\\index.php')
CRITICAL - 2023-02-25 06:12:25 --> Unsupported operand types: string + string
in APPPATH\Views\frontend\about\index.php on line 44.
 1 SYSTEMPATH\View\View.php(213): include()
 2 SYSTEMPATH\View\View.php(216): CodeIgniter\View\View->CodeIgniter\View\{closure}()
 3 SYSTEMPATH\Common.php(1184): CodeIgniter\View\View->render('frontend/about/index', [], true)
 4 APPPATH\Controllers\Frontend\AboutController.php(50): view('frontend/about/index', [...])
 5 SYSTEMPATH\CodeIgniter.php(934): App\Controllers\Frontend\AboutController->index()
 6 SYSTEMPATH\CodeIgniter.php(499): CodeIgniter\CodeIgniter->runController(Object(App\Controllers\Frontend\AboutController))
 7 SYSTEMPATH\CodeIgniter.php(368): CodeIgniter\CodeIgniter->handleRequest(null, Object(Config\Cache), false)
 8 FCPATH\index.php(67): CodeIgniter\CodeIgniter->run()
 9 SYSTEMPATH\Commands\Server\rewrite.php(47): require_once('FCPATH\\index.php')
CRITICAL - 2023-02-25 06:13:43 --> Undefined property: stdClass::$our_motto
in APPPATH\Views\frontend\about\index.php on line 60.
 1 APPPATH\Views\frontend\about\index.php(60): CodeIgniter\Debug\Exceptions->errorHandler(2, 'Undefined property: stdClass::$our_motto', 'APPPATH\\Views\\frontend\\about\\index.php', 60)
 2 SYSTEMPATH\View\View.php(213): include('APPPATH\\Views\\frontend\\about\\index.php')
 3 SYSTEMPATH\View\View.php(216): CodeIgniter\View\View->CodeIgniter\View\{closure}()
 4 SYSTEMPATH\Common.php(1184): CodeIgniter\View\View->render('frontend/about/index', [], true)
 5 APPPATH\Controllers\Frontend\AboutController.php(50): view('frontend/about/index', [...])
 6 SYSTEMPATH\CodeIgniter.php(934): App\Controllers\Frontend\AboutController->index()
 7 SYSTEMPATH\CodeIgniter.php(499): CodeIgniter\CodeIgniter->runController(Object(App\Controllers\Frontend\AboutController))
 8 SYSTEMPATH\CodeIgniter.php(368): CodeIgniter\CodeIgniter->handleRequest(null, Object(Config\Cache), false)
 9 FCPATH\index.php(67): CodeIgniter\CodeIgniter->run()
10 SYSTEMPATH\Commands\Server\rewrite.php(47): require_once('FCPATH\\index.php')
CRITICAL - 2023-02-25 06:21:34 --> Invalid file: "frontend/doctor/index.php"
in SYSTEMPATH\Exceptions\FrameworkException.php on line 33.
 1 SYSTEMPATH\View\View.php(201): CodeIgniter\Exceptions\FrameworkException::forInvalidFile('frontend/doctor/index.php')
 2 SYSTEMPATH\Common.php(1184): CodeIgniter\View\View->render('frontend/doctor/index', [], true)
 3 APPPATH\Controllers\Frontend\DoctorController.php(48): view('frontend/doctor/index', [...])
 4 SYSTEMPATH\CodeIgniter.php(934): App\Controllers\Frontend\DoctorController->index()
 5 SYSTEMPATH\CodeIgniter.php(499): CodeIgniter\CodeIgniter->runController(Object(App\Controllers\Frontend\DoctorController))
 6 SYSTEMPATH\CodeIgniter.php(368): CodeIgniter\CodeIgniter->handleRequest(null, Object(Config\Cache), false)
 7 FCPATH\index.php(67): CodeIgniter\CodeIgniter->run()
 8 SYSTEMPATH\Commands\Server\rewrite.php(47): require_once('FCPATH\\index.php')
CRITICAL - 2023-02-25 06:34:27 --> Undefined property: stdClass::$answer
in APPPATH\Views\frontend\about\index.php on line 92.
 1 APPPATH\Views\frontend\about\index.php(92): CodeIgniter\Debug\Exceptions->errorHandler(2, 'Undefined property: stdClass::$answer', 'APPPATH\\Views\\frontend\\about\\index.php', 92)
 2 SYSTEMPATH\View\View.php(213): include('APPPATH\\Views\\frontend\\about\\index.php')
 3 SYSTEMPATH\View\View.php(216): CodeIgniter\View\View->CodeIgniter\View\{closure}()
 4 SYSTEMPATH\Common.php(1184): CodeIgniter\View\View->render('frontend/about/index', [], true)
 5 APPPATH\Controllers\Frontend\AboutController.php(54): view('frontend/about/index', [...])
 6 SYSTEMPATH\CodeIgniter.php(934): App\Controllers\Frontend\AboutController->index()
 7 SYSTEMPATH\CodeIgniter.php(499): CodeIgniter\CodeIgniter->runController(Object(App\Controllers\Frontend\AboutController))
 8 SYSTEMPATH\CodeIgniter.php(368): CodeIgniter\CodeIgniter->handleRequest(null, Object(Config\Cache), false)
 9 FCPATH\index.php(67): CodeIgniter\CodeIgniter->run()
10 SYSTEMPATH\Commands\Server\rewrite.php(47): require_once('FCPATH\\index.php')
CRITICAL - 2023-02-25 07:10:46 --> Undefined property: stdClass::$image
in APPPATH\Views\frontend\about\index.php on line 134.
 1 APPPATH\Views\frontend\about\index.php(134): CodeIgniter\Debug\Exceptions->errorHandler(2, 'Undefined property: stdClass::$image', 'APPPATH\\Views\\frontend\\about\\index.php', 134)
 2 SYSTEMPATH\View\View.php(213): include('APPPATH\\Views\\frontend\\about\\index.php')
 3 SYSTEMPATH\View\View.php(216): CodeIgniter\View\View->CodeIgniter\View\{closure}()
 4 SYSTEMPATH\Common.php(1184): CodeIgniter\View\View->render('frontend/about/index', [], true)
 5 APPPATH\Controllers\Frontend\AboutController.php(62): view('frontend/about/index', [...])
 6 SYSTEMPATH\CodeIgniter.php(934): App\Controllers\Frontend\AboutController->index()
 7 SYSTEMPATH\CodeIgniter.php(499): CodeIgniter\CodeIgniter->runController(Object(App\Controllers\Frontend\AboutController))
 8 SYSTEMPATH\CodeIgniter.php(368): CodeIgniter\CodeIgniter->handleRequest(null, Object(Config\Cache), false)
 9 FCPATH\index.php(67): CodeIgniter\CodeIgniter->run()
10 SYSTEMPATH\Commands\Server\rewrite.php(47): require_once('FCPATH\\index.php')
CRITICAL - 2023-02-25 07:12:39 --> Undefined property: stdClass::$short_description
in APPPATH\Views\frontend\about\index.php on line 140.
 1 APPPATH\Views\frontend\about\index.php(140): CodeIgniter\Debug\Exceptions->errorHandler(2, 'Undefined property: stdClass::$short_description', 'APPPATH\\Views\\frontend\\about\\index.php', 140)
 2 SYSTEMPATH\View\View.php(213): include('APPPATH\\Views\\frontend\\about\\index.php')
 3 SYSTEMPATH\View\View.php(216): CodeIgniter\View\View->CodeIgniter\View\{closure}()
 4 SYSTEMPATH\Common.php(1184): CodeIgniter\View\View->render('frontend/about/index', [], true)
 5 APPPATH\Controllers\Frontend\AboutController.php(62): view('frontend/about/index', [...])
 6 SYSTEMPATH\CodeIgniter.php(934): App\Controllers\Frontend\AboutController->index()
 7 SYSTEMPATH\CodeIgniter.php(499): CodeIgniter\CodeIgniter->runController(Object(App\Controllers\Frontend\AboutController))
 8 SYSTEMPATH\CodeIgniter.php(368): CodeIgniter\CodeIgniter->handleRequest(null, Object(Config\Cache), false)
 9 FCPATH\index.php(67): CodeIgniter\CodeIgniter->run()
10 SYSTEMPATH\Commands\Server\rewrite.php(47): require_once('FCPATH\\index.php')
CRITICAL - 2023-02-25 07:44:58 --> Invalid file: "frontend/doctor/index.php"
in SYSTEMPATH\Exceptions\FrameworkException.php on line 33.
 1 SYSTEMPATH\View\View.php(201): CodeIgniter\Exceptions\FrameworkException::forInvalidFile('frontend/doctor/index.php')
 2 SYSTEMPATH\Common.php(1184): CodeIgniter\View\View->render('frontend/doctor/index', [], true)
 3 APPPATH\Controllers\Frontend\DoctorController.php(48): view('frontend/doctor/index', [...])
 4 SYSTEMPATH\CodeIgniter.php(934): App\Controllers\Frontend\DoctorController->index()
 5 SYSTEMPATH\CodeIgniter.php(499): CodeIgniter\CodeIgniter->runController(Object(App\Controllers\Frontend\DoctorController))
 6 SYSTEMPATH\CodeIgniter.php(368): CodeIgniter\CodeIgniter->handleRequest(null, Object(Config\Cache), false)
 7 FCPATH\index.php(67): CodeIgniter\CodeIgniter->run()
 8 SYSTEMPATH\Commands\Server\rewrite.php(47): require_once('FCPATH\\index.php')
CRITICAL - 2023-02-25 07:55:51 --> Invalid file: "frontend/medical_care/index.php"
in SYSTEMPATH\Exceptions\FrameworkException.php on line 33.
 1 SYSTEMPATH\View\View.php(201): CodeIgniter\Exceptions\FrameworkException::forInvalidFile('frontend/medical_care/index.php')
 2 SYSTEMPATH\Common.php(1184): CodeIgniter\View\View->render('frontend/medical_care/index', [], true)
 3 APPPATH\Controllers\Frontend\MedicalCareController.php(48): view('frontend/medical_care/index', [...])
 4 SYSTEMPATH\CodeIgniter.php(934): App\Controllers\Frontend\MedicalCareController->index()
 5 SYSTEMPATH\CodeIgniter.php(499): CodeIgniter\CodeIgniter->runController(Object(App\Controllers\Frontend\MedicalCareController))
 6 SYSTEMPATH\CodeIgniter.php(368): CodeIgniter\CodeIgniter->handleRequest(null, Object(Config\Cache), false)
 7 FCPATH\index.php(67): CodeIgniter\CodeIgniter->run()
 8 SYSTEMPATH\Commands\Server\rewrite.php(47): require_once('FCPATH\\index.php')
CRITICAL - 2023-02-25 08:07:26 --> Invalid file: "frontend/medical_care/index.php"
in SYSTEMPATH\Exceptions\FrameworkException.php on line 33.
 1 SYSTEMPATH\View\View.php(201): CodeIgniter\Exceptions\FrameworkException::forInvalidFile('frontend/medical_care/index.php')
 2 SYSTEMPATH\Common.php(1184): CodeIgniter\View\View->render('frontend/medical_care/index', [], true)
 3 APPPATH\Controllers\Frontend\MedicalCareController.php(48): view('frontend/medical_care/index', [...])
 4 SYSTEMPATH\CodeIgniter.php(934): App\Controllers\Frontend\MedicalCareController->index()
 5 SYSTEMPATH\CodeIgniter.php(499): CodeIgniter\CodeIgniter->runController(Object(App\Controllers\Frontend\MedicalCareController))
 6 SYSTEMPATH\CodeIgniter.php(368): CodeIgniter\CodeIgniter->handleRequest(null, Object(Config\Cache), false)
 7 FCPATH\index.php(67): CodeIgniter\CodeIgniter->run()
 8 SYSTEMPATH\Commands\Server\rewrite.php(47): require_once('FCPATH\\index.php')
