INFO - 2023-02-27 07:06:30 --> Session: Class initialized using 'CodeIgniter\Session\Handlers\FileHandler' driver.
INFO - 2023-02-27 07:06:31 --> Session: Class initialized using 'CodeIgniter\Session\Handlers\FileHandler' driver.
INFO - 2023-02-27 07:06:39 --> Session: Class initialized using 'CodeIgniter\Session\Handlers\FileHandler' driver.
INFO - 2023-02-27 07:06:39 --> Session: Class initialized using 'CodeIgniter\Session\Handlers\FileHandler' driver.
INFO - 2023-02-27 07:08:07 --> Session: Class initialized using 'CodeIgniter\Session\Handlers\FileHandler' driver.
INFO - 2023-02-27 07:08:13 --> Session: Class initialized using 'CodeIgniter\Session\Handlers\FileHandler' driver.
INFO - 2023-02-27 07:08:58 --> Session: Class initialized using 'CodeIgniter\Session\Handlers\FileHandler' driver.
INFO - 2023-02-27 07:09:12 --> Session: Class initialized using 'CodeIgniter\Session\Handlers\FileHandler' driver.
INFO - 2023-02-27 07:09:41 --> Session: Class initialized using 'CodeIgniter\Session\Handlers\FileHandler' driver.
INFO - 2023-02-27 07:10:05 --> Session: Class initialized using 'CodeIgniter\Session\Handlers\FileHandler' driver.
INFO - 2023-02-27 07:10:19 --> Session: Class initialized using 'CodeIgniter\Session\Handlers\FileHandler' driver.
INFO - 2023-02-27 07:10:30 --> Session: Class initialized using 'CodeIgniter\Session\Handlers\FileHandler' driver.
INFO - 2023-02-27 07:10:44 --> Session: Class initialized using 'CodeIgniter\Session\Handlers\FileHandler' driver.
INFO - 2023-02-27 07:11:03 --> Session: Class initialized using 'CodeIgniter\Session\Handlers\FileHandler' driver.
INFO - 2023-02-27 07:11:11 --> Session: Class initialized using 'CodeIgniter\Session\Handlers\FileHandler' driver.
INFO - 2023-02-27 07:11:24 --> Session: Class initialized using 'CodeIgniter\Session\Handlers\FileHandler' driver.
INFO - 2023-02-27 07:11:33 --> Session: Class initialized using 'CodeIgniter\Session\Handlers\FileHandler' driver.
INFO - 2023-02-27 07:11:41 --> Session: Class initialized using 'CodeIgniter\Session\Handlers\FileHandler' driver.
INFO - 2023-02-27 07:12:45 --> Session: Class initialized using 'CodeIgniter\Session\Handlers\FileHandler' driver.
INFO - 2023-02-27 07:14:12 --> Session: Class initialized using 'CodeIgniter\Session\Handlers\FileHandler' driver.
INFO - 2023-02-27 07:17:24 --> Session: Class initialized using 'CodeIgniter\Session\Handlers\FileHandler' driver.
INFO - 2023-02-27 07:17:53 --> Session: Class initialized using 'CodeIgniter\Session\Handlers\FileHandler' driver.
INFO - 2023-02-27 07:18:36 --> Session: Class initialized using 'CodeIgniter\Session\Handlers\FileHandler' driver.
INFO - 2023-02-27 07:19:29 --> Session: Class initialized using 'CodeIgniter\Session\Handlers\FileHandler' driver.
INFO - 2023-02-27 07:20:15 --> Session: Class initialized using 'CodeIgniter\Session\Handlers\FileHandler' driver.
INFO - 2023-02-27 07:20:40 --> Session: Class initialized using 'CodeIgniter\Session\Handlers\FileHandler' driver.
INFO - 2023-02-27 07:21:23 --> Session: Class initialized using 'CodeIgniter\Session\Handlers\FileHandler' driver.
INFO - 2023-02-27 07:22:19 --> Session: Class initialized using 'CodeIgniter\Session\Handlers\FileHandler' driver.
INFO - 2023-02-27 07:22:23 --> Session: Class initialized using 'CodeIgniter\Session\Handlers\FileHandler' driver.
CRITICAL - 2023-02-27 07:22:23 --> Class "App\Models\ConfigAboutModel" not found
in APPPATH\Controllers\Extranet\ConfigController.php on line 16.
 1 SYSTEMPATH\CodeIgniter.php(934): App\Controllers\Extranet\ConfigController->index()
 2 SYSTEMPATH\CodeIgniter.php(499): CodeIgniter\CodeIgniter->runController(Object(App\Controllers\Extranet\ConfigController))
 3 SYSTEMPATH\CodeIgniter.php(368): CodeIgniter\CodeIgniter->handleRequest(null, Object(Config\Cache), false)
 4 FCPATH\index.php(67): CodeIgniter\CodeIgniter->run()
 5 SYSTEMPATH\Commands\Server\rewrite.php(47): require_once('FCPATH\\index.php')
INFO - 2023-02-27 07:22:27 --> Session: Class initialized using 'CodeIgniter\Session\Handlers\FileHandler' driver.
INFO - 2023-02-27 07:25:35 --> Session: Class initialized using 'CodeIgniter\Session\Handlers\FileHandler' driver.
INFO - 2023-02-27 07:28:54 --> Session: Class initialized using 'CodeIgniter\Session\Handlers\FileHandler' driver.
INFO - 2023-02-27 07:29:03 --> Session: Class initialized using 'CodeIgniter\Session\Handlers\FileHandler' driver.
INFO - 2023-02-27 07:29:09 --> Session: Class initialized using 'CodeIgniter\Session\Handlers\FileHandler' driver.
INFO - 2023-02-27 07:29:12 --> Session: Class initialized using 'CodeIgniter\Session\Handlers\FileHandler' driver.
INFO - 2023-02-27 07:29:28 --> Session: Class initialized using 'CodeIgniter\Session\Handlers\FileHandler' driver.
INFO - 2023-02-27 07:29:31 --> Session: Class initialized using 'CodeIgniter\Session\Handlers\FileHandler' driver.
INFO - 2023-02-27 07:30:09 --> Session: Class initialized using 'CodeIgniter\Session\Handlers\FileHandler' driver.
INFO - 2023-02-27 07:30:25 --> Session: Class initialized using 'CodeIgniter\Session\Handlers\FileHandler' driver.
INFO - 2023-02-27 07:30:44 --> Session: Class initialized using 'CodeIgniter\Session\Handlers\FileHandler' driver.
INFO - 2023-02-27 07:43:59 --> Session: Class initialized using 'CodeIgniter\Session\Handlers\FileHandler' driver.
INFO - 2023-02-27 07:44:03 --> Session: Class initialized using 'CodeIgniter\Session\Handlers\FileHandler' driver.
INFO - 2023-02-27 07:44:05 --> Session: Class initialized using 'CodeIgniter\Session\Handlers\FileHandler' driver.
CRITICAL - 2023-02-27 07:44:05 --> Class "App\Models\ConfigAboutModel" not found
in APPPATH\Controllers\Extranet\GeneralConfigController.php on line 16.
 1 SYSTEMPATH\CodeIgniter.php(934): App\Controllers\Extranet\GeneralConfigController->index()
 2 SYSTEMPATH\CodeIgniter.php(499): CodeIgniter\CodeIgniter->runController(Object(App\Controllers\Extranet\GeneralConfigController))
 3 SYSTEMPATH\CodeIgniter.php(368): CodeIgniter\CodeIgniter->handleRequest(null, Object(Config\Cache), false)
 4 FCPATH\index.php(67): CodeIgniter\CodeIgniter->run()
 5 SYSTEMPATH\Commands\Server\rewrite.php(47): require_once('FCPATH\\index.php')
INFO - 2023-02-27 07:44:07 --> Session: Class initialized using 'CodeIgniter\Session\Handlers\FileHandler' driver.
INFO - 2023-02-27 07:45:07 --> Session: Class initialized using 'CodeIgniter\Session\Handlers\FileHandler' driver.
CRITICAL - 2023-02-27 07:45:07 --> Class "App\Controllers\Extranet\GeneralConfigModel" not found
in APPPATH\Controllers\Extranet\GeneralConfigController.php on line 13.
 1 SYSTEMPATH\CodeIgniter.php(934): App\Controllers\Extranet\GeneralConfigController->index()
 2 SYSTEMPATH\CodeIgniter.php(499): CodeIgniter\CodeIgniter->runController(Object(App\Controllers\Extranet\GeneralConfigController))
 3 SYSTEMPATH\CodeIgniter.php(368): CodeIgniter\CodeIgniter->handleRequest(null, Object(Config\Cache), false)
 4 FCPATH\index.php(67): CodeIgniter\CodeIgniter->run()
 5 SYSTEMPATH\Commands\Server\rewrite.php(47): require_once('FCPATH\\index.php')
INFO - 2023-02-27 07:45:24 --> Session: Class initialized using 'CodeIgniter\Session\Handlers\FileHandler' driver.
CRITICAL - 2023-02-27 07:45:24 --> Undefined variable $config_about
in APPPATH\Views\extranet\config\index.php on line 189.
 1 APPPATH\Views\extranet\config\index.php(189): CodeIgniter\Debug\Exceptions->errorHandler(2, 'Undefined variable $config_about', 'APPPATH\\Views\\extranet\\config\\index.php', 189)
 2 SYSTEMPATH\View\View.php(213): include('APPPATH\\Views\\extranet\\config\\index.php')
 3 SYSTEMPATH\View\View.php(216): CodeIgniter\View\View->CodeIgniter\View\{closure}()
 4 SYSTEMPATH\Common.php(1184): CodeIgniter\View\View->render('extranet/config/index', [], true)
 5 APPPATH\Controllers\Extranet\GeneralConfigController.php(16): view('extranet/config/index', [...])
 6 SYSTEMPATH\CodeIgniter.php(934): App\Controllers\Extranet\GeneralConfigController->index()
 7 SYSTEMPATH\CodeIgniter.php(499): CodeIgniter\CodeIgniter->runController(Object(App\Controllers\Extranet\GeneralConfigController))
 8 SYSTEMPATH\CodeIgniter.php(368): CodeIgniter\CodeIgniter->handleRequest(null, Object(Config\Cache), false)
 9 FCPATH\index.php(67): CodeIgniter\CodeIgniter->run()
10 SYSTEMPATH\Commands\Server\rewrite.php(47): require_once('FCPATH\\index.php')
INFO - 2023-02-27 07:48:50 --> Session: Class initialized using 'CodeIgniter\Session\Handlers\FileHandler' driver.
INFO - 2023-02-27 07:49:37 --> Session: Class initialized using 'CodeIgniter\Session\Handlers\FileHandler' driver.
INFO - 2023-02-27 07:49:38 --> Session: Class initialized using 'CodeIgniter\Session\Handlers\FileHandler' driver.
INFO - 2023-02-27 07:49:40 --> Session: Class initialized using 'CodeIgniter\Session\Handlers\FileHandler' driver.
CRITICAL - 2023-02-27 07:49:40 --> Undefined variable $config_about
in APPPATH\Views\extranet\config\index.php on line 189.
 1 APPPATH\Views\extranet\config\index.php(189): CodeIgniter\Debug\Exceptions->errorHandler(2, 'Undefined variable $config_about', 'APPPATH\\Views\\extranet\\config\\index.php', 189)
 2 SYSTEMPATH\View\View.php(213): include('APPPATH\\Views\\extranet\\config\\index.php')
 3 SYSTEMPATH\View\View.php(216): CodeIgniter\View\View->CodeIgniter\View\{closure}()
 4 SYSTEMPATH\Common.php(1184): CodeIgniter\View\View->render('extranet/config/index', [], true)
 5 APPPATH\Controllers\Extranet\ConfigController.php(16): view('extranet/config/index', [...])
 6 SYSTEMPATH\CodeIgniter.php(934): App\Controllers\Extranet\ConfigController->index()
 7 SYSTEMPATH\CodeIgniter.php(499): CodeIgniter\CodeIgniter->runController(Object(App\Controllers\Extranet\ConfigController))
 8 SYSTEMPATH\CodeIgniter.php(368): CodeIgniter\CodeIgniter->handleRequest(null, Object(Config\Cache), false)
 9 FCPATH\index.php(67): CodeIgniter\CodeIgniter->run()
10 SYSTEMPATH\Commands\Server\rewrite.php(47): require_once('FCPATH\\index.php')
INFO - 2023-02-27 08:03:56 --> Session: Class initialized using 'CodeIgniter\Session\Handlers\FileHandler' driver.
CRITICAL - 2023-02-27 08:03:56 --> Undefined variable $config_about
in APPPATH\Views\extranet\config\index.php on line 189.
 1 APPPATH\Views\extranet\config\index.php(189): CodeIgniter\Debug\Exceptions->errorHandler(2, 'Undefined variable $config_about', 'APPPATH\\Views\\extranet\\config\\index.php', 189)
 2 SYSTEMPATH\View\View.php(213): include('APPPATH\\Views\\extranet\\config\\index.php')
 3 SYSTEMPATH\View\View.php(216): CodeIgniter\View\View->CodeIgniter\View\{closure}()
 4 SYSTEMPATH\Common.php(1184): CodeIgniter\View\View->render('extranet/config/index', [], true)
 5 APPPATH\Controllers\Extranet\ConfigController.php(16): view('extranet/config/index', [...])
 6 SYSTEMPATH\CodeIgniter.php(934): App\Controllers\Extranet\ConfigController->index()
 7 SYSTEMPATH\CodeIgniter.php(499): CodeIgniter\CodeIgniter->runController(Object(App\Controllers\Extranet\ConfigController))
 8 SYSTEMPATH\CodeIgniter.php(368): CodeIgniter\CodeIgniter->handleRequest(null, Object(Config\Cache), false)
 9 FCPATH\index.php(67): CodeIgniter\CodeIgniter->run()
10 SYSTEMPATH\Commands\Server\rewrite.php(47): require_once('FCPATH\\index.php')
INFO - 2023-02-27 08:06:19 --> Session: Class initialized using 'CodeIgniter\Session\Handlers\FileHandler' driver.
CRITICAL - 2023-02-27 08:06:19 --> Undefined variable $config_about
in APPPATH\Views\extranet\config\index.php on line 189.
 1 APPPATH\Views\extranet\config\index.php(189): CodeIgniter\Debug\Exceptions->errorHandler(2, 'Undefined variable $config_about', 'APPPATH\\Views\\extranet\\config\\index.php', 189)
 2 SYSTEMPATH\View\View.php(213): include('APPPATH\\Views\\extranet\\config\\index.php')
 3 SYSTEMPATH\View\View.php(216): CodeIgniter\View\View->CodeIgniter\View\{closure}()
 4 SYSTEMPATH\Common.php(1184): CodeIgniter\View\View->render('extranet/config/index', [], true)
 5 APPPATH\Controllers\Extranet\ConfigController.php(16): view('extranet/config/index', [...])
 6 SYSTEMPATH\CodeIgniter.php(934): App\Controllers\Extranet\ConfigController->index()
 7 SYSTEMPATH\CodeIgniter.php(499): CodeIgniter\CodeIgniter->runController(Object(App\Controllers\Extranet\ConfigController))
 8 SYSTEMPATH\CodeIgniter.php(368): CodeIgniter\CodeIgniter->handleRequest(null, Object(Config\Cache), false)
 9 FCPATH\index.php(67): CodeIgniter\CodeIgniter->run()
10 SYSTEMPATH\Commands\Server\rewrite.php(47): require_once('FCPATH\\index.php')
CRITICAL - 2023-02-27 08:30:43 --> Undefined property: stdClass::$name
in APPPATH\Views\frontend\contact\index.php on line 136.
 1 APPPATH\Views\frontend\contact\index.php(136): CodeIgniter\Debug\Exceptions->errorHandler(2, 'Undefined property: stdClass::$name', 'APPPATH\\Views\\frontend\\contact\\index.php', 136)
 2 SYSTEMPATH\View\View.php(213): include('APPPATH\\Views\\frontend\\contact\\index.php')
 3 SYSTEMPATH\View\View.php(216): CodeIgniter\View\View->CodeIgniter\View\{closure}()
 4 SYSTEMPATH\Common.php(1184): CodeIgniter\View\View->render('frontend/contact/index', [], true)
 5 APPPATH\Controllers\Frontend\ContactController.php(44): view('frontend/contact/index', [...])
 6 SYSTEMPATH\CodeIgniter.php(934): App\Controllers\Frontend\ContactController->index()
 7 SYSTEMPATH\CodeIgniter.php(499): CodeIgniter\CodeIgniter->runController(Object(App\Controllers\Frontend\ContactController))
 8 SYSTEMPATH\CodeIgniter.php(368): CodeIgniter\CodeIgniter->handleRequest(null, Object(Config\Cache), false)
 9 FCPATH\index.php(67): CodeIgniter\CodeIgniter->run()
10 SYSTEMPATH\Commands\Server\rewrite.php(47): require_once('FCPATH\\index.php')
INFO - 2023-02-27 08:33:17 --> Session: Class initialized using 'CodeIgniter\Session\Handlers\FileHandler' driver.
INFO - 2023-02-27 08:33:18 --> Session: Class initialized using 'CodeIgniter\Session\Handlers\FileHandler' driver.
INFO - 2023-02-27 08:33:20 --> Session: Class initialized using 'CodeIgniter\Session\Handlers\FileHandler' driver.
INFO - 2023-02-27 08:34:34 --> Session: Class initialized using 'CodeIgniter\Session\Handlers\FileHandler' driver.
INFO - 2023-02-27 08:42:11 --> Session: Class initialized using 'CodeIgniter\Session\Handlers\FileHandler' driver.
CRITICAL - 2023-02-27 09:02:42 --> Undefined property: stdClass::$phone
in APPPATH\Views\frontend\contact\index.php on line 148.
 1 APPPATH\Views\frontend\contact\index.php(148): CodeIgniter\Debug\Exceptions->errorHandler(2, 'Undefined property: stdClass::$phone', 'APPPATH\\Views\\frontend\\contact\\index.php', 148)
 2 SYSTEMPATH\View\View.php(213): include('APPPATH\\Views\\frontend\\contact\\index.php')
 3 SYSTEMPATH\View\View.php(216): CodeIgniter\View\View->CodeIgniter\View\{closure}()
 4 SYSTEMPATH\Common.php(1184): CodeIgniter\View\View->render('frontend/contact/index', [], true)
 5 APPPATH\Controllers\Frontend\ContactController.php(44): view('frontend/contact/index', [...])
 6 SYSTEMPATH\CodeIgniter.php(934): App\Controllers\Frontend\ContactController->index()
 7 SYSTEMPATH\CodeIgniter.php(499): CodeIgniter\CodeIgniter->runController(Object(App\Controllers\Frontend\ContactController))
 8 SYSTEMPATH\CodeIgniter.php(368): CodeIgniter\CodeIgniter->handleRequest(null, Object(Config\Cache), false)
 9 FCPATH\index.php(67): CodeIgniter\CodeIgniter->run()
10 SYSTEMPATH\Commands\Server\rewrite.php(47): require_once('FCPATH\\index.php')
CRITICAL - 2023-02-27 09:02:45 --> Undefined property: stdClass::$phone
in APPPATH\Views\frontend\contact\index.php on line 148.
 1 APPPATH\Views\frontend\contact\index.php(148): CodeIgniter\Debug\Exceptions->errorHandler(2, 'Undefined property: stdClass::$phone', 'APPPATH\\Views\\frontend\\contact\\index.php', 148)
 2 SYSTEMPATH\View\View.php(213): include('APPPATH\\Views\\frontend\\contact\\index.php')
 3 SYSTEMPATH\View\View.php(216): CodeIgniter\View\View->CodeIgniter\View\{closure}()
 4 SYSTEMPATH\Common.php(1184): CodeIgniter\View\View->render('frontend/contact/index', [], true)
 5 APPPATH\Controllers\Frontend\ContactController.php(44): view('frontend/contact/index', [...])
 6 SYSTEMPATH\CodeIgniter.php(934): App\Controllers\Frontend\ContactController->index()
 7 SYSTEMPATH\CodeIgniter.php(499): CodeIgniter\CodeIgniter->runController(Object(App\Controllers\Frontend\ContactController))
 8 SYSTEMPATH\CodeIgniter.php(368): CodeIgniter\CodeIgniter->handleRequest(null, Object(Config\Cache), false)
 9 FCPATH\index.php(67): CodeIgniter\CodeIgniter->run()
10 SYSTEMPATH\Commands\Server\rewrite.php(47): require_once('FCPATH\\index.php')
CRITICAL - 2023-02-27 09:04:29 --> Undefined property: stdClass::$make_appointment_text_title
in APPPATH\Views\frontend\medical_care\index.php on line 188.
 1 APPPATH\Views\frontend\medical_care\index.php(188): CodeIgniter\Debug\Exceptions->errorHandler(2, 'Undefined property: stdClass::$make_appointment_text_title', 'APPPATH\\Views\\frontend\\medical_care\\index.php', 188)
 2 SYSTEMPATH\View\View.php(213): include('APPPATH\\Views\\frontend\\medical_care\\index.php')
 3 SYSTEMPATH\View\View.php(216): CodeIgniter\View\View->CodeIgniter\View\{closure}()
 4 SYSTEMPATH\Common.php(1184): CodeIgniter\View\View->render('frontend/medical_care/index', [], true)
 5 APPPATH\Controllers\Frontend\MedicalCareController.php(62): view('frontend/medical_care/index', [...])
 6 SYSTEMPATH\CodeIgniter.php(934): App\Controllers\Frontend\MedicalCareController->index()
 7 SYSTEMPATH\CodeIgniter.php(499): CodeIgniter\CodeIgniter->runController(Object(App\Controllers\Frontend\MedicalCareController))
 8 SYSTEMPATH\CodeIgniter.php(368): CodeIgniter\CodeIgniter->handleRequest(null, Object(Config\Cache), false)
 9 FCPATH\index.php(67): CodeIgniter\CodeIgniter->run()
10 SYSTEMPATH\Commands\Server\rewrite.php(47): require_once('FCPATH\\index.php')
INFO - 2023-02-27 09:17:05 --> Session: Class initialized using 'CodeIgniter\Session\Handlers\FileHandler' driver.
INFO - 2023-02-27 09:17:05 --> Session: Class initialized using 'CodeIgniter\Session\Handlers\FileHandler' driver.
INFO - 2023-02-27 09:17:11 --> Session: Class initialized using 'CodeIgniter\Session\Handlers\FileHandler' driver.
INFO - 2023-02-27 09:17:13 --> Session: Class initialized using 'CodeIgniter\Session\Handlers\FileHandler' driver.
CRITICAL - 2023-02-27 09:26:48 --> Undefined property: stdClass::$phone
in APPPATH\Views\frontend\contact\index.php on line 148.
 1 APPPATH\Views\frontend\contact\index.php(148): CodeIgniter\Debug\Exceptions->errorHandler(2, 'Undefined property: stdClass::$phone', 'APPPATH\\Views\\frontend\\contact\\index.php', 148)
 2 SYSTEMPATH\View\View.php(213): include('APPPATH\\Views\\frontend\\contact\\index.php')
 3 SYSTEMPATH\View\View.php(216): CodeIgniter\View\View->CodeIgniter\View\{closure}()
 4 SYSTEMPATH\Common.php(1184): CodeIgniter\View\View->render('frontend/contact/index', [], true)
 5 APPPATH\Controllers\Frontend\ContactController.php(44): view('frontend/contact/index', [...])
 6 SYSTEMPATH\CodeIgniter.php(934): App\Controllers\Frontend\ContactController->index()
 7 SYSTEMPATH\CodeIgniter.php(499): CodeIgniter\CodeIgniter->runController(Object(App\Controllers\Frontend\ContactController))
 8 SYSTEMPATH\CodeIgniter.php(368): CodeIgniter\CodeIgniter->handleRequest(null, Object(Config\Cache), false)
 9 FCPATH\index.php(67): CodeIgniter\CodeIgniter->run()
10 SYSTEMPATH\Commands\Server\rewrite.php(47): require_once('FCPATH\\index.php')
CRITICAL - 2023-02-27 09:32:01 --> Undefined property: stdClass::$twitter
in APPPATH\Views\frontend\contact\index.php on line 166.
 1 APPPATH\Views\frontend\contact\index.php(166): CodeIgniter\Debug\Exceptions->errorHandler(2, 'Undefined property: stdClass::$twitter', 'APPPATH\\Views\\frontend\\contact\\index.php', 166)
 2 SYSTEMPATH\View\View.php(213): include('APPPATH\\Views\\frontend\\contact\\index.php')
 3 SYSTEMPATH\View\View.php(216): CodeIgniter\View\View->CodeIgniter\View\{closure}()
 4 SYSTEMPATH\Common.php(1184): CodeIgniter\View\View->render('frontend/contact/index', [], true)
 5 APPPATH\Controllers\Frontend\ContactController.php(44): view('frontend/contact/index', [...])
 6 SYSTEMPATH\CodeIgniter.php(934): App\Controllers\Frontend\ContactController->index()
 7 SYSTEMPATH\CodeIgniter.php(499): CodeIgniter\CodeIgniter->runController(Object(App\Controllers\Frontend\ContactController))
 8 SYSTEMPATH\CodeIgniter.php(368): CodeIgniter\CodeIgniter->handleRequest(null, Object(Config\Cache), false)
 9 FCPATH\index.php(67): CodeIgniter\CodeIgniter->run()
10 SYSTEMPATH\Commands\Server\rewrite.php(47): require_once('FCPATH\\index.php')
CRITICAL - 2023-02-27 09:32:20 --> Undefined property: stdClass::$googleplus
in APPPATH\Views\frontend\contact\index.php on line 172.
 1 APPPATH\Views\frontend\contact\index.php(172): CodeIgniter\Debug\Exceptions->errorHandler(2, 'Undefined property: stdClass::$googleplus', 'APPPATH\\Views\\frontend\\contact\\index.php', 172)
 2 SYSTEMPATH\View\View.php(213): include('APPPATH\\Views\\frontend\\contact\\index.php')
 3 SYSTEMPATH\View\View.php(216): CodeIgniter\View\View->CodeIgniter\View\{closure}()
 4 SYSTEMPATH\Common.php(1184): CodeIgniter\View\View->render('frontend/contact/index', [], true)
 5 APPPATH\Controllers\Frontend\ContactController.php(44): view('frontend/contact/index', [...])
 6 SYSTEMPATH\CodeIgniter.php(934): App\Controllers\Frontend\ContactController->index()
 7 SYSTEMPATH\CodeIgniter.php(499): CodeIgniter\CodeIgniter->runController(Object(App\Controllers\Frontend\ContactController))
 8 SYSTEMPATH\CodeIgniter.php(368): CodeIgniter\CodeIgniter->handleRequest(null, Object(Config\Cache), false)
 9 FCPATH\index.php(67): CodeIgniter\CodeIgniter->run()
10 SYSTEMPATH\Commands\Server\rewrite.php(47): require_once('FCPATH\\index.php')
CRITICAL - 2023-02-27 09:32:23 --> Undefined property: stdClass::$googleplus
in APPPATH\Views\frontend\contact\index.php on line 172.
 1 APPPATH\Views\frontend\contact\index.php(172): CodeIgniter\Debug\Exceptions->errorHandler(2, 'Undefined property: stdClass::$googleplus', 'APPPATH\\Views\\frontend\\contact\\index.php', 172)
 2 SYSTEMPATH\View\View.php(213): include('APPPATH\\Views\\frontend\\contact\\index.php')
 3 SYSTEMPATH\View\View.php(216): CodeIgniter\View\View->CodeIgniter\View\{closure}()
 4 SYSTEMPATH\Common.php(1184): CodeIgniter\View\View->render('frontend/contact/index', [], true)
 5 APPPATH\Controllers\Frontend\ContactController.php(44): view('frontend/contact/index', [...])
 6 SYSTEMPATH\CodeIgniter.php(934): App\Controllers\Frontend\ContactController->index()
 7 SYSTEMPATH\CodeIgniter.php(499): CodeIgniter\CodeIgniter->runController(Object(App\Controllers\Frontend\ContactController))
 8 SYSTEMPATH\CodeIgniter.php(368): CodeIgniter\CodeIgniter->handleRequest(null, Object(Config\Cache), false)
 9 FCPATH\index.php(67): CodeIgniter\CodeIgniter->run()
10 SYSTEMPATH\Commands\Server\rewrite.php(47): require_once('FCPATH\\index.php')
