ERROR - 2023-03-05 03:47:59 --> mysqli_sql_exception: Table 'nadi-clinic001.dodiclinic001_config' doesn't exist in C:\xampp8-2-0\htdocs\nadi-clinic001\system\Database\MySQLi\Connection.php:295
Stack trace:
#0 C:\xampp8-2-0\htdocs\nadi-clinic001\system\Database\MySQLi\Connection.php(295): mysqli->query('SELECT *\nFROM `...', 0)
#1 C:\xampp8-2-0\htdocs\nadi-clinic001\system\Database\BaseConnection.php(691): CodeIgniter\Database\MySQLi\Connection->execute('SELECT *\nFROM `...')
#2 C:\xampp8-2-0\htdocs\nadi-clinic001\system\Database\BaseConnection.php(605): CodeIgniter\Database\BaseConnection->simpleQuery('SELECT *\nFROM `...')
#3 C:\xampp8-2-0\htdocs\nadi-clinic001\system\Database\BaseBuilder.php(1616): CodeIgniter\Database\BaseConnection->query('SELECT *\nFROM `...', Array, false)
#4 C:\xampp8-2-0\htdocs\nadi-clinic001\app\Controllers\Frontend\HomeController.php(65): CodeIgniter\Database\BaseBuilder->get()
#5 C:\xampp8-2-0\htdocs\nadi-clinic001\system\CodeIgniter.php(934): App\Controllers\Frontend\Homecontroller->test('dodi')
#6 C:\xampp8-2-0\htdocs\nadi-clinic001\system\CodeIgniter.php(499): CodeIgniter\CodeIgniter->runController(Object(App\Controllers\Frontend\Homecontroller))
#7 C:\xampp8-2-0\htdocs\nadi-clinic001\system\CodeIgniter.php(368): CodeIgniter\CodeIgniter->handleRequest(NULL, Object(Config\Cache), false)
#8 C:\xampp8-2-0\htdocs\nadi-clinic001\public\index.php(67): CodeIgniter\CodeIgniter->run()
#9 C:\xampp8-2-0\htdocs\nadi-clinic001\system\Commands\Server\rewrite.php(47): require_once('C:\\xampp8-2-0\\h...')
#10 {main}
CRITICAL - 2023-03-05 03:47:59 --> Table 'nadi-clinic001.dodiclinic001_config' doesn't exist
in SYSTEMPATH\Database\BaseConnection.php on line 645.
 1 SYSTEMPATH\Database\BaseBuilder.php(1616): CodeIgniter\Database\BaseConnection->query('SELECT *
FROM `dodiclinic001_config`', [], false)
 2 APPPATH\Controllers\Frontend\HomeController.php(65): CodeIgniter\Database\BaseBuilder->get()
 3 SYSTEMPATH\CodeIgniter.php(934): App\Controllers\Frontend\Homecontroller->test('dodi')
 4 SYSTEMPATH\CodeIgniter.php(499): CodeIgniter\CodeIgniter->runController(Object(App\Controllers\Frontend\Homecontroller))
 5 SYSTEMPATH\CodeIgniter.php(368): CodeIgniter\CodeIgniter->handleRequest(null, Object(Config\Cache), false)
 6 FCPATH\index.php(67): CodeIgniter\CodeIgniter->run()
 7 SYSTEMPATH\Commands\Server\rewrite.php(47): require_once('FCPATH\\index.php')
ERROR - 2023-03-05 03:48:30 --> mysqli_sql_exception: Table 'nadi-clinic001.dodi_clinic001_config' doesn't exist in C:\xampp8-2-0\htdocs\nadi-clinic001\system\Database\MySQLi\Connection.php:295
Stack trace:
#0 C:\xampp8-2-0\htdocs\nadi-clinic001\system\Database\MySQLi\Connection.php(295): mysqli->query('SELECT *\nFROM `...', 0)
#1 C:\xampp8-2-0\htdocs\nadi-clinic001\system\Database\BaseConnection.php(691): CodeIgniter\Database\MySQLi\Connection->execute('SELECT *\nFROM `...')
#2 C:\xampp8-2-0\htdocs\nadi-clinic001\system\Database\BaseConnection.php(605): CodeIgniter\Database\BaseConnection->simpleQuery('SELECT *\nFROM `...')
#3 C:\xampp8-2-0\htdocs\nadi-clinic001\system\Database\BaseBuilder.php(1616): CodeIgniter\Database\BaseConnection->query('SELECT *\nFROM `...', Array, false)
#4 C:\xampp8-2-0\htdocs\nadi-clinic001\app\Controllers\Frontend\HomeController.php(65): CodeIgniter\Database\BaseBuilder->get()
#5 C:\xampp8-2-0\htdocs\nadi-clinic001\system\CodeIgniter.php(934): App\Controllers\Frontend\Homecontroller->test('dodi')
#6 C:\xampp8-2-0\htdocs\nadi-clinic001\system\CodeIgniter.php(499): CodeIgniter\CodeIgniter->runController(Object(App\Controllers\Frontend\Homecontroller))
#7 C:\xampp8-2-0\htdocs\nadi-clinic001\system\CodeIgniter.php(368): CodeIgniter\CodeIgniter->handleRequest(NULL, Object(Config\Cache), false)
#8 C:\xampp8-2-0\htdocs\nadi-clinic001\public\index.php(67): CodeIgniter\CodeIgniter->run()
#9 C:\xampp8-2-0\htdocs\nadi-clinic001\system\Commands\Server\rewrite.php(47): require_once('C:\\xampp8-2-0\\h...')
#10 {main}
CRITICAL - 2023-03-05 03:48:30 --> Table 'nadi-clinic001.dodi_clinic001_config' doesn't exist
in SYSTEMPATH\Database\BaseConnection.php on line 645.
 1 SYSTEMPATH\Database\BaseBuilder.php(1616): CodeIgniter\Database\BaseConnection->query('SELECT *
FROM `dodi_clinic001_config`', [], false)
 2 APPPATH\Controllers\Frontend\HomeController.php(65): CodeIgniter\Database\BaseBuilder->get()
 3 SYSTEMPATH\CodeIgniter.php(934): App\Controllers\Frontend\Homecontroller->test('dodi')
 4 SYSTEMPATH\CodeIgniter.php(499): CodeIgniter\CodeIgniter->runController(Object(App\Controllers\Frontend\Homecontroller))
 5 SYSTEMPATH\CodeIgniter.php(368): CodeIgniter\CodeIgniter->handleRequest(null, Object(Config\Cache), false)
 6 FCPATH\index.php(67): CodeIgniter\CodeIgniter->run()
 7 SYSTEMPATH\Commands\Server\rewrite.php(47): require_once('FCPATH\\index.php')
ERROR - 2023-03-05 03:48:57 --> mysqli_sql_exception: Table 'nadi-clinic001.dodi_clinic001_config' doesn't exist in C:\xampp8-2-0\htdocs\nadi-clinic001\system\Database\MySQLi\Connection.php:295
Stack trace:
#0 C:\xampp8-2-0\htdocs\nadi-clinic001\system\Database\MySQLi\Connection.php(295): mysqli->query('SELECT *\nFROM `...', 0)
#1 C:\xampp8-2-0\htdocs\nadi-clinic001\system\Database\BaseConnection.php(691): CodeIgniter\Database\MySQLi\Connection->execute('SELECT *\nFROM `...')
#2 C:\xampp8-2-0\htdocs\nadi-clinic001\system\Database\BaseConnection.php(605): CodeIgniter\Database\BaseConnection->simpleQuery('SELECT *\nFROM `...')
#3 C:\xampp8-2-0\htdocs\nadi-clinic001\system\Database\BaseBuilder.php(1616): CodeIgniter\Database\BaseConnection->query('SELECT *\nFROM `...', Array, false)
#4 C:\xampp8-2-0\htdocs\nadi-clinic001\app\Controllers\Frontend\HomeController.php(65): CodeIgniter\Database\BaseBuilder->get()
#5 C:\xampp8-2-0\htdocs\nadi-clinic001\system\CodeIgniter.php(934): App\Controllers\Frontend\Homecontroller->test('dodi')
#6 C:\xampp8-2-0\htdocs\nadi-clinic001\system\CodeIgniter.php(499): CodeIgniter\CodeIgniter->runController(Object(App\Controllers\Frontend\Homecontroller))
#7 C:\xampp8-2-0\htdocs\nadi-clinic001\system\CodeIgniter.php(368): CodeIgniter\CodeIgniter->handleRequest(NULL, Object(Config\Cache), false)
#8 C:\xampp8-2-0\htdocs\nadi-clinic001\public\index.php(67): CodeIgniter\CodeIgniter->run()
#9 C:\xampp8-2-0\htdocs\nadi-clinic001\system\Commands\Server\rewrite.php(47): require_once('C:\\xampp8-2-0\\h...')
#10 {main}
CRITICAL - 2023-03-05 03:48:57 --> Table 'nadi-clinic001.dodi_clinic001_config' doesn't exist
in SYSTEMPATH\Database\BaseConnection.php on line 645.
 1 SYSTEMPATH\Database\BaseBuilder.php(1616): CodeIgniter\Database\BaseConnection->query('SELECT *
FROM `dodi_clinic001_config`', [], false)
 2 APPPATH\Controllers\Frontend\HomeController.php(65): CodeIgniter\Database\BaseBuilder->get()
 3 SYSTEMPATH\CodeIgniter.php(934): App\Controllers\Frontend\Homecontroller->test('dodi')
 4 SYSTEMPATH\CodeIgniter.php(499): CodeIgniter\CodeIgniter->runController(Object(App\Controllers\Frontend\Homecontroller))
 5 SYSTEMPATH\CodeIgniter.php(368): CodeIgniter\CodeIgniter->handleRequest(null, Object(Config\Cache), false)
 6 FCPATH\index.php(67): CodeIgniter\CodeIgniter->run()
 7 SYSTEMPATH\Commands\Server\rewrite.php(47): require_once('FCPATH\\index.php')
ERROR - 2023-03-05 03:49:18 --> mysqli_sql_exception: Table 'nadi-clinic001.dodi_clinic001_config' doesn't exist in C:\xampp8-2-0\htdocs\nadi-clinic001\system\Database\MySQLi\Connection.php:295
Stack trace:
#0 C:\xampp8-2-0\htdocs\nadi-clinic001\system\Database\MySQLi\Connection.php(295): mysqli->query('SELECT *\nFROM `...', 0)
#1 C:\xampp8-2-0\htdocs\nadi-clinic001\system\Database\BaseConnection.php(691): CodeIgniter\Database\MySQLi\Connection->execute('SELECT *\nFROM `...')
#2 C:\xampp8-2-0\htdocs\nadi-clinic001\system\Database\BaseConnection.php(605): CodeIgniter\Database\BaseConnection->simpleQuery('SELECT *\nFROM `...')
#3 C:\xampp8-2-0\htdocs\nadi-clinic001\system\Database\BaseBuilder.php(1616): CodeIgniter\Database\BaseConnection->query('SELECT *\nFROM `...', Array, false)
#4 C:\xampp8-2-0\htdocs\nadi-clinic001\app\Controllers\Frontend\HomeController.php(65): CodeIgniter\Database\BaseBuilder->get()
#5 C:\xampp8-2-0\htdocs\nadi-clinic001\system\CodeIgniter.php(934): App\Controllers\Frontend\Homecontroller->test('dodi')
#6 C:\xampp8-2-0\htdocs\nadi-clinic001\system\CodeIgniter.php(499): CodeIgniter\CodeIgniter->runController(Object(App\Controllers\Frontend\Homecontroller))
#7 C:\xampp8-2-0\htdocs\nadi-clinic001\system\CodeIgniter.php(368): CodeIgniter\CodeIgniter->handleRequest(NULL, Object(Config\Cache), false)
#8 C:\xampp8-2-0\htdocs\nadi-clinic001\public\index.php(67): CodeIgniter\CodeIgniter->run()
#9 C:\xampp8-2-0\htdocs\nadi-clinic001\system\Commands\Server\rewrite.php(47): require_once('C:\\xampp8-2-0\\h...')
#10 {main}
CRITICAL - 2023-03-05 03:49:18 --> Table 'nadi-clinic001.dodi_clinic001_config' doesn't exist
in SYSTEMPATH\Database\BaseConnection.php on line 645.
 1 SYSTEMPATH\Database\BaseBuilder.php(1616): CodeIgniter\Database\BaseConnection->query('SELECT *
FROM `dodi_clinic001_config`', [], false)
 2 APPPATH\Controllers\Frontend\HomeController.php(65): CodeIgniter\Database\BaseBuilder->get()
 3 SYSTEMPATH\CodeIgniter.php(934): App\Controllers\Frontend\Homecontroller->test('dodi')
 4 SYSTEMPATH\CodeIgniter.php(499): CodeIgniter\CodeIgniter->runController(Object(App\Controllers\Frontend\Homecontroller))
 5 SYSTEMPATH\CodeIgniter.php(368): CodeIgniter\CodeIgniter->handleRequest(null, Object(Config\Cache), false)
 6 FCPATH\index.php(67): CodeIgniter\CodeIgniter->run()
 7 SYSTEMPATH\Commands\Server\rewrite.php(47): require_once('FCPATH\\index.php')
ERROR - 2023-03-05 03:49:26 --> mysqli_sql_exception: Table 'nadi-clinic001.dodi_clinic001_config' doesn't exist in C:\xampp8-2-0\htdocs\nadi-clinic001\system\Database\MySQLi\Connection.php:295
Stack trace:
#0 C:\xampp8-2-0\htdocs\nadi-clinic001\system\Database\MySQLi\Connection.php(295): mysqli->query('SELECT *\nFROM `...', 0)
#1 C:\xampp8-2-0\htdocs\nadi-clinic001\system\Database\BaseConnection.php(691): CodeIgniter\Database\MySQLi\Connection->execute('SELECT *\nFROM `...')
#2 C:\xampp8-2-0\htdocs\nadi-clinic001\system\Database\BaseConnection.php(605): CodeIgniter\Database\BaseConnection->simpleQuery('SELECT *\nFROM `...')
#3 C:\xampp8-2-0\htdocs\nadi-clinic001\system\Database\BaseBuilder.php(1616): CodeIgniter\Database\BaseConnection->query('SELECT *\nFROM `...', Array, false)
#4 C:\xampp8-2-0\htdocs\nadi-clinic001\app\Controllers\Frontend\HomeController.php(65): CodeIgniter\Database\BaseBuilder->get()
#5 C:\xampp8-2-0\htdocs\nadi-clinic001\system\CodeIgniter.php(934): App\Controllers\Frontend\Homecontroller->test('dodi')
#6 C:\xampp8-2-0\htdocs\nadi-clinic001\system\CodeIgniter.php(499): CodeIgniter\CodeIgniter->runController(Object(App\Controllers\Frontend\Homecontroller))
#7 C:\xampp8-2-0\htdocs\nadi-clinic001\system\CodeIgniter.php(368): CodeIgniter\CodeIgniter->handleRequest(NULL, Object(Config\Cache), false)
#8 C:\xampp8-2-0\htdocs\nadi-clinic001\public\index.php(67): CodeIgniter\CodeIgniter->run()
#9 C:\xampp8-2-0\htdocs\nadi-clinic001\system\Commands\Server\rewrite.php(47): require_once('C:\\xampp8-2-0\\h...')
#10 {main}
CRITICAL - 2023-03-05 03:49:26 --> Table 'nadi-clinic001.dodi_clinic001_config' doesn't exist
in SYSTEMPATH\Database\BaseConnection.php on line 645.
 1 SYSTEMPATH\Database\BaseBuilder.php(1616): CodeIgniter\Database\BaseConnection->query('SELECT *
FROM `dodi_clinic001_config`', [], false)
 2 APPPATH\Controllers\Frontend\HomeController.php(65): CodeIgniter\Database\BaseBuilder->get()
 3 SYSTEMPATH\CodeIgniter.php(934): App\Controllers\Frontend\Homecontroller->test('dodi')
 4 SYSTEMPATH\CodeIgniter.php(499): CodeIgniter\CodeIgniter->runController(Object(App\Controllers\Frontend\Homecontroller))
 5 SYSTEMPATH\CodeIgniter.php(368): CodeIgniter\CodeIgniter->handleRequest(null, Object(Config\Cache), false)
 6 FCPATH\index.php(67): CodeIgniter\CodeIgniter->run()
 7 SYSTEMPATH\Commands\Server\rewrite.php(47): require_once('FCPATH\\index.php')
ERROR - 2023-03-05 03:49:48 --> mysqli_sql_exception: Table 'nadi-clinic001.dodi_clinic001_config' doesn't exist in C:\xampp8-2-0\htdocs\nadi-clinic001\system\Database\MySQLi\Connection.php:295
Stack trace:
#0 C:\xampp8-2-0\htdocs\nadi-clinic001\system\Database\MySQLi\Connection.php(295): mysqli->query('SELECT *\nFROM `...', 0)
#1 C:\xampp8-2-0\htdocs\nadi-clinic001\system\Database\BaseConnection.php(691): CodeIgniter\Database\MySQLi\Connection->execute('SELECT *\nFROM `...')
#2 C:\xampp8-2-0\htdocs\nadi-clinic001\system\Database\BaseConnection.php(605): CodeIgniter\Database\BaseConnection->simpleQuery('SELECT *\nFROM `...')
#3 C:\xampp8-2-0\htdocs\nadi-clinic001\system\Database\BaseBuilder.php(1616): CodeIgniter\Database\BaseConnection->query('SELECT *\nFROM `...', Array, false)
#4 C:\xampp8-2-0\htdocs\nadi-clinic001\app\Controllers\Frontend\HomeController.php(65): CodeIgniter\Database\BaseBuilder->get()
#5 C:\xampp8-2-0\htdocs\nadi-clinic001\system\CodeIgniter.php(934): App\Controllers\Frontend\Homecontroller->test('dodi')
#6 C:\xampp8-2-0\htdocs\nadi-clinic001\system\CodeIgniter.php(499): CodeIgniter\CodeIgniter->runController(Object(App\Controllers\Frontend\Homecontroller))
#7 C:\xampp8-2-0\htdocs\nadi-clinic001\system\CodeIgniter.php(368): CodeIgniter\CodeIgniter->handleRequest(NULL, Object(Config\Cache), false)
#8 C:\xampp8-2-0\htdocs\nadi-clinic001\public\index.php(67): CodeIgniter\CodeIgniter->run()
#9 C:\xampp8-2-0\htdocs\nadi-clinic001\system\Commands\Server\rewrite.php(47): require_once('C:\\xampp8-2-0\\h...')
#10 {main}
CRITICAL - 2023-03-05 03:49:48 --> Table 'nadi-clinic001.dodi_clinic001_config' doesn't exist
in SYSTEMPATH\Database\BaseConnection.php on line 645.
 1 SYSTEMPATH\Database\BaseBuilder.php(1616): CodeIgniter\Database\BaseConnection->query('SELECT *
FROM `dodi_clinic001_config`', [], false)
 2 APPPATH\Controllers\Frontend\HomeController.php(65): CodeIgniter\Database\BaseBuilder->get()
 3 SYSTEMPATH\CodeIgniter.php(934): App\Controllers\Frontend\Homecontroller->test('dodi')
 4 SYSTEMPATH\CodeIgniter.php(499): CodeIgniter\CodeIgniter->runController(Object(App\Controllers\Frontend\Homecontroller))
 5 SYSTEMPATH\CodeIgniter.php(368): CodeIgniter\CodeIgniter->handleRequest(null, Object(Config\Cache), false)
 6 FCPATH\index.php(67): CodeIgniter\CodeIgniter->run()
 7 SYSTEMPATH\Commands\Server\rewrite.php(47): require_once('FCPATH\\index.php')
ERROR - 2023-03-05 03:56:07 --> mysqli_sql_exception: Table 'nadi-clinic001.blogs' doesn't exist in C:\xampp8-2-0\htdocs\nadi-clinic001\system\Database\MySQLi\Connection.php:295
Stack trace:
#0 C:\xampp8-2-0\htdocs\nadi-clinic001\system\Database\MySQLi\Connection.php(295): mysqli->query('\r\n            S...', 0)
#1 C:\xampp8-2-0\htdocs\nadi-clinic001\system\Database\BaseConnection.php(691): CodeIgniter\Database\MySQLi\Connection->execute('\r\n            S...')
#2 C:\xampp8-2-0\htdocs\nadi-clinic001\system\Database\BaseConnection.php(605): CodeIgniter\Database\BaseConnection->simpleQuery('\r\n            S...')
#3 C:\xampp8-2-0\htdocs\nadi-clinic001\app\Controllers\Frontend\HomeController.php(44): CodeIgniter\Database\BaseConnection->query('\r\n            S...')
#4 C:\xampp8-2-0\htdocs\nadi-clinic001\system\CodeIgniter.php(934): App\Controllers\Frontend\Homecontroller->index()
#5 C:\xampp8-2-0\htdocs\nadi-clinic001\system\CodeIgniter.php(499): CodeIgniter\CodeIgniter->runController(Object(App\Controllers\Frontend\Homecontroller))
#6 C:\xampp8-2-0\htdocs\nadi-clinic001\system\CodeIgniter.php(368): CodeIgniter\CodeIgniter->handleRequest(NULL, Object(Config\Cache), false)
#7 C:\xampp8-2-0\htdocs\nadi-clinic001\public\index.php(67): CodeIgniter\CodeIgniter->run()
#8 C:\xampp8-2-0\htdocs\nadi-clinic001\system\Commands\Server\rewrite.php(47): require_once('C:\\xampp8-2-0\\h...')
#9 {main}
CRITICAL - 2023-03-05 03:56:07 --> Table 'nadi-clinic001.blogs' doesn't exist
in SYSTEMPATH\Database\BaseConnection.php on line 645.
 1 APPPATH\Controllers\Frontend\HomeController.php(44): CodeIgniter\Database\BaseConnection->query('
            SELECT 
                blogs.*,
                blog_categories.name as category_name
            FROM blogs JOIN blog_categories
            ON blogs.blog_category_id = blog_categories.id
            WHERE blogs.status != 0
        ')
 2 SYSTEMPATH\CodeIgniter.php(934): App\Controllers\Frontend\Homecontroller->index()
 3 SYSTEMPATH\CodeIgniter.php(499): CodeIgniter\CodeIgniter->runController(Object(App\Controllers\Frontend\Homecontroller))
 4 SYSTEMPATH\CodeIgniter.php(368): CodeIgniter\CodeIgniter->handleRequest(null, Object(Config\Cache), false)
 5 FCPATH\index.php(67): CodeIgniter\CodeIgniter->run()
 6 SYSTEMPATH\Commands\Server\rewrite.php(47): require_once('FCPATH\\index.php')
ERROR - 2023-03-05 03:56:08 --> mysqli_sql_exception: Table 'nadi-clinic001.blogs' doesn't exist in C:\xampp8-2-0\htdocs\nadi-clinic001\system\Database\MySQLi\Connection.php:295
Stack trace:
#0 C:\xampp8-2-0\htdocs\nadi-clinic001\system\Database\MySQLi\Connection.php(295): mysqli->query('\r\n            S...', 0)
#1 C:\xampp8-2-0\htdocs\nadi-clinic001\system\Database\BaseConnection.php(691): CodeIgniter\Database\MySQLi\Connection->execute('\r\n            S...')
#2 C:\xampp8-2-0\htdocs\nadi-clinic001\system\Database\BaseConnection.php(605): CodeIgniter\Database\BaseConnection->simpleQuery('\r\n            S...')
#3 C:\xampp8-2-0\htdocs\nadi-clinic001\app\Controllers\Frontend\HomeController.php(44): CodeIgniter\Database\BaseConnection->query('\r\n            S...')
#4 C:\xampp8-2-0\htdocs\nadi-clinic001\system\CodeIgniter.php(934): App\Controllers\Frontend\Homecontroller->index()
#5 C:\xampp8-2-0\htdocs\nadi-clinic001\system\CodeIgniter.php(499): CodeIgniter\CodeIgniter->runController(Object(App\Controllers\Frontend\Homecontroller))
#6 C:\xampp8-2-0\htdocs\nadi-clinic001\system\CodeIgniter.php(368): CodeIgniter\CodeIgniter->handleRequest(NULL, Object(Config\Cache), false)
#7 C:\xampp8-2-0\htdocs\nadi-clinic001\public\index.php(67): CodeIgniter\CodeIgniter->run()
#8 C:\xampp8-2-0\htdocs\nadi-clinic001\system\Commands\Server\rewrite.php(47): require_once('C:\\xampp8-2-0\\h...')
#9 {main}
CRITICAL - 2023-03-05 03:56:08 --> Table 'nadi-clinic001.blogs' doesn't exist
in SYSTEMPATH\Database\BaseConnection.php on line 645.
 1 APPPATH\Controllers\Frontend\HomeController.php(44): CodeIgniter\Database\BaseConnection->query('
            SELECT 
                blogs.*,
                blog_categories.name as category_name
            FROM blogs JOIN blog_categories
            ON blogs.blog_category_id = blog_categories.id
            WHERE blogs.status != 0
        ')
 2 SYSTEMPATH\CodeIgniter.php(934): App\Controllers\Frontend\Homecontroller->index()
 3 SYSTEMPATH\CodeIgniter.php(499): CodeIgniter\CodeIgniter->runController(Object(App\Controllers\Frontend\Homecontroller))
 4 SYSTEMPATH\CodeIgniter.php(368): CodeIgniter\CodeIgniter->handleRequest(null, Object(Config\Cache), false)
 5 FCPATH\index.php(67): CodeIgniter\CodeIgniter->run()
 6 SYSTEMPATH\Commands\Server\rewrite.php(47): require_once('FCPATH\\index.php')
ERROR - 2023-03-05 03:56:10 --> mysqli_sql_exception: Table 'nadi-clinic001.blogs' doesn't exist in C:\xampp8-2-0\htdocs\nadi-clinic001\system\Database\MySQLi\Connection.php:295
Stack trace:
#0 C:\xampp8-2-0\htdocs\nadi-clinic001\system\Database\MySQLi\Connection.php(295): mysqli->query('\r\n            S...', 0)
#1 C:\xampp8-2-0\htdocs\nadi-clinic001\system\Database\BaseConnection.php(691): CodeIgniter\Database\MySQLi\Connection->execute('\r\n            S...')
#2 C:\xampp8-2-0\htdocs\nadi-clinic001\system\Database\BaseConnection.php(605): CodeIgniter\Database\BaseConnection->simpleQuery('\r\n            S...')
#3 C:\xampp8-2-0\htdocs\nadi-clinic001\app\Controllers\Frontend\HomeController.php(44): CodeIgniter\Database\BaseConnection->query('\r\n            S...')
#4 C:\xampp8-2-0\htdocs\nadi-clinic001\system\CodeIgniter.php(934): App\Controllers\Frontend\Homecontroller->index()
#5 C:\xampp8-2-0\htdocs\nadi-clinic001\system\CodeIgniter.php(499): CodeIgniter\CodeIgniter->runController(Object(App\Controllers\Frontend\Homecontroller))
#6 C:\xampp8-2-0\htdocs\nadi-clinic001\system\CodeIgniter.php(368): CodeIgniter\CodeIgniter->handleRequest(NULL, Object(Config\Cache), false)
#7 C:\xampp8-2-0\htdocs\nadi-clinic001\public\index.php(67): CodeIgniter\CodeIgniter->run()
#8 C:\xampp8-2-0\htdocs\nadi-clinic001\system\Commands\Server\rewrite.php(47): require_once('C:\\xampp8-2-0\\h...')
#9 {main}
CRITICAL - 2023-03-05 03:56:10 --> Table 'nadi-clinic001.blogs' doesn't exist
in SYSTEMPATH\Database\BaseConnection.php on line 645.
 1 APPPATH\Controllers\Frontend\HomeController.php(44): CodeIgniter\Database\BaseConnection->query('
            SELECT 
                blogs.*,
                blog_categories.name as category_name
            FROM blogs JOIN blog_categories
            ON blogs.blog_category_id = blog_categories.id
            WHERE blogs.status != 0
        ')
 2 SYSTEMPATH\CodeIgniter.php(934): App\Controllers\Frontend\Homecontroller->index()
 3 SYSTEMPATH\CodeIgniter.php(499): CodeIgniter\CodeIgniter->runController(Object(App\Controllers\Frontend\Homecontroller))
 4 SYSTEMPATH\CodeIgniter.php(368): CodeIgniter\CodeIgniter->handleRequest(null, Object(Config\Cache), false)
 5 FCPATH\index.php(67): CodeIgniter\CodeIgniter->run()
 6 SYSTEMPATH\Commands\Server\rewrite.php(47): require_once('FCPATH\\index.php')
ERROR - 2023-03-05 03:56:18 --> mysqli_sql_exception: Table 'nadi-clinic001.blogs' doesn't exist in C:\xampp8-2-0\htdocs\nadi-clinic001\system\Database\MySQLi\Connection.php:295
Stack trace:
#0 C:\xampp8-2-0\htdocs\nadi-clinic001\system\Database\MySQLi\Connection.php(295): mysqli->query('\r\n            S...', 0)
#1 C:\xampp8-2-0\htdocs\nadi-clinic001\system\Database\BaseConnection.php(691): CodeIgniter\Database\MySQLi\Connection->execute('\r\n            S...')
#2 C:\xampp8-2-0\htdocs\nadi-clinic001\system\Database\BaseConnection.php(605): CodeIgniter\Database\BaseConnection->simpleQuery('\r\n            S...')
#3 C:\xampp8-2-0\htdocs\nadi-clinic001\app\Controllers\Frontend\HomeController.php(44): CodeIgniter\Database\BaseConnection->query('\r\n            S...')
#4 C:\xampp8-2-0\htdocs\nadi-clinic001\system\CodeIgniter.php(934): App\Controllers\Frontend\Homecontroller->index()
#5 C:\xampp8-2-0\htdocs\nadi-clinic001\system\CodeIgniter.php(499): CodeIgniter\CodeIgniter->runController(Object(App\Controllers\Frontend\Homecontroller))
#6 C:\xampp8-2-0\htdocs\nadi-clinic001\system\CodeIgniter.php(368): CodeIgniter\CodeIgniter->handleRequest(NULL, Object(Config\Cache), false)
#7 C:\xampp8-2-0\htdocs\nadi-clinic001\public\index.php(67): CodeIgniter\CodeIgniter->run()
#8 C:\xampp8-2-0\htdocs\nadi-clinic001\system\Commands\Server\rewrite.php(47): require_once('C:\\xampp8-2-0\\h...')
#9 {main}
CRITICAL - 2023-03-05 03:56:18 --> Table 'nadi-clinic001.blogs' doesn't exist
in SYSTEMPATH\Database\BaseConnection.php on line 645.
 1 APPPATH\Controllers\Frontend\HomeController.php(44): CodeIgniter\Database\BaseConnection->query('
            SELECT 
                blogs.*,
                blog_categories.name as category_name
            FROM blogs JOIN blog_categories
            ON blogs.blog_category_id = blog_categories.id
            WHERE blogs.status != 0
        ')
 2 SYSTEMPATH\CodeIgniter.php(934): App\Controllers\Frontend\Homecontroller->index()
 3 SYSTEMPATH\CodeIgniter.php(499): CodeIgniter\CodeIgniter->runController(Object(App\Controllers\Frontend\Homecontroller))
 4 SYSTEMPATH\CodeIgniter.php(368): CodeIgniter\CodeIgniter->handleRequest(null, Object(Config\Cache), false)
 5 FCPATH\index.php(67): CodeIgniter\CodeIgniter->run()
 6 SYSTEMPATH\Commands\Server\rewrite.php(47): require_once('FCPATH\\index.php')
ERROR - 2023-03-05 03:57:16 --> mysqli_sql_exception: Table 'nadi-clinic001.blogs' doesn't exist in C:\xampp8-2-0\htdocs\nadi-clinic001\system\Database\MySQLi\Connection.php:295
Stack trace:
#0 C:\xampp8-2-0\htdocs\nadi-clinic001\system\Database\MySQLi\Connection.php(295): mysqli->query('\r\n            S...', 0)
#1 C:\xampp8-2-0\htdocs\nadi-clinic001\system\Database\BaseConnection.php(691): CodeIgniter\Database\MySQLi\Connection->execute('\r\n            S...')
#2 C:\xampp8-2-0\htdocs\nadi-clinic001\system\Database\BaseConnection.php(605): CodeIgniter\Database\BaseConnection->simpleQuery('\r\n            S...')
#3 C:\xampp8-2-0\htdocs\nadi-clinic001\app\Controllers\Frontend\BlogController.php(33): CodeIgniter\Database\BaseConnection->query('\r\n            S...')
#4 C:\xampp8-2-0\htdocs\nadi-clinic001\system\CodeIgniter.php(934): App\Controllers\Frontend\BlogController->index()
#5 C:\xampp8-2-0\htdocs\nadi-clinic001\system\CodeIgniter.php(499): CodeIgniter\CodeIgniter->runController(Object(App\Controllers\Frontend\BlogController))
#6 C:\xampp8-2-0\htdocs\nadi-clinic001\system\CodeIgniter.php(368): CodeIgniter\CodeIgniter->handleRequest(NULL, Object(Config\Cache), false)
#7 C:\xampp8-2-0\htdocs\nadi-clinic001\public\index.php(67): CodeIgniter\CodeIgniter->run()
#8 C:\xampp8-2-0\htdocs\nadi-clinic001\system\Commands\Server\rewrite.php(47): require_once('C:\\xampp8-2-0\\h...')
#9 {main}
CRITICAL - 2023-03-05 03:57:16 --> Table 'nadi-clinic001.blogs' doesn't exist
in SYSTEMPATH\Database\BaseConnection.php on line 645.
 1 APPPATH\Controllers\Frontend\BlogController.php(33): CodeIgniter\Database\BaseConnection->query('
            SELECT 
                blogs.*,
                blog_categories.name as category_name
            FROM blogs JOIN blog_categories
            ON blogs.blog_category_id = blog_categories.id
            WHERE blogs.status != 0
        ')
 2 SYSTEMPATH\CodeIgniter.php(934): App\Controllers\Frontend\BlogController->index()
 3 SYSTEMPATH\CodeIgniter.php(499): CodeIgniter\CodeIgniter->runController(Object(App\Controllers\Frontend\BlogController))
 4 SYSTEMPATH\CodeIgniter.php(368): CodeIgniter\CodeIgniter->handleRequest(null, Object(Config\Cache), false)
 5 FCPATH\index.php(67): CodeIgniter\CodeIgniter->run()
 6 SYSTEMPATH\Commands\Server\rewrite.php(47): require_once('FCPATH\\index.php')
ERROR - 2023-03-05 04:00:04 --> mysqli_sql_exception: Table 'nadi-clinic001.blogs' doesn't exist in C:\xampp8-2-0\htdocs\nadi-clinic001\system\Database\MySQLi\Connection.php:295
Stack trace:
#0 C:\xampp8-2-0\htdocs\nadi-clinic001\system\Database\MySQLi\Connection.php(295): mysqli->query('\r\n            S...', 0)
#1 C:\xampp8-2-0\htdocs\nadi-clinic001\system\Database\BaseConnection.php(691): CodeIgniter\Database\MySQLi\Connection->execute('\r\n            S...')
#2 C:\xampp8-2-0\htdocs\nadi-clinic001\system\Database\BaseConnection.php(605): CodeIgniter\Database\BaseConnection->simpleQuery('\r\n            S...')
#3 C:\xampp8-2-0\htdocs\nadi-clinic001\app\Controllers\Frontend\ContactController.php(32): CodeIgniter\Database\BaseConnection->query('\r\n            S...')
#4 C:\xampp8-2-0\htdocs\nadi-clinic001\system\CodeIgniter.php(934): App\Controllers\Frontend\ContactController->index()
#5 C:\xampp8-2-0\htdocs\nadi-clinic001\system\CodeIgniter.php(499): CodeIgniter\CodeIgniter->runController(Object(App\Controllers\Frontend\ContactController))
#6 C:\xampp8-2-0\htdocs\nadi-clinic001\system\CodeIgniter.php(368): CodeIgniter\CodeIgniter->handleRequest(NULL, Object(Config\Cache), false)
#7 C:\xampp8-2-0\htdocs\nadi-clinic001\public\index.php(67): CodeIgniter\CodeIgniter->run()
#8 C:\xampp8-2-0\htdocs\nadi-clinic001\system\Commands\Server\rewrite.php(47): require_once('C:\\xampp8-2-0\\h...')
#9 {main}
CRITICAL - 2023-03-05 04:00:04 --> Table 'nadi-clinic001.blogs' doesn't exist
in SYSTEMPATH\Database\BaseConnection.php on line 645.
 1 APPPATH\Controllers\Frontend\ContactController.php(32): CodeIgniter\Database\BaseConnection->query('
            SELECT 
                blogs.*,
                blog_categories.name as category_name
            FROM blogs JOIN blog_categories
            ON blogs.blog_category_id = blog_categories.id
            WHERE blogs.status != 0
        ')
 2 SYSTEMPATH\CodeIgniter.php(934): App\Controllers\Frontend\ContactController->index()
 3 SYSTEMPATH\CodeIgniter.php(499): CodeIgniter\CodeIgniter->runController(Object(App\Controllers\Frontend\ContactController))
 4 SYSTEMPATH\CodeIgniter.php(368): CodeIgniter\CodeIgniter->handleRequest(null, Object(Config\Cache), false)
 5 FCPATH\index.php(67): CodeIgniter\CodeIgniter->run()
 6 SYSTEMPATH\Commands\Server\rewrite.php(47): require_once('FCPATH\\index.php')
ERROR - 2023-03-05 04:00:30 --> mysqli_sql_exception: Table 'nadi-clinic001.dodi_clinic001_config' doesn't exist in C:\xampp8-2-0\htdocs\nadi-clinic001\system\Database\MySQLi\Connection.php:295
Stack trace:
#0 C:\xampp8-2-0\htdocs\nadi-clinic001\system\Database\MySQLi\Connection.php(295): mysqli->query('SELECT *\nFROM `...', 0)
#1 C:\xampp8-2-0\htdocs\nadi-clinic001\system\Database\BaseConnection.php(691): CodeIgniter\Database\MySQLi\Connection->execute('SELECT *\nFROM `...')
#2 C:\xampp8-2-0\htdocs\nadi-clinic001\system\Database\BaseConnection.php(605): CodeIgniter\Database\BaseConnection->simpleQuery('SELECT *\nFROM `...')
#3 C:\xampp8-2-0\htdocs\nadi-clinic001\system\Database\BaseBuilder.php(1616): CodeIgniter\Database\BaseConnection->query('SELECT *\nFROM `...', Array, false)
#4 C:\xampp8-2-0\htdocs\nadi-clinic001\app\Controllers\Frontend\HomeController.php(65): CodeIgniter\Database\BaseBuilder->get()
#5 C:\xampp8-2-0\htdocs\nadi-clinic001\system\CodeIgniter.php(934): App\Controllers\Frontend\Homecontroller->test('dodi')
#6 C:\xampp8-2-0\htdocs\nadi-clinic001\system\CodeIgniter.php(499): CodeIgniter\CodeIgniter->runController(Object(App\Controllers\Frontend\Homecontroller))
#7 C:\xampp8-2-0\htdocs\nadi-clinic001\system\CodeIgniter.php(368): CodeIgniter\CodeIgniter->handleRequest(NULL, Object(Config\Cache), false)
#8 C:\xampp8-2-0\htdocs\nadi-clinic001\public\index.php(67): CodeIgniter\CodeIgniter->run()
#9 C:\xampp8-2-0\htdocs\nadi-clinic001\system\Commands\Server\rewrite.php(47): require_once('C:\\xampp8-2-0\\h...')
#10 {main}
CRITICAL - 2023-03-05 04:00:30 --> Table 'nadi-clinic001.dodi_clinic001_config' doesn't exist
in SYSTEMPATH\Database\BaseConnection.php on line 645.
 1 SYSTEMPATH\Database\BaseBuilder.php(1616): CodeIgniter\Database\BaseConnection->query('SELECT *
FROM `dodi_clinic001_config`', [], false)
 2 APPPATH\Controllers\Frontend\HomeController.php(65): CodeIgniter\Database\BaseBuilder->get()
 3 SYSTEMPATH\CodeIgniter.php(934): App\Controllers\Frontend\Homecontroller->test('dodi')
 4 SYSTEMPATH\CodeIgniter.php(499): CodeIgniter\CodeIgniter->runController(Object(App\Controllers\Frontend\Homecontroller))
 5 SYSTEMPATH\CodeIgniter.php(368): CodeIgniter\CodeIgniter->handleRequest(null, Object(Config\Cache), false)
 6 FCPATH\index.php(67): CodeIgniter\CodeIgniter->run()
 7 SYSTEMPATH\Commands\Server\rewrite.php(47): require_once('FCPATH\\index.php')
ERROR - 2023-03-05 04:11:52 --> mysqli_sql_exception: Table 'nadi-clinic001.app' doesn't exist in C:\xampp8-2-0\htdocs\nadi-clinic001\system\Database\MySQLi\Connection.php:295
Stack trace:
#0 C:\xampp8-2-0\htdocs\nadi-clinic001\system\Database\MySQLi\Connection.php(295): mysqli->query('CREATE TABLE ap...', 0)
#1 C:\xampp8-2-0\htdocs\nadi-clinic001\system\Database\BaseConnection.php(691): CodeIgniter\Database\MySQLi\Connection->execute('CREATE TABLE ap...')
#2 C:\xampp8-2-0\htdocs\nadi-clinic001\system\Database\BaseConnection.php(605): CodeIgniter\Database\BaseConnection->simpleQuery('CREATE TABLE ap...')
#3 C:\xampp8-2-0\htdocs\nadi-clinic001\app\Controllers\Frontend\HomeController.php(20): CodeIgniter\Database\BaseConnection->query('CREATE TABLE ap...')
#4 C:\xampp8-2-0\htdocs\nadi-clinic001\system\CodeIgniter.php(934): App\Controllers\Frontend\Homecontroller->index()
#5 C:\xampp8-2-0\htdocs\nadi-clinic001\system\CodeIgniter.php(499): CodeIgniter\CodeIgniter->runController(Object(App\Controllers\Frontend\Homecontroller))
#6 C:\xampp8-2-0\htdocs\nadi-clinic001\system\CodeIgniter.php(368): CodeIgniter\CodeIgniter->handleRequest(NULL, Object(Config\Cache), false)
#7 C:\xampp8-2-0\htdocs\nadi-clinic001\public\index.php(67): CodeIgniter\CodeIgniter->run()
#8 C:\xampp8-2-0\htdocs\nadi-clinic001\system\Commands\Server\rewrite.php(47): require_once('C:\\xampp8-2-0\\h...')
#9 {main}
CRITICAL - 2023-03-05 04:11:52 --> Table 'nadi-clinic001.app' doesn't exist
in SYSTEMPATH\Database\BaseConnection.php on line 645.
 1 APPPATH\Controllers\Frontend\HomeController.php(20): CodeIgniter\Database\BaseConnection->query('CREATE TABLE app_name AS SELECT * FROM app')
 2 SYSTEMPATH\CodeIgniter.php(934): App\Controllers\Frontend\Homecontroller->index()
 3 SYSTEMPATH\CodeIgniter.php(499): CodeIgniter\CodeIgniter->runController(Object(App\Controllers\Frontend\Homecontroller))
 4 SYSTEMPATH\CodeIgniter.php(368): CodeIgniter\CodeIgniter->handleRequest(null, Object(Config\Cache), false)
 5 FCPATH\index.php(67): CodeIgniter\CodeIgniter->run()
 6 SYSTEMPATH\Commands\Server\rewrite.php(47): require_once('FCPATH\\index.php')
ERROR - 2023-03-05 04:14:16 --> mysqli_sql_exception: You have an error in your SQL syntax; check the manual that corresponds to your MariaDB server version for the right syntax to use near '-app.dodi_app AS SELECT * FROM app' at line 1 in C:\xampp8-2-0\htdocs\nadi-clinic001\system\Database\MySQLi\Connection.php:295
Stack trace:
#0 C:\xampp8-2-0\htdocs\nadi-clinic001\system\Database\MySQLi\Connection.php(295): mysqli->query('CREATE TABLE na...', 0)
#1 C:\xampp8-2-0\htdocs\nadi-clinic001\system\Database\BaseConnection.php(691): CodeIgniter\Database\MySQLi\Connection->execute('CREATE TABLE na...')
#2 C:\xampp8-2-0\htdocs\nadi-clinic001\system\Database\BaseConnection.php(605): CodeIgniter\Database\BaseConnection->simpleQuery('CREATE TABLE na...')
#3 C:\xampp8-2-0\htdocs\nadi-clinic001\app\Controllers\Frontend\HomeController.php(20): CodeIgniter\Database\BaseConnection->query('CREATE TABLE na...')
#4 C:\xampp8-2-0\htdocs\nadi-clinic001\system\CodeIgniter.php(934): App\Controllers\Frontend\Homecontroller->index()
#5 C:\xampp8-2-0\htdocs\nadi-clinic001\system\CodeIgniter.php(499): CodeIgniter\CodeIgniter->runController(Object(App\Controllers\Frontend\Homecontroller))
#6 C:\xampp8-2-0\htdocs\nadi-clinic001\system\CodeIgniter.php(368): CodeIgniter\CodeIgniter->handleRequest(NULL, Object(Config\Cache), false)
#7 C:\xampp8-2-0\htdocs\nadi-clinic001\public\index.php(67): CodeIgniter\CodeIgniter->run()
#8 C:\xampp8-2-0\htdocs\nadi-clinic001\system\Commands\Server\rewrite.php(47): require_once('C:\\xampp8-2-0\\h...')
#9 {main}
CRITICAL - 2023-03-05 04:14:16 --> You have an error in your SQL syntax; check the manual that corresponds to your MariaDB server version for the right syntax to use near '-app.dodi_app AS SELECT * FROM app' at line 1
in SYSTEMPATH\Database\BaseConnection.php on line 645.
 1 APPPATH\Controllers\Frontend\HomeController.php(20): CodeIgniter\Database\BaseConnection->query('CREATE TABLE nadi-app.dodi_app AS SELECT * FROM app')
 2 SYSTEMPATH\CodeIgniter.php(934): App\Controllers\Frontend\Homecontroller->index()
 3 SYSTEMPATH\CodeIgniter.php(499): CodeIgniter\CodeIgniter->runController(Object(App\Controllers\Frontend\Homecontroller))
 4 SYSTEMPATH\CodeIgniter.php(368): CodeIgniter\CodeIgniter->handleRequest(null, Object(Config\Cache), false)
 5 FCPATH\index.php(67): CodeIgniter\CodeIgniter->run()
 6 SYSTEMPATH\Commands\Server\rewrite.php(47): require_once('FCPATH\\index.php')
ERROR - 2023-03-05 04:14:38 --> mysqli_sql_exception: Table 'nadi-clinic001.app' doesn't exist in C:\xampp8-2-0\htdocs\nadi-clinic001\system\Database\MySQLi\Connection.php:295
Stack trace:
#0 C:\xampp8-2-0\htdocs\nadi-clinic001\system\Database\MySQLi\Connection.php(295): mysqli->query('CREATE TABLE `n...', 0)
#1 C:\xampp8-2-0\htdocs\nadi-clinic001\system\Database\BaseConnection.php(691): CodeIgniter\Database\MySQLi\Connection->execute('CREATE TABLE `n...')
#2 C:\xampp8-2-0\htdocs\nadi-clinic001\system\Database\BaseConnection.php(605): CodeIgniter\Database\BaseConnection->simpleQuery('CREATE TABLE `n...')
#3 C:\xampp8-2-0\htdocs\nadi-clinic001\app\Controllers\Frontend\HomeController.php(20): CodeIgniter\Database\BaseConnection->query('CREATE TABLE `n...')
#4 C:\xampp8-2-0\htdocs\nadi-clinic001\system\CodeIgniter.php(934): App\Controllers\Frontend\Homecontroller->index()
#5 C:\xampp8-2-0\htdocs\nadi-clinic001\system\CodeIgniter.php(499): CodeIgniter\CodeIgniter->runController(Object(App\Controllers\Frontend\Homecontroller))
#6 C:\xampp8-2-0\htdocs\nadi-clinic001\system\CodeIgniter.php(368): CodeIgniter\CodeIgniter->handleRequest(NULL, Object(Config\Cache), false)
#7 C:\xampp8-2-0\htdocs\nadi-clinic001\public\index.php(67): CodeIgniter\CodeIgniter->run()
#8 C:\xampp8-2-0\htdocs\nadi-clinic001\system\Commands\Server\rewrite.php(47): require_once('C:\\xampp8-2-0\\h...')
#9 {main}
CRITICAL - 2023-03-05 04:14:38 --> Table 'nadi-clinic001.app' doesn't exist
in SYSTEMPATH\Database\BaseConnection.php on line 645.
 1 APPPATH\Controllers\Frontend\HomeController.php(20): CodeIgniter\Database\BaseConnection->query('CREATE TABLE `nadi-app.dodi_app` AS SELECT * FROM `app`')
 2 SYSTEMPATH\CodeIgniter.php(934): App\Controllers\Frontend\Homecontroller->index()
 3 SYSTEMPATH\CodeIgniter.php(499): CodeIgniter\CodeIgniter->runController(Object(App\Controllers\Frontend\Homecontroller))
 4 SYSTEMPATH\CodeIgniter.php(368): CodeIgniter\CodeIgniter->handleRequest(null, Object(Config\Cache), false)
 5 FCPATH\index.php(67): CodeIgniter\CodeIgniter->run()
 6 SYSTEMPATH\Commands\Server\rewrite.php(47): require_once('FCPATH\\index.php')
ERROR - 2023-03-05 04:14:52 --> mysqli_sql_exception: Table 'nadi-clinic001.nadi-app.app' doesn't exist in C:\xampp8-2-0\htdocs\nadi-clinic001\system\Database\MySQLi\Connection.php:295
Stack trace:
#0 C:\xampp8-2-0\htdocs\nadi-clinic001\system\Database\MySQLi\Connection.php(295): mysqli->query('CREATE TABLE `n...', 0)
#1 C:\xampp8-2-0\htdocs\nadi-clinic001\system\Database\BaseConnection.php(691): CodeIgniter\Database\MySQLi\Connection->execute('CREATE TABLE `n...')
#2 C:\xampp8-2-0\htdocs\nadi-clinic001\system\Database\BaseConnection.php(605): CodeIgniter\Database\BaseConnection->simpleQuery('CREATE TABLE `n...')
#3 C:\xampp8-2-0\htdocs\nadi-clinic001\app\Controllers\Frontend\HomeController.php(20): CodeIgniter\Database\BaseConnection->query('CREATE TABLE `n...')
#4 C:\xampp8-2-0\htdocs\nadi-clinic001\system\CodeIgniter.php(934): App\Controllers\Frontend\Homecontroller->index()
#5 C:\xampp8-2-0\htdocs\nadi-clinic001\system\CodeIgniter.php(499): CodeIgniter\CodeIgniter->runController(Object(App\Controllers\Frontend\Homecontroller))
#6 C:\xampp8-2-0\htdocs\nadi-clinic001\system\CodeIgniter.php(368): CodeIgniter\CodeIgniter->handleRequest(NULL, Object(Config\Cache), false)
#7 C:\xampp8-2-0\htdocs\nadi-clinic001\public\index.php(67): CodeIgniter\CodeIgniter->run()
#8 C:\xampp8-2-0\htdocs\nadi-clinic001\system\Commands\Server\rewrite.php(47): require_once('C:\\xampp8-2-0\\h...')
#9 {main}
CRITICAL - 2023-03-05 04:14:52 --> Table 'nadi-clinic001.nadi-app.app' doesn't exist
in SYSTEMPATH\Database\BaseConnection.php on line 645.
 1 APPPATH\Controllers\Frontend\HomeController.php(20): CodeIgniter\Database\BaseConnection->query('CREATE TABLE `nadi-app.dodi_app` AS SELECT * FROM `nadi-app.app`')
 2 SYSTEMPATH\CodeIgniter.php(934): App\Controllers\Frontend\Homecontroller->index()
 3 SYSTEMPATH\CodeIgniter.php(499): CodeIgniter\CodeIgniter->runController(Object(App\Controllers\Frontend\Homecontroller))
 4 SYSTEMPATH\CodeIgniter.php(368): CodeIgniter\CodeIgniter->handleRequest(null, Object(Config\Cache), false)
 5 FCPATH\index.php(67): CodeIgniter\CodeIgniter->run()
 6 SYSTEMPATH\Commands\Server\rewrite.php(47): require_once('FCPATH\\index.php')
ERROR - 2023-03-05 04:15:02 --> mysqli_sql_exception: Table 'nadi-clinic001.nadi-app.app' doesn't exist in C:\xampp8-2-0\htdocs\nadi-clinic001\system\Database\MySQLi\Connection.php:295
Stack trace:
#0 C:\xampp8-2-0\htdocs\nadi-clinic001\system\Database\MySQLi\Connection.php(295): mysqli->query('CREATE TABLE `n...', 0)
#1 C:\xampp8-2-0\htdocs\nadi-clinic001\system\Database\BaseConnection.php(691): CodeIgniter\Database\MySQLi\Connection->execute('CREATE TABLE `n...')
#2 C:\xampp8-2-0\htdocs\nadi-clinic001\system\Database\BaseConnection.php(605): CodeIgniter\Database\BaseConnection->simpleQuery('CREATE TABLE `n...')
#3 C:\xampp8-2-0\htdocs\nadi-clinic001\app\Controllers\Frontend\HomeController.php(20): CodeIgniter\Database\BaseConnection->query('CREATE TABLE `n...')
#4 C:\xampp8-2-0\htdocs\nadi-clinic001\system\CodeIgniter.php(934): App\Controllers\Frontend\Homecontroller->index()
#5 C:\xampp8-2-0\htdocs\nadi-clinic001\system\CodeIgniter.php(499): CodeIgniter\CodeIgniter->runController(Object(App\Controllers\Frontend\Homecontroller))
#6 C:\xampp8-2-0\htdocs\nadi-clinic001\system\CodeIgniter.php(368): CodeIgniter\CodeIgniter->handleRequest(NULL, Object(Config\Cache), false)
#7 C:\xampp8-2-0\htdocs\nadi-clinic001\public\index.php(67): CodeIgniter\CodeIgniter->run()
#8 C:\xampp8-2-0\htdocs\nadi-clinic001\system\Commands\Server\rewrite.php(47): require_once('C:\\xampp8-2-0\\h...')
#9 {main}
CRITICAL - 2023-03-05 04:15:02 --> Table 'nadi-clinic001.nadi-app.app' doesn't exist
in SYSTEMPATH\Database\BaseConnection.php on line 645.
 1 APPPATH\Controllers\Frontend\HomeController.php(20): CodeIgniter\Database\BaseConnection->query('CREATE TABLE `nadi-app.dodi_app` AS SELECT * FROM `nadi-app.app`')
 2 SYSTEMPATH\CodeIgniter.php(934): App\Controllers\Frontend\Homecontroller->index()
 3 SYSTEMPATH\CodeIgniter.php(499): CodeIgniter\CodeIgniter->runController(Object(App\Controllers\Frontend\Homecontroller))
 4 SYSTEMPATH\CodeIgniter.php(368): CodeIgniter\CodeIgniter->handleRequest(null, Object(Config\Cache), false)
 5 FCPATH\index.php(67): CodeIgniter\CodeIgniter->run()
 6 SYSTEMPATH\Commands\Server\rewrite.php(47): require_once('FCPATH\\index.php')
ERROR - 2023-03-05 04:22:43 --> mysqli_sql_exception: Table 'nadi-clinic001.nadi-app.app' doesn't exist in C:\xampp8-2-0\htdocs\nadi-clinic001\system\Database\MySQLi\Connection.php:295
Stack trace:
#0 C:\xampp8-2-0\htdocs\nadi-clinic001\system\Database\MySQLi\Connection.php(295): mysqli->query('CREATE TABLE `n...', 0)
#1 C:\xampp8-2-0\htdocs\nadi-clinic001\system\Database\BaseConnection.php(691): CodeIgniter\Database\MySQLi\Connection->execute('CREATE TABLE `n...')
#2 C:\xampp8-2-0\htdocs\nadi-clinic001\system\Database\BaseConnection.php(605): CodeIgniter\Database\BaseConnection->simpleQuery('CREATE TABLE `n...')
#3 C:\xampp8-2-0\htdocs\nadi-clinic001\app\Controllers\Frontend\HomeController.php(20): CodeIgniter\Database\BaseConnection->query('CREATE TABLE `n...')
#4 C:\xampp8-2-0\htdocs\nadi-clinic001\system\CodeIgniter.php(934): App\Controllers\Frontend\Homecontroller->index()
#5 C:\xampp8-2-0\htdocs\nadi-clinic001\system\CodeIgniter.php(499): CodeIgniter\CodeIgniter->runController(Object(App\Controllers\Frontend\Homecontroller))
#6 C:\xampp8-2-0\htdocs\nadi-clinic001\system\CodeIgniter.php(368): CodeIgniter\CodeIgniter->handleRequest(NULL, Object(Config\Cache), false)
#7 C:\xampp8-2-0\htdocs\nadi-clinic001\public\index.php(67): CodeIgniter\CodeIgniter->run()
#8 C:\xampp8-2-0\htdocs\nadi-clinic001\system\Commands\Server\rewrite.php(47): require_once('C:\\xampp8-2-0\\h...')
#9 {main}
CRITICAL - 2023-03-05 04:22:43 --> Table 'nadi-clinic001.nadi-app.app' doesn't exist
in SYSTEMPATH\Database\BaseConnection.php on line 645.
 1 APPPATH\Controllers\Frontend\HomeController.php(20): CodeIgniter\Database\BaseConnection->query('CREATE TABLE `nadi-app.dodi_app` AS SELECT * FROM `nadi-app.app`')
 2 SYSTEMPATH\CodeIgniter.php(934): App\Controllers\Frontend\Homecontroller->index()
 3 SYSTEMPATH\CodeIgniter.php(499): CodeIgniter\CodeIgniter->runController(Object(App\Controllers\Frontend\Homecontroller))
 4 SYSTEMPATH\CodeIgniter.php(368): CodeIgniter\CodeIgniter->handleRequest(null, Object(Config\Cache), false)
 5 FCPATH\index.php(67): CodeIgniter\CodeIgniter->run()
 6 SYSTEMPATH\Commands\Server\rewrite.php(47): require_once('FCPATH\\index.php')
CRITICAL - 2023-03-05 04:23:03 --> Undefined property: App\Controllers\Frontend\Homecontroller::$load
in APPPATH\Controllers\Frontend\HomeController.php on line 22.
 1 APPPATH\Controllers\Frontend\HomeController.php(22): CodeIgniter\Debug\Exceptions->errorHandler(2, 'Undefined property: App\\Controllers\\Frontend\\Homecontroller::$load', 'APPPATH\\Controllers\\Frontend\\HomeController.php', 22)
 2 SYSTEMPATH\CodeIgniter.php(934): App\Controllers\Frontend\Homecontroller->index()
 3 SYSTEMPATH\CodeIgniter.php(499): CodeIgniter\CodeIgniter->runController(Object(App\Controllers\Frontend\Homecontroller))
 4 SYSTEMPATH\CodeIgniter.php(368): CodeIgniter\CodeIgniter->handleRequest(null, Object(Config\Cache), false)
 5 FCPATH\index.php(67): CodeIgniter\CodeIgniter->run()
 6 SYSTEMPATH\Commands\Server\rewrite.php(47): require_once('FCPATH\\index.php')
CRITICAL - 2023-03-05 04:27:18 --> Undefined property: App\Controllers\Frontend\Homecontroller::$load
in APPPATH\Controllers\Frontend\HomeController.php on line 22.
 1 APPPATH\Controllers\Frontend\HomeController.php(22): CodeIgniter\Debug\Exceptions->errorHandler(2, 'Undefined property: App\\Controllers\\Frontend\\Homecontroller::$load', 'APPPATH\\Controllers\\Frontend\\HomeController.php', 22)
 2 SYSTEMPATH\CodeIgniter.php(934): App\Controllers\Frontend\Homecontroller->index()
 3 SYSTEMPATH\CodeIgniter.php(499): CodeIgniter\CodeIgniter->runController(Object(App\Controllers\Frontend\Homecontroller))
 4 SYSTEMPATH\CodeIgniter.php(368): CodeIgniter\CodeIgniter->handleRequest(null, Object(Config\Cache), false)
 5 FCPATH\index.php(67): CodeIgniter\CodeIgniter->run()
 6 SYSTEMPATH\Commands\Server\rewrite.php(47): require_once('FCPATH\\index.php')
CRITICAL - 2023-03-05 04:28:51 --> Object of class CodeIgniter\Database\MySQLi\Connection could not be converted to string
in APPPATH\Controllers\Frontend\HomeController.php on line 22.
 1 SYSTEMPATH\CodeIgniter.php(934): App\Controllers\Frontend\Homecontroller->index()
 2 SYSTEMPATH\CodeIgniter.php(499): CodeIgniter\CodeIgniter->runController(Object(App\Controllers\Frontend\Homecontroller))
 3 SYSTEMPATH\CodeIgniter.php(368): CodeIgniter\CodeIgniter->handleRequest(null, Object(Config\Cache), false)
 4 FCPATH\index.php(67): CodeIgniter\CodeIgniter->run()
 5 SYSTEMPATH\Commands\Server\rewrite.php(47): require_once('FCPATH\\index.php')
CRITICAL - 2023-03-05 04:34:17 --> nadi-clinic001 is not a valid database connection group.
in SYSTEMPATH\Database\Config.php on line 70.
 1 APPPATH\Controllers\Frontend\HomeController.php(20): CodeIgniter\Database\Config::connect('nadi-clinic001')
 2 SYSTEMPATH\CodeIgniter.php(934): App\Controllers\Frontend\Homecontroller->index()
 3 SYSTEMPATH\CodeIgniter.php(499): CodeIgniter\CodeIgniter->runController(Object(App\Controllers\Frontend\Homecontroller))
 4 SYSTEMPATH\CodeIgniter.php(368): CodeIgniter\CodeIgniter->handleRequest(null, Object(Config\Cache), false)
 5 FCPATH\index.php(67): CodeIgniter\CodeIgniter->run()
 6 SYSTEMPATH\Commands\Server\rewrite.php(47): require_once('FCPATH\\index.php')
CRITICAL - 2023-03-05 04:34:39 --> nadi-app is not a valid database connection group.
in SYSTEMPATH\Database\Config.php on line 70.
 1 APPPATH\Controllers\Frontend\HomeController.php(21): CodeIgniter\Database\Config::connect('nadi-app')
 2 SYSTEMPATH\CodeIgniter.php(934): App\Controllers\Frontend\Homecontroller->index()
 3 SYSTEMPATH\CodeIgniter.php(499): CodeIgniter\CodeIgniter->runController(Object(App\Controllers\Frontend\Homecontroller))
 4 SYSTEMPATH\CodeIgniter.php(368): CodeIgniter\CodeIgniter->handleRequest(null, Object(Config\Cache), false)
 5 FCPATH\index.php(67): CodeIgniter\CodeIgniter->run()
 6 SYSTEMPATH\Commands\Server\rewrite.php(47): require_once('FCPATH\\index.php')
CRITICAL - 2023-03-05 04:35:12 --> nadi-app is not a valid database connection group.
in SYSTEMPATH\Database\Config.php on line 70.
 1 APPPATH\Controllers\Frontend\HomeController.php(21): CodeIgniter\Database\Config::connect('nadi-app')
 2 SYSTEMPATH\CodeIgniter.php(934): App\Controllers\Frontend\Homecontroller->index()
 3 SYSTEMPATH\CodeIgniter.php(499): CodeIgniter\CodeIgniter->runController(Object(App\Controllers\Frontend\Homecontroller))
 4 SYSTEMPATH\CodeIgniter.php(368): CodeIgniter\CodeIgniter->handleRequest(null, Object(Config\Cache), false)
 5 FCPATH\index.php(67): CodeIgniter\CodeIgniter->run()
 6 SYSTEMPATH\Commands\Server\rewrite.php(47): require_once('FCPATH\\index.php')
CRITICAL - 2023-03-05 04:35:14 --> nadi-app is not a valid database connection group.
in SYSTEMPATH\Database\Config.php on line 70.
 1 APPPATH\Controllers\Frontend\HomeController.php(21): CodeIgniter\Database\Config::connect('nadi-app')
 2 SYSTEMPATH\CodeIgniter.php(934): App\Controllers\Frontend\Homecontroller->index()
 3 SYSTEMPATH\CodeIgniter.php(499): CodeIgniter\CodeIgniter->runController(Object(App\Controllers\Frontend\Homecontroller))
 4 SYSTEMPATH\CodeIgniter.php(368): CodeIgniter\CodeIgniter->handleRequest(null, Object(Config\Cache), false)
 5 FCPATH\index.php(67): CodeIgniter\CodeIgniter->run()
 6 SYSTEMPATH\Commands\Server\rewrite.php(47): require_once('FCPATH\\index.php')
CRITICAL - 2023-03-05 04:35:35 --> `nadi-clinic001` is not a valid database connection group.
in SYSTEMPATH\Database\Config.php on line 70.
 1 APPPATH\Controllers\Frontend\HomeController.php(20): CodeIgniter\Database\Config::connect('`nadi-clinic001`')
 2 SYSTEMPATH\CodeIgniter.php(934): App\Controllers\Frontend\Homecontroller->index()
 3 SYSTEMPATH\CodeIgniter.php(499): CodeIgniter\CodeIgniter->runController(Object(App\Controllers\Frontend\Homecontroller))
 4 SYSTEMPATH\CodeIgniter.php(368): CodeIgniter\CodeIgniter->handleRequest(null, Object(Config\Cache), false)
 5 FCPATH\index.php(67): CodeIgniter\CodeIgniter->run()
 6 SYSTEMPATH\Commands\Server\rewrite.php(47): require_once('FCPATH\\index.php')
CRITICAL - 2023-03-05 04:36:12 --> ww is not a valid database connection group.
in SYSTEMPATH\Database\Config.php on line 70.
 1 APPPATH\Controllers\Frontend\HomeController.php(20): CodeIgniter\Database\Config::connect('ww')
 2 SYSTEMPATH\CodeIgniter.php(934): App\Controllers\Frontend\Homecontroller->index()
 3 SYSTEMPATH\CodeIgniter.php(499): CodeIgniter\CodeIgniter->runController(Object(App\Controllers\Frontend\Homecontroller))
 4 SYSTEMPATH\CodeIgniter.php(368): CodeIgniter\CodeIgniter->handleRequest(null, Object(Config\Cache), false)
 5 FCPATH\index.php(67): CodeIgniter\CodeIgniter->run()
 6 SYSTEMPATH\Commands\Server\rewrite.php(47): require_once('FCPATH\\index.php')
CRITICAL - 2023-03-05 04:40:43 --> ww is not a valid database connection group.
in SYSTEMPATH\Database\Config.php on line 70.
 1 APPPATH\Controllers\Frontend\HomeController.php(20): CodeIgniter\Database\Config::connect('ww', true)
 2 SYSTEMPATH\CodeIgniter.php(934): App\Controllers\Frontend\Homecontroller->index()
 3 SYSTEMPATH\CodeIgniter.php(499): CodeIgniter\CodeIgniter->runController(Object(App\Controllers\Frontend\Homecontroller))
 4 SYSTEMPATH\CodeIgniter.php(368): CodeIgniter\CodeIgniter->handleRequest(null, Object(Config\Cache), false)
 5 FCPATH\index.php(67): CodeIgniter\CodeIgniter->run()
 6 SYSTEMPATH\Commands\Server\rewrite.php(47): require_once('FCPATH\\index.php')
CRITICAL - 2023-03-05 04:40:44 --> ww is not a valid database connection group.
in SYSTEMPATH\Database\Config.php on line 70.
 1 APPPATH\Controllers\Frontend\HomeController.php(20): CodeIgniter\Database\Config::connect('ww', true)
 2 SYSTEMPATH\CodeIgniter.php(934): App\Controllers\Frontend\Homecontroller->index()
 3 SYSTEMPATH\CodeIgniter.php(499): CodeIgniter\CodeIgniter->runController(Object(App\Controllers\Frontend\Homecontroller))
 4 SYSTEMPATH\CodeIgniter.php(368): CodeIgniter\CodeIgniter->handleRequest(null, Object(Config\Cache), false)
 5 FCPATH\index.php(67): CodeIgniter\CodeIgniter->run()
 6 SYSTEMPATH\Commands\Server\rewrite.php(47): require_once('FCPATH\\index.php')
CRITICAL - 2023-03-05 04:40:45 --> ww is not a valid database connection group.
in SYSTEMPATH\Database\Config.php on line 70.
 1 APPPATH\Controllers\Frontend\HomeController.php(20): CodeIgniter\Database\Config::connect('ww', true)
 2 SYSTEMPATH\CodeIgniter.php(934): App\Controllers\Frontend\Homecontroller->index()
 3 SYSTEMPATH\CodeIgniter.php(499): CodeIgniter\CodeIgniter->runController(Object(App\Controllers\Frontend\Homecontroller))
 4 SYSTEMPATH\CodeIgniter.php(368): CodeIgniter\CodeIgniter->handleRequest(null, Object(Config\Cache), false)
 5 FCPATH\index.php(67): CodeIgniter\CodeIgniter->run()
 6 SYSTEMPATH\Commands\Server\rewrite.php(47): require_once('FCPATH\\index.php')
CRITICAL - 2023-03-05 04:40:45 --> ww is not a valid database connection group.
in SYSTEMPATH\Database\Config.php on line 70.
 1 APPPATH\Controllers\Frontend\HomeController.php(20): CodeIgniter\Database\Config::connect('ww', true)
 2 SYSTEMPATH\CodeIgniter.php(934): App\Controllers\Frontend\Homecontroller->index()
 3 SYSTEMPATH\CodeIgniter.php(499): CodeIgniter\CodeIgniter->runController(Object(App\Controllers\Frontend\Homecontroller))
 4 SYSTEMPATH\CodeIgniter.php(368): CodeIgniter\CodeIgniter->handleRequest(null, Object(Config\Cache), false)
 5 FCPATH\index.php(67): CodeIgniter\CodeIgniter->run()
 6 SYSTEMPATH\Commands\Server\rewrite.php(47): require_once('FCPATH\\index.php')
CRITICAL - 2023-03-05 04:41:22 --> ww is not a valid database connection group.
in SYSTEMPATH\Database\Config.php on line 70.
 1 APPPATH\Controllers\Frontend\HomeController.php(20): CodeIgniter\Database\Config::connect('ww', false)
 2 SYSTEMPATH\CodeIgniter.php(934): App\Controllers\Frontend\Homecontroller->index()
 3 SYSTEMPATH\CodeIgniter.php(499): CodeIgniter\CodeIgniter->runController(Object(App\Controllers\Frontend\Homecontroller))
 4 SYSTEMPATH\CodeIgniter.php(368): CodeIgniter\CodeIgniter->handleRequest(null, Object(Config\Cache), false)
 5 FCPATH\index.php(67): CodeIgniter\CodeIgniter->run()
 6 SYSTEMPATH\Commands\Server\rewrite.php(47): require_once('FCPATH\\index.php')
CRITICAL - 2023-03-05 04:41:32 --> ww is not a valid database connection group.
in SYSTEMPATH\Database\Config.php on line 70.
 1 APPPATH\Controllers\Frontend\HomeController.php(20): CodeIgniter\Database\Config::connect('ww', false)
 2 SYSTEMPATH\CodeIgniter.php(934): App\Controllers\Frontend\Homecontroller->index()
 3 SYSTEMPATH\CodeIgniter.php(499): CodeIgniter\CodeIgniter->runController(Object(App\Controllers\Frontend\Homecontroller))
 4 SYSTEMPATH\CodeIgniter.php(368): CodeIgniter\CodeIgniter->handleRequest(null, Object(Config\Cache), false)
 5 FCPATH\index.php(67): CodeIgniter\CodeIgniter->run()
 6 SYSTEMPATH\Commands\Server\rewrite.php(47): require_once('FCPATH\\index.php')
CRITICAL - 2023-03-05 04:41:33 --> ww is not a valid database connection group.
in SYSTEMPATH\Database\Config.php on line 70.
 1 APPPATH\Controllers\Frontend\HomeController.php(20): CodeIgniter\Database\Config::connect('ww', false)
 2 SYSTEMPATH\CodeIgniter.php(934): App\Controllers\Frontend\Homecontroller->index()
 3 SYSTEMPATH\CodeIgniter.php(499): CodeIgniter\CodeIgniter->runController(Object(App\Controllers\Frontend\Homecontroller))
 4 SYSTEMPATH\CodeIgniter.php(368): CodeIgniter\CodeIgniter->handleRequest(null, Object(Config\Cache), false)
 5 FCPATH\index.php(67): CodeIgniter\CodeIgniter->run()
 6 SYSTEMPATH\Commands\Server\rewrite.php(47): require_once('FCPATH\\index.php')
CRITICAL - 2023-03-05 04:41:33 --> ww is not a valid database connection group.
in SYSTEMPATH\Database\Config.php on line 70.
 1 APPPATH\Controllers\Frontend\HomeController.php(20): CodeIgniter\Database\Config::connect('ww', false)
 2 SYSTEMPATH\CodeIgniter.php(934): App\Controllers\Frontend\Homecontroller->index()
 3 SYSTEMPATH\CodeIgniter.php(499): CodeIgniter\CodeIgniter->runController(Object(App\Controllers\Frontend\Homecontroller))
 4 SYSTEMPATH\CodeIgniter.php(368): CodeIgniter\CodeIgniter->handleRequest(null, Object(Config\Cache), false)
 5 FCPATH\index.php(67): CodeIgniter\CodeIgniter->run()
 6 SYSTEMPATH\Commands\Server\rewrite.php(47): require_once('FCPATH\\index.php')
CRITICAL - 2023-03-05 04:41:42 --> `nadi-app` is not a valid database connection group.
in SYSTEMPATH\Database\Config.php on line 70.
 1 APPPATH\Controllers\Frontend\HomeController.php(20): CodeIgniter\Database\Config::connect('`nadi-app`', false)
 2 SYSTEMPATH\CodeIgniter.php(934): App\Controllers\Frontend\Homecontroller->index()
 3 SYSTEMPATH\CodeIgniter.php(499): CodeIgniter\CodeIgniter->runController(Object(App\Controllers\Frontend\Homecontroller))
 4 SYSTEMPATH\CodeIgniter.php(368): CodeIgniter\CodeIgniter->handleRequest(null, Object(Config\Cache), false)
 5 FCPATH\index.php(67): CodeIgniter\CodeIgniter->run()
 6 SYSTEMPATH\Commands\Server\rewrite.php(47): require_once('FCPATH\\index.php')
ERROR - 2023-03-05 04:41:52 --> mysqli_sql_exception: Table 'nadi-clinic001.app' doesn't exist in C:\xampp8-2-0\htdocs\nadi-clinic001\system\Database\MySQLi\Connection.php:295
Stack trace:
#0 C:\xampp8-2-0\htdocs\nadi-clinic001\system\Database\MySQLi\Connection.php(295): mysqli->query('CREATE TABLE do...', 0)
#1 C:\xampp8-2-0\htdocs\nadi-clinic001\system\Database\BaseConnection.php(691): CodeIgniter\Database\MySQLi\Connection->execute('CREATE TABLE do...')
#2 C:\xampp8-2-0\htdocs\nadi-clinic001\system\Database\BaseConnection.php(605): CodeIgniter\Database\BaseConnection->simpleQuery('CREATE TABLE do...')
#3 C:\xampp8-2-0\htdocs\nadi-clinic001\app\Controllers\Frontend\HomeController.php(21): CodeIgniter\Database\BaseConnection->query('CREATE TABLE do...')
#4 C:\xampp8-2-0\htdocs\nadi-clinic001\system\CodeIgniter.php(934): App\Controllers\Frontend\Homecontroller->index()
#5 C:\xampp8-2-0\htdocs\nadi-clinic001\system\CodeIgniter.php(499): CodeIgniter\CodeIgniter->runController(Object(App\Controllers\Frontend\Homecontroller))
#6 C:\xampp8-2-0\htdocs\nadi-clinic001\system\CodeIgniter.php(368): CodeIgniter\CodeIgniter->handleRequest(NULL, Object(Config\Cache), false)
#7 C:\xampp8-2-0\htdocs\nadi-clinic001\public\index.php(67): CodeIgniter\CodeIgniter->run()
#8 C:\xampp8-2-0\htdocs\nadi-clinic001\system\Commands\Server\rewrite.php(47): require_once('C:\\xampp8-2-0\\h...')
#9 {main}
CRITICAL - 2023-03-05 04:41:52 --> Table 'nadi-clinic001.app' doesn't exist
in SYSTEMPATH\Database\BaseConnection.php on line 645.
 1 APPPATH\Controllers\Frontend\HomeController.php(21): CodeIgniter\Database\BaseConnection->query('CREATE TABLE dodi_app AS SELECT * FROM app')
 2 SYSTEMPATH\CodeIgniter.php(934): App\Controllers\Frontend\Homecontroller->index()
 3 SYSTEMPATH\CodeIgniter.php(499): CodeIgniter\CodeIgniter->runController(Object(App\Controllers\Frontend\Homecontroller))
 4 SYSTEMPATH\CodeIgniter.php(368): CodeIgniter\CodeIgniter->handleRequest(null, Object(Config\Cache), false)
 5 FCPATH\index.php(67): CodeIgniter\CodeIgniter->run()
 6 SYSTEMPATH\Commands\Server\rewrite.php(47): require_once('FCPATH\\index.php')
ERROR - 2023-03-05 05:26:51 --> mysqli_sql_exception: You have an error in your SQL syntax; check the manual that corresponds to your MariaDB server version for the right syntax to use near '-b1c9-11ed-80f6-c465162ee099.about AS SELECT * FROM clinic001.about' at line 1 in C:\xampp8-2-0\htdocs\nadi-clinic001\system\Database\MySQLi\Connection.php:295
Stack trace:
#0 C:\xampp8-2-0\htdocs\nadi-clinic001\system\Database\MySQLi\Connection.php(295): mysqli->query('CREATE TABLE cl...', 0)
#1 C:\xampp8-2-0\htdocs\nadi-clinic001\system\Database\BaseConnection.php(691): CodeIgniter\Database\MySQLi\Connection->execute('CREATE TABLE cl...')
#2 C:\xampp8-2-0\htdocs\nadi-clinic001\system\Database\BaseConnection.php(605): CodeIgniter\Database\BaseConnection->simpleQuery('CREATE TABLE cl...')
#3 C:\xampp8-2-0\htdocs\nadi-clinic001\app\Controllers\Frontend\BuildController.php(10): CodeIgniter\Database\BaseConnection->query('CREATE TABLE cl...')
#4 C:\xampp8-2-0\htdocs\nadi-clinic001\system\CodeIgniter.php(934): App\Controllers\Frontend\BuildController->index('66793fb6-b1c9-1...', 'dodi')
#5 C:\xampp8-2-0\htdocs\nadi-clinic001\system\CodeIgniter.php(499): CodeIgniter\CodeIgniter->runController(Object(App\Controllers\Frontend\BuildController))
#6 C:\xampp8-2-0\htdocs\nadi-clinic001\system\CodeIgniter.php(368): CodeIgniter\CodeIgniter->handleRequest(NULL, Object(Config\Cache), false)
#7 C:\xampp8-2-0\htdocs\nadi-clinic001\public\index.php(67): CodeIgniter\CodeIgniter->run()
#8 C:\xampp8-2-0\htdocs\nadi-clinic001\system\Commands\Server\rewrite.php(47): require_once('C:\\xampp8-2-0\\h...')
#9 {main}
CRITICAL - 2023-03-05 05:26:51 --> You have an error in your SQL syntax; check the manual that corresponds to your MariaDB server version for the right syntax to use near '-b1c9-11ed-80f6-c465162ee099.about AS SELECT * FROM clinic001.about' at line 1
in SYSTEMPATH\Database\BaseConnection.php on line 645.
 1 APPPATH\Controllers\Frontend\BuildController.php(10): CodeIgniter\Database\BaseConnection->query('CREATE TABLE clinic001_.66793fb6-b1c9-11ed-80f6-c465162ee099.about AS SELECT * FROM clinic001.about')
 2 SYSTEMPATH\CodeIgniter.php(934): App\Controllers\Frontend\BuildController->index('66793fb6-b1c9-11ed-80f6-c465162ee099', 'dodi')
 3 SYSTEMPATH\CodeIgniter.php(499): CodeIgniter\CodeIgniter->runController(Object(App\Controllers\Frontend\BuildController))
 4 SYSTEMPATH\CodeIgniter.php(368): CodeIgniter\CodeIgniter->handleRequest(null, Object(Config\Cache), false)
 5 FCPATH\index.php(67): CodeIgniter\CodeIgniter->run()
 6 SYSTEMPATH\Commands\Server\rewrite.php(47): require_once('FCPATH\\index.php')
ERROR - 2023-03-05 05:27:39 --> mysqli_sql_exception: You have an error in your SQL syntax; check the manual that corresponds to your MariaDB server version for the right syntax to use near '-b1c9-11ed-80f6-c465162ee099._.about AS SELECT * FROM clinic001_about' at line 1 in C:\xampp8-2-0\htdocs\nadi-clinic001\system\Database\MySQLi\Connection.php:295
Stack trace:
#0 C:\xampp8-2-0\htdocs\nadi-clinic001\system\Database\MySQLi\Connection.php(295): mysqli->query('CREATE TABLE cl...', 0)
#1 C:\xampp8-2-0\htdocs\nadi-clinic001\system\Database\BaseConnection.php(691): CodeIgniter\Database\MySQLi\Connection->execute('CREATE TABLE cl...')
#2 C:\xampp8-2-0\htdocs\nadi-clinic001\system\Database\BaseConnection.php(605): CodeIgniter\Database\BaseConnection->simpleQuery('CREATE TABLE cl...')
#3 C:\xampp8-2-0\htdocs\nadi-clinic001\app\Controllers\Frontend\BuildController.php(10): CodeIgniter\Database\BaseConnection->query('CREATE TABLE cl...')
#4 C:\xampp8-2-0\htdocs\nadi-clinic001\system\CodeIgniter.php(934): App\Controllers\Frontend\BuildController->index('66793fb6-b1c9-1...', 'dodi')
#5 C:\xampp8-2-0\htdocs\nadi-clinic001\system\CodeIgniter.php(499): CodeIgniter\CodeIgniter->runController(Object(App\Controllers\Frontend\BuildController))
#6 C:\xampp8-2-0\htdocs\nadi-clinic001\system\CodeIgniter.php(368): CodeIgniter\CodeIgniter->handleRequest(NULL, Object(Config\Cache), false)
#7 C:\xampp8-2-0\htdocs\nadi-clinic001\public\index.php(67): CodeIgniter\CodeIgniter->run()
#8 C:\xampp8-2-0\htdocs\nadi-clinic001\system\Commands\Server\rewrite.php(47): require_once('C:\\xampp8-2-0\\h...')
#9 {main}
CRITICAL - 2023-03-05 05:27:39 --> You have an error in your SQL syntax; check the manual that corresponds to your MariaDB server version for the right syntax to use near '-b1c9-11ed-80f6-c465162ee099._.about AS SELECT * FROM clinic001_about' at line 1
in SYSTEMPATH\Database\BaseConnection.php on line 645.
 1 APPPATH\Controllers\Frontend\BuildController.php(10): CodeIgniter\Database\BaseConnection->query('CREATE TABLE clinic001_.66793fb6-b1c9-11ed-80f6-c465162ee099._.about AS SELECT * FROM clinic001_about')
 2 SYSTEMPATH\CodeIgniter.php(934): App\Controllers\Frontend\BuildController->index('66793fb6-b1c9-11ed-80f6-c465162ee099', 'dodi')
 3 SYSTEMPATH\CodeIgniter.php(499): CodeIgniter\CodeIgniter->runController(Object(App\Controllers\Frontend\BuildController))
 4 SYSTEMPATH\CodeIgniter.php(368): CodeIgniter\CodeIgniter->handleRequest(null, Object(Config\Cache), false)
 5 FCPATH\index.php(67): CodeIgniter\CodeIgniter->run()
 6 SYSTEMPATH\Commands\Server\rewrite.php(47): require_once('FCPATH\\index.php')
ERROR - 2023-03-05 05:27:46 --> mysqli_sql_exception: You have an error in your SQL syntax; check the manual that corresponds to your MariaDB server version for the right syntax to use near '-b1c9-11ed-80f6-c465162ee099._.about AS SELECT * FROM clinic001_about' at line 1 in C:\xampp8-2-0\htdocs\nadi-clinic001\system\Database\MySQLi\Connection.php:295
Stack trace:
#0 C:\xampp8-2-0\htdocs\nadi-clinic001\system\Database\MySQLi\Connection.php(295): mysqli->query('CREATE TABLE cl...', 0)
#1 C:\xampp8-2-0\htdocs\nadi-clinic001\system\Database\BaseConnection.php(691): CodeIgniter\Database\MySQLi\Connection->execute('CREATE TABLE cl...')
#2 C:\xampp8-2-0\htdocs\nadi-clinic001\system\Database\BaseConnection.php(605): CodeIgniter\Database\BaseConnection->simpleQuery('CREATE TABLE cl...')
#3 C:\xampp8-2-0\htdocs\nadi-clinic001\app\Controllers\Frontend\BuildController.php(10): CodeIgniter\Database\BaseConnection->query('CREATE TABLE cl...')
#4 C:\xampp8-2-0\htdocs\nadi-clinic001\system\CodeIgniter.php(934): App\Controllers\Frontend\BuildController->index('66793fb6-b1c9-1...', 'dodi')
#5 C:\xampp8-2-0\htdocs\nadi-clinic001\system\CodeIgniter.php(499): CodeIgniter\CodeIgniter->runController(Object(App\Controllers\Frontend\BuildController))
#6 C:\xampp8-2-0\htdocs\nadi-clinic001\system\CodeIgniter.php(368): CodeIgniter\CodeIgniter->handleRequest(NULL, Object(Config\Cache), false)
#7 C:\xampp8-2-0\htdocs\nadi-clinic001\public\index.php(67): CodeIgniter\CodeIgniter->run()
#8 C:\xampp8-2-0\htdocs\nadi-clinic001\system\Commands\Server\rewrite.php(47): require_once('C:\\xampp8-2-0\\h...')
#9 {main}
CRITICAL - 2023-03-05 05:27:46 --> You have an error in your SQL syntax; check the manual that corresponds to your MariaDB server version for the right syntax to use near '-b1c9-11ed-80f6-c465162ee099._.about AS SELECT * FROM clinic001_about' at line 1
in SYSTEMPATH\Database\BaseConnection.php on line 645.
 1 APPPATH\Controllers\Frontend\BuildController.php(10): CodeIgniter\Database\BaseConnection->query('CREATE TABLE clinic001_.66793fb6-b1c9-11ed-80f6-c465162ee099._.about AS SELECT * FROM clinic001_about')
 2 SYSTEMPATH\CodeIgniter.php(934): App\Controllers\Frontend\BuildController->index('66793fb6-b1c9-11ed-80f6-c465162ee099', 'dodi')
 3 SYSTEMPATH\CodeIgniter.php(499): CodeIgniter\CodeIgniter->runController(Object(App\Controllers\Frontend\BuildController))
 4 SYSTEMPATH\CodeIgniter.php(368): CodeIgniter\CodeIgniter->handleRequest(null, Object(Config\Cache), false)
 5 FCPATH\index.php(67): CodeIgniter\CodeIgniter->run()
 6 SYSTEMPATH\Commands\Server\rewrite.php(47): require_once('FCPATH\\index.php')
ERROR - 2023-03-05 05:28:03 --> mysqli_sql_exception: You have an error in your SQL syntax; check the manual that corresponds to your MariaDB server version for the right syntax to use near '._.about AS SELECT * FROM clinic001_about' at line 1 in C:\xampp8-2-0\htdocs\nadi-clinic001\system\Database\MySQLi\Connection.php:295
Stack trace:
#0 C:\xampp8-2-0\htdocs\nadi-clinic001\system\Database\MySQLi\Connection.php(295): mysqli->query('CREATE TABLE cl...', 0)
#1 C:\xampp8-2-0\htdocs\nadi-clinic001\system\Database\BaseConnection.php(691): CodeIgniter\Database\MySQLi\Connection->execute('CREATE TABLE cl...')
#2 C:\xampp8-2-0\htdocs\nadi-clinic001\system\Database\BaseConnection.php(605): CodeIgniter\Database\BaseConnection->simpleQuery('CREATE TABLE cl...')
#3 C:\xampp8-2-0\htdocs\nadi-clinic001\app\Controllers\Frontend\BuildController.php(10): CodeIgniter\Database\BaseConnection->query('CREATE TABLE cl...')
#4 C:\xampp8-2-0\htdocs\nadi-clinic001\system\CodeIgniter.php(934): App\Controllers\Frontend\BuildController->index('66793fb6-b1c9-1...', 'dodi')
#5 C:\xampp8-2-0\htdocs\nadi-clinic001\system\CodeIgniter.php(499): CodeIgniter\CodeIgniter->runController(Object(App\Controllers\Frontend\BuildController))
#6 C:\xampp8-2-0\htdocs\nadi-clinic001\system\CodeIgniter.php(368): CodeIgniter\CodeIgniter->handleRequest(NULL, Object(Config\Cache), false)
#7 C:\xampp8-2-0\htdocs\nadi-clinic001\public\index.php(67): CodeIgniter\CodeIgniter->run()
#8 C:\xampp8-2-0\htdocs\nadi-clinic001\system\Commands\Server\rewrite.php(47): require_once('C:\\xampp8-2-0\\h...')
#9 {main}
CRITICAL - 2023-03-05 05:28:03 --> You have an error in your SQL syntax; check the manual that corresponds to your MariaDB server version for the right syntax to use near '._.about AS SELECT * FROM clinic001_about' at line 1
in SYSTEMPATH\Database\BaseConnection.php on line 645.
 1 APPPATH\Controllers\Frontend\BuildController.php(10): CodeIgniter\Database\BaseConnection->query('CREATE TABLE clinic001_.dodi._.about AS SELECT * FROM clinic001_about')
 2 SYSTEMPATH\CodeIgniter.php(934): App\Controllers\Frontend\BuildController->index('66793fb6-b1c9-11ed-80f6-c465162ee099', 'dodi')
 3 SYSTEMPATH\CodeIgniter.php(499): CodeIgniter\CodeIgniter->runController(Object(App\Controllers\Frontend\BuildController))
 4 SYSTEMPATH\CodeIgniter.php(368): CodeIgniter\CodeIgniter->handleRequest(null, Object(Config\Cache), false)
 5 FCPATH\index.php(67): CodeIgniter\CodeIgniter->run()
 6 SYSTEMPATH\Commands\Server\rewrite.php(47): require_once('FCPATH\\index.php')
ERROR - 2023-03-05 05:28:08 --> mysqli_sql_exception: You have an error in your SQL syntax; check the manual that corresponds to your MariaDB server version for the right syntax to use near '._.about AS SELECT * FROM clinic001_about' at line 1 in C:\xampp8-2-0\htdocs\nadi-clinic001\system\Database\MySQLi\Connection.php:295
Stack trace:
#0 C:\xampp8-2-0\htdocs\nadi-clinic001\system\Database\MySQLi\Connection.php(295): mysqli->query('CREATE TABLE cl...', 0)
#1 C:\xampp8-2-0\htdocs\nadi-clinic001\system\Database\BaseConnection.php(691): CodeIgniter\Database\MySQLi\Connection->execute('CREATE TABLE cl...')
#2 C:\xampp8-2-0\htdocs\nadi-clinic001\system\Database\BaseConnection.php(605): CodeIgniter\Database\BaseConnection->simpleQuery('CREATE TABLE cl...')
#3 C:\xampp8-2-0\htdocs\nadi-clinic001\app\Controllers\Frontend\BuildController.php(10): CodeIgniter\Database\BaseConnection->query('CREATE TABLE cl...')
#4 C:\xampp8-2-0\htdocs\nadi-clinic001\system\CodeIgniter.php(934): App\Controllers\Frontend\BuildController->index('66793fb6-b1c9-1...', 'dodi')
#5 C:\xampp8-2-0\htdocs\nadi-clinic001\system\CodeIgniter.php(499): CodeIgniter\CodeIgniter->runController(Object(App\Controllers\Frontend\BuildController))
#6 C:\xampp8-2-0\htdocs\nadi-clinic001\system\CodeIgniter.php(368): CodeIgniter\CodeIgniter->handleRequest(NULL, Object(Config\Cache), false)
#7 C:\xampp8-2-0\htdocs\nadi-clinic001\public\index.php(67): CodeIgniter\CodeIgniter->run()
#8 C:\xampp8-2-0\htdocs\nadi-clinic001\system\Commands\Server\rewrite.php(47): require_once('C:\\xampp8-2-0\\h...')
#9 {main}
CRITICAL - 2023-03-05 05:28:08 --> You have an error in your SQL syntax; check the manual that corresponds to your MariaDB server version for the right syntax to use near '._.about AS SELECT * FROM clinic001_about' at line 1
in SYSTEMPATH\Database\BaseConnection.php on line 645.
 1 APPPATH\Controllers\Frontend\BuildController.php(10): CodeIgniter\Database\BaseConnection->query('CREATE TABLE clinic001_.dodi._.about AS SELECT * FROM clinic001_about')
 2 SYSTEMPATH\CodeIgniter.php(934): App\Controllers\Frontend\BuildController->index('66793fb6-b1c9-11ed-80f6-c465162ee099', 'dodi')
 3 SYSTEMPATH\CodeIgniter.php(499): CodeIgniter\CodeIgniter->runController(Object(App\Controllers\Frontend\BuildController))
 4 SYSTEMPATH\CodeIgniter.php(368): CodeIgniter\CodeIgniter->handleRequest(null, Object(Config\Cache), false)
 5 FCPATH\index.php(67): CodeIgniter\CodeIgniter->run()
 6 SYSTEMPATH\Commands\Server\rewrite.php(47): require_once('FCPATH\\index.php')
ERROR - 2023-03-05 05:28:49 --> mysqli_sql_exception: You have an error in your SQL syntax; check the manual that corresponds to your MariaDB server version for the right syntax to use near '._about AS SELECT * FROM clinic001_about' at line 1 in C:\xampp8-2-0\htdocs\nadi-clinic001\system\Database\MySQLi\Connection.php:295
Stack trace:
#0 C:\xampp8-2-0\htdocs\nadi-clinic001\system\Database\MySQLi\Connection.php(295): mysqli->query('CREATE TABLE cl...', 0)
#1 C:\xampp8-2-0\htdocs\nadi-clinic001\system\Database\BaseConnection.php(691): CodeIgniter\Database\MySQLi\Connection->execute('CREATE TABLE cl...')
#2 C:\xampp8-2-0\htdocs\nadi-clinic001\system\Database\BaseConnection.php(605): CodeIgniter\Database\BaseConnection->simpleQuery('CREATE TABLE cl...')
#3 C:\xampp8-2-0\htdocs\nadi-clinic001\app\Controllers\Frontend\BuildController.php(10): CodeIgniter\Database\BaseConnection->query('CREATE TABLE cl...')
#4 C:\xampp8-2-0\htdocs\nadi-clinic001\system\CodeIgniter.php(934): App\Controllers\Frontend\BuildController->index('66793fb6-b1c9-1...', 'dodi')
#5 C:\xampp8-2-0\htdocs\nadi-clinic001\system\CodeIgniter.php(499): CodeIgniter\CodeIgniter->runController(Object(App\Controllers\Frontend\BuildController))
#6 C:\xampp8-2-0\htdocs\nadi-clinic001\system\CodeIgniter.php(368): CodeIgniter\CodeIgniter->handleRequest(NULL, Object(Config\Cache), false)
#7 C:\xampp8-2-0\htdocs\nadi-clinic001\public\index.php(67): CodeIgniter\CodeIgniter->run()
#8 C:\xampp8-2-0\htdocs\nadi-clinic001\system\Commands\Server\rewrite.php(47): require_once('C:\\xampp8-2-0\\h...')
#9 {main}
CRITICAL - 2023-03-05 05:28:49 --> You have an error in your SQL syntax; check the manual that corresponds to your MariaDB server version for the right syntax to use near '._about AS SELECT * FROM clinic001_about' at line 1
in SYSTEMPATH\Database\BaseConnection.php on line 645.
 1 APPPATH\Controllers\Frontend\BuildController.php(10): CodeIgniter\Database\BaseConnection->query('CREATE TABLE clinic001_.dodi._about AS SELECT * FROM clinic001_about')
 2 SYSTEMPATH\CodeIgniter.php(934): App\Controllers\Frontend\BuildController->index('66793fb6-b1c9-11ed-80f6-c465162ee099', 'dodi')
 3 SYSTEMPATH\CodeIgniter.php(499): CodeIgniter\CodeIgniter->runController(Object(App\Controllers\Frontend\BuildController))
 4 SYSTEMPATH\CodeIgniter.php(368): CodeIgniter\CodeIgniter->handleRequest(null, Object(Config\Cache), false)
 5 FCPATH\index.php(67): CodeIgniter\CodeIgniter->run()
 6 SYSTEMPATH\Commands\Server\rewrite.php(47): require_once('FCPATH\\index.php')
ERROR - 2023-03-05 05:28:53 --> mysqli_sql_exception: You have an error in your SQL syntax; check the manual that corresponds to your MariaDB server version for the right syntax to use near '._about AS SELECT * FROM clinic001_about' at line 1 in C:\xampp8-2-0\htdocs\nadi-clinic001\system\Database\MySQLi\Connection.php:295
Stack trace:
#0 C:\xampp8-2-0\htdocs\nadi-clinic001\system\Database\MySQLi\Connection.php(295): mysqli->query('CREATE TABLE cl...', 0)
#1 C:\xampp8-2-0\htdocs\nadi-clinic001\system\Database\BaseConnection.php(691): CodeIgniter\Database\MySQLi\Connection->execute('CREATE TABLE cl...')
#2 C:\xampp8-2-0\htdocs\nadi-clinic001\system\Database\BaseConnection.php(605): CodeIgniter\Database\BaseConnection->simpleQuery('CREATE TABLE cl...')
#3 C:\xampp8-2-0\htdocs\nadi-clinic001\app\Controllers\Frontend\BuildController.php(10): CodeIgniter\Database\BaseConnection->query('CREATE TABLE cl...')
#4 C:\xampp8-2-0\htdocs\nadi-clinic001\system\CodeIgniter.php(934): App\Controllers\Frontend\BuildController->index('66793fb6-b1c9-1...', 'dodi')
#5 C:\xampp8-2-0\htdocs\nadi-clinic001\system\CodeIgniter.php(499): CodeIgniter\CodeIgniter->runController(Object(App\Controllers\Frontend\BuildController))
#6 C:\xampp8-2-0\htdocs\nadi-clinic001\system\CodeIgniter.php(368): CodeIgniter\CodeIgniter->handleRequest(NULL, Object(Config\Cache), false)
#7 C:\xampp8-2-0\htdocs\nadi-clinic001\public\index.php(67): CodeIgniter\CodeIgniter->run()
#8 C:\xampp8-2-0\htdocs\nadi-clinic001\system\Commands\Server\rewrite.php(47): require_once('C:\\xampp8-2-0\\h...')
#9 {main}
CRITICAL - 2023-03-05 05:28:53 --> You have an error in your SQL syntax; check the manual that corresponds to your MariaDB server version for the right syntax to use near '._about AS SELECT * FROM clinic001_about' at line 1
in SYSTEMPATH\Database\BaseConnection.php on line 645.
 1 APPPATH\Controllers\Frontend\BuildController.php(10): CodeIgniter\Database\BaseConnection->query('CREATE TABLE clinic001_.dodi._about AS SELECT * FROM clinic001_about')
 2 SYSTEMPATH\CodeIgniter.php(934): App\Controllers\Frontend\BuildController->index('66793fb6-b1c9-11ed-80f6-c465162ee099', 'dodi')
 3 SYSTEMPATH\CodeIgniter.php(499): CodeIgniter\CodeIgniter->runController(Object(App\Controllers\Frontend\BuildController))
 4 SYSTEMPATH\CodeIgniter.php(368): CodeIgniter\CodeIgniter->handleRequest(null, Object(Config\Cache), false)
 5 FCPATH\index.php(67): CodeIgniter\CodeIgniter->run()
 6 SYSTEMPATH\Commands\Server\rewrite.php(47): require_once('FCPATH\\index.php')
ERROR - 2023-03-05 05:29:58 --> mysqli_sql_exception: You have an error in your SQL syntax; check the manual that corresponds to your MariaDB server version for the right syntax to use near ''clinic001_'.dodi.'_about' AS SELECT * FROM clinic001_about' at line 1 in C:\xampp8-2-0\htdocs\nadi-clinic001\system\Database\MySQLi\Connection.php:295
Stack trace:
#0 C:\xampp8-2-0\htdocs\nadi-clinic001\system\Database\MySQLi\Connection.php(295): mysqli->query('CREATE TABLE 'c...', 0)
#1 C:\xampp8-2-0\htdocs\nadi-clinic001\system\Database\BaseConnection.php(691): CodeIgniter\Database\MySQLi\Connection->execute('CREATE TABLE 'c...')
#2 C:\xampp8-2-0\htdocs\nadi-clinic001\system\Database\BaseConnection.php(605): CodeIgniter\Database\BaseConnection->simpleQuery('CREATE TABLE 'c...')
#3 C:\xampp8-2-0\htdocs\nadi-clinic001\app\Controllers\Frontend\BuildController.php(10): CodeIgniter\Database\BaseConnection->query('CREATE TABLE 'c...')
#4 C:\xampp8-2-0\htdocs\nadi-clinic001\system\CodeIgniter.php(934): App\Controllers\Frontend\BuildController->index('66793fb6-b1c9-1...', 'dodi')
#5 C:\xampp8-2-0\htdocs\nadi-clinic001\system\CodeIgniter.php(499): CodeIgniter\CodeIgniter->runController(Object(App\Controllers\Frontend\BuildController))
#6 C:\xampp8-2-0\htdocs\nadi-clinic001\system\CodeIgniter.php(368): CodeIgniter\CodeIgniter->handleRequest(NULL, Object(Config\Cache), false)
#7 C:\xampp8-2-0\htdocs\nadi-clinic001\public\index.php(67): CodeIgniter\CodeIgniter->run()
#8 C:\xampp8-2-0\htdocs\nadi-clinic001\system\Commands\Server\rewrite.php(47): require_once('C:\\xampp8-2-0\\h...')
#9 {main}
CRITICAL - 2023-03-05 05:29:58 --> You have an error in your SQL syntax; check the manual that corresponds to your MariaDB server version for the right syntax to use near ''clinic001_'.dodi.'_about' AS SELECT * FROM clinic001_about' at line 1
in SYSTEMPATH\Database\BaseConnection.php on line 645.
 1 APPPATH\Controllers\Frontend\BuildController.php(10): CodeIgniter\Database\BaseConnection->query('CREATE TABLE \'clinic001_\'.dodi.\'_about\' AS SELECT * FROM clinic001_about')
 2 SYSTEMPATH\CodeIgniter.php(934): App\Controllers\Frontend\BuildController->index('66793fb6-b1c9-11ed-80f6-c465162ee099', 'dodi')
 3 SYSTEMPATH\CodeIgniter.php(499): CodeIgniter\CodeIgniter->runController(Object(App\Controllers\Frontend\BuildController))
 4 SYSTEMPATH\CodeIgniter.php(368): CodeIgniter\CodeIgniter->handleRequest(null, Object(Config\Cache), false)
 5 FCPATH\index.php(67): CodeIgniter\CodeIgniter->run()
 6 SYSTEMPATH\Commands\Server\rewrite.php(47): require_once('FCPATH\\index.php')
ERROR - 2023-03-05 05:30:33 --> mysqli_sql_exception: You have an error in your SQL syntax; check the manual that corresponds to your MariaDB server version for the right syntax to use near ''clinic001_'.dodi.'_about' AS SELECT * FROM clinic001_about' at line 1 in C:\xampp8-2-0\htdocs\nadi-clinic001\system\Database\MySQLi\Connection.php:295
Stack trace:
#0 C:\xampp8-2-0\htdocs\nadi-clinic001\system\Database\MySQLi\Connection.php(295): mysqli->query('CREATE TABLE 'c...', 0)
#1 C:\xampp8-2-0\htdocs\nadi-clinic001\system\Database\BaseConnection.php(691): CodeIgniter\Database\MySQLi\Connection->execute('CREATE TABLE 'c...')
#2 C:\xampp8-2-0\htdocs\nadi-clinic001\system\Database\BaseConnection.php(605): CodeIgniter\Database\BaseConnection->simpleQuery('CREATE TABLE 'c...')
#3 C:\xampp8-2-0\htdocs\nadi-clinic001\app\Controllers\Frontend\BuildController.php(10): CodeIgniter\Database\BaseConnection->query('CREATE TABLE 'c...')
#4 C:\xampp8-2-0\htdocs\nadi-clinic001\system\CodeIgniter.php(934): App\Controllers\Frontend\BuildController->index('66793fb6-b1c9-1...', 'dodi')
#5 C:\xampp8-2-0\htdocs\nadi-clinic001\system\CodeIgniter.php(499): CodeIgniter\CodeIgniter->runController(Object(App\Controllers\Frontend\BuildController))
#6 C:\xampp8-2-0\htdocs\nadi-clinic001\system\CodeIgniter.php(368): CodeIgniter\CodeIgniter->handleRequest(NULL, Object(Config\Cache), false)
#7 C:\xampp8-2-0\htdocs\nadi-clinic001\public\index.php(67): CodeIgniter\CodeIgniter->run()
#8 C:\xampp8-2-0\htdocs\nadi-clinic001\system\Commands\Server\rewrite.php(47): require_once('C:\\xampp8-2-0\\h...')
#9 {main}
CRITICAL - 2023-03-05 05:30:33 --> You have an error in your SQL syntax; check the manual that corresponds to your MariaDB server version for the right syntax to use near ''clinic001_'.dodi.'_about' AS SELECT * FROM clinic001_about' at line 1
in SYSTEMPATH\Database\BaseConnection.php on line 645.
 1 APPPATH\Controllers\Frontend\BuildController.php(10): CodeIgniter\Database\BaseConnection->query('CREATE TABLE \'clinic001_\'.dodi.\'_about\' AS SELECT * FROM clinic001_about')
 2 SYSTEMPATH\CodeIgniter.php(934): App\Controllers\Frontend\BuildController->index('66793fb6-b1c9-11ed-80f6-c465162ee099', 'dodi')
 3 SYSTEMPATH\CodeIgniter.php(499): CodeIgniter\CodeIgniter->runController(Object(App\Controllers\Frontend\BuildController))
 4 SYSTEMPATH\CodeIgniter.php(368): CodeIgniter\CodeIgniter->handleRequest(null, Object(Config\Cache), false)
 5 FCPATH\index.php(67): CodeIgniter\CodeIgniter->run()
 6 SYSTEMPATH\Commands\Server\rewrite.php(47): require_once('FCPATH\\index.php')
ERROR - 2023-03-05 05:31:00 --> mysqli_sql_exception: You have an error in your SQL syntax; check the manual that corresponds to your MariaDB server version for the right syntax to use near '.`_about` AS SELECT * FROM clinic001_about' at line 1 in C:\xampp8-2-0\htdocs\nadi-clinic001\system\Database\MySQLi\Connection.php:295
Stack trace:
#0 C:\xampp8-2-0\htdocs\nadi-clinic001\system\Database\MySQLi\Connection.php(295): mysqli->query('CREATE TABLE `c...', 0)
#1 C:\xampp8-2-0\htdocs\nadi-clinic001\system\Database\BaseConnection.php(691): CodeIgniter\Database\MySQLi\Connection->execute('CREATE TABLE `c...')
#2 C:\xampp8-2-0\htdocs\nadi-clinic001\system\Database\BaseConnection.php(605): CodeIgniter\Database\BaseConnection->simpleQuery('CREATE TABLE `c...')
#3 C:\xampp8-2-0\htdocs\nadi-clinic001\app\Controllers\Frontend\BuildController.php(10): CodeIgniter\Database\BaseConnection->query('CREATE TABLE `c...')
#4 C:\xampp8-2-0\htdocs\nadi-clinic001\system\CodeIgniter.php(934): App\Controllers\Frontend\BuildController->index('66793fb6-b1c9-1...', 'dodi')
#5 C:\xampp8-2-0\htdocs\nadi-clinic001\system\CodeIgniter.php(499): CodeIgniter\CodeIgniter->runController(Object(App\Controllers\Frontend\BuildController))
#6 C:\xampp8-2-0\htdocs\nadi-clinic001\system\CodeIgniter.php(368): CodeIgniter\CodeIgniter->handleRequest(NULL, Object(Config\Cache), false)
#7 C:\xampp8-2-0\htdocs\nadi-clinic001\public\index.php(67): CodeIgniter\CodeIgniter->run()
#8 C:\xampp8-2-0\htdocs\nadi-clinic001\system\Commands\Server\rewrite.php(47): require_once('C:\\xampp8-2-0\\h...')
#9 {main}
CRITICAL - 2023-03-05 05:31:00 --> You have an error in your SQL syntax; check the manual that corresponds to your MariaDB server version for the right syntax to use near '.`_about` AS SELECT * FROM clinic001_about' at line 1
in SYSTEMPATH\Database\BaseConnection.php on line 645.
 1 APPPATH\Controllers\Frontend\BuildController.php(10): CodeIgniter\Database\BaseConnection->query('CREATE TABLE `clinic001_`.dodi.`_about` AS SELECT * FROM clinic001_about')
 2 SYSTEMPATH\CodeIgniter.php(934): App\Controllers\Frontend\BuildController->index('66793fb6-b1c9-11ed-80f6-c465162ee099', 'dodi')
 3 SYSTEMPATH\CodeIgniter.php(499): CodeIgniter\CodeIgniter->runController(Object(App\Controllers\Frontend\BuildController))
 4 SYSTEMPATH\CodeIgniter.php(368): CodeIgniter\CodeIgniter->handleRequest(null, Object(Config\Cache), false)
 5 FCPATH\index.php(67): CodeIgniter\CodeIgniter->run()
 6 SYSTEMPATH\Commands\Server\rewrite.php(47): require_once('FCPATH\\index.php')
ERROR - 2023-03-05 05:31:16 --> mysqli_sql_exception: You have an error in your SQL syntax; check the manual that corresponds to your MariaDB server version for the right syntax to use near '`_about` AS SELECT * FROM clinic001_about' at line 1 in C:\xampp8-2-0\htdocs\nadi-clinic001\system\Database\MySQLi\Connection.php:295
Stack trace:
#0 C:\xampp8-2-0\htdocs\nadi-clinic001\system\Database\MySQLi\Connection.php(295): mysqli->query('CREATE TABLE `c...', 0)
#1 C:\xampp8-2-0\htdocs\nadi-clinic001\system\Database\BaseConnection.php(691): CodeIgniter\Database\MySQLi\Connection->execute('CREATE TABLE `c...')
#2 C:\xampp8-2-0\htdocs\nadi-clinic001\system\Database\BaseConnection.php(605): CodeIgniter\Database\BaseConnection->simpleQuery('CREATE TABLE `c...')
#3 C:\xampp8-2-0\htdocs\nadi-clinic001\app\Controllers\Frontend\BuildController.php(10): CodeIgniter\Database\BaseConnection->query('CREATE TABLE `c...')
#4 C:\xampp8-2-0\htdocs\nadi-clinic001\system\CodeIgniter.php(934): App\Controllers\Frontend\BuildController->index('66793fb6-b1c9-1...', 'dodi')
#5 C:\xampp8-2-0\htdocs\nadi-clinic001\system\CodeIgniter.php(499): CodeIgniter\CodeIgniter->runController(Object(App\Controllers\Frontend\BuildController))
#6 C:\xampp8-2-0\htdocs\nadi-clinic001\system\CodeIgniter.php(368): CodeIgniter\CodeIgniter->handleRequest(NULL, Object(Config\Cache), false)
#7 C:\xampp8-2-0\htdocs\nadi-clinic001\public\index.php(67): CodeIgniter\CodeIgniter->run()
#8 C:\xampp8-2-0\htdocs\nadi-clinic001\system\Commands\Server\rewrite.php(47): require_once('C:\\xampp8-2-0\\h...')
#9 {main}
CRITICAL - 2023-03-05 05:31:16 --> You have an error in your SQL syntax; check the manual that corresponds to your MariaDB server version for the right syntax to use near '`_about` AS SELECT * FROM clinic001_about' at line 1
in SYSTEMPATH\Database\BaseConnection.php on line 645.
 1 APPPATH\Controllers\Frontend\BuildController.php(10): CodeIgniter\Database\BaseConnection->query('CREATE TABLE `clinic001_`dodi`_about` AS SELECT * FROM clinic001_about')
 2 SYSTEMPATH\CodeIgniter.php(934): App\Controllers\Frontend\BuildController->index('66793fb6-b1c9-11ed-80f6-c465162ee099', 'dodi')
 3 SYSTEMPATH\CodeIgniter.php(499): CodeIgniter\CodeIgniter->runController(Object(App\Controllers\Frontend\BuildController))
 4 SYSTEMPATH\CodeIgniter.php(368): CodeIgniter\CodeIgniter->handleRequest(null, Object(Config\Cache), false)
 5 FCPATH\index.php(67): CodeIgniter\CodeIgniter->run()
 6 SYSTEMPATH\Commands\Server\rewrite.php(47): require_once('FCPATH\\index.php')
ERROR - 2023-03-05 05:31:17 --> mysqli_sql_exception: You have an error in your SQL syntax; check the manual that corresponds to your MariaDB server version for the right syntax to use near '`_about` AS SELECT * FROM clinic001_about' at line 1 in C:\xampp8-2-0\htdocs\nadi-clinic001\system\Database\MySQLi\Connection.php:295
Stack trace:
#0 C:\xampp8-2-0\htdocs\nadi-clinic001\system\Database\MySQLi\Connection.php(295): mysqli->query('CREATE TABLE `c...', 0)
#1 C:\xampp8-2-0\htdocs\nadi-clinic001\system\Database\BaseConnection.php(691): CodeIgniter\Database\MySQLi\Connection->execute('CREATE TABLE `c...')
#2 C:\xampp8-2-0\htdocs\nadi-clinic001\system\Database\BaseConnection.php(605): CodeIgniter\Database\BaseConnection->simpleQuery('CREATE TABLE `c...')
#3 C:\xampp8-2-0\htdocs\nadi-clinic001\app\Controllers\Frontend\BuildController.php(10): CodeIgniter\Database\BaseConnection->query('CREATE TABLE `c...')
#4 C:\xampp8-2-0\htdocs\nadi-clinic001\system\CodeIgniter.php(934): App\Controllers\Frontend\BuildController->index('66793fb6-b1c9-1...', 'dodi')
#5 C:\xampp8-2-0\htdocs\nadi-clinic001\system\CodeIgniter.php(499): CodeIgniter\CodeIgniter->runController(Object(App\Controllers\Frontend\BuildController))
#6 C:\xampp8-2-0\htdocs\nadi-clinic001\system\CodeIgniter.php(368): CodeIgniter\CodeIgniter->handleRequest(NULL, Object(Config\Cache), false)
#7 C:\xampp8-2-0\htdocs\nadi-clinic001\public\index.php(67): CodeIgniter\CodeIgniter->run()
#8 C:\xampp8-2-0\htdocs\nadi-clinic001\system\Commands\Server\rewrite.php(47): require_once('C:\\xampp8-2-0\\h...')
#9 {main}
CRITICAL - 2023-03-05 05:31:17 --> You have an error in your SQL syntax; check the manual that corresponds to your MariaDB server version for the right syntax to use near '`_about` AS SELECT * FROM clinic001_about' at line 1
in SYSTEMPATH\Database\BaseConnection.php on line 645.
 1 APPPATH\Controllers\Frontend\BuildController.php(10): CodeIgniter\Database\BaseConnection->query('CREATE TABLE `clinic001_`dodi`_about` AS SELECT * FROM clinic001_about')
 2 SYSTEMPATH\CodeIgniter.php(934): App\Controllers\Frontend\BuildController->index('66793fb6-b1c9-11ed-80f6-c465162ee099', 'dodi')
 3 SYSTEMPATH\CodeIgniter.php(499): CodeIgniter\CodeIgniter->runController(Object(App\Controllers\Frontend\BuildController))
 4 SYSTEMPATH\CodeIgniter.php(368): CodeIgniter\CodeIgniter->handleRequest(null, Object(Config\Cache), false)
 5 FCPATH\index.php(67): CodeIgniter\CodeIgniter->run()
 6 SYSTEMPATH\Commands\Server\rewrite.php(47): require_once('FCPATH\\index.php')
ERROR - 2023-03-05 05:31:19 --> mysqli_sql_exception: You have an error in your SQL syntax; check the manual that corresponds to your MariaDB server version for the right syntax to use near '`_about` AS SELECT * FROM clinic001_about' at line 1 in C:\xampp8-2-0\htdocs\nadi-clinic001\system\Database\MySQLi\Connection.php:295
Stack trace:
#0 C:\xampp8-2-0\htdocs\nadi-clinic001\system\Database\MySQLi\Connection.php(295): mysqli->query('CREATE TABLE `c...', 0)
#1 C:\xampp8-2-0\htdocs\nadi-clinic001\system\Database\BaseConnection.php(691): CodeIgniter\Database\MySQLi\Connection->execute('CREATE TABLE `c...')
#2 C:\xampp8-2-0\htdocs\nadi-clinic001\system\Database\BaseConnection.php(605): CodeIgniter\Database\BaseConnection->simpleQuery('CREATE TABLE `c...')
#3 C:\xampp8-2-0\htdocs\nadi-clinic001\app\Controllers\Frontend\BuildController.php(10): CodeIgniter\Database\BaseConnection->query('CREATE TABLE `c...')
#4 C:\xampp8-2-0\htdocs\nadi-clinic001\system\CodeIgniter.php(934): App\Controllers\Frontend\BuildController->index('66793fb6-b1c9-1...', 'dodi')
#5 C:\xampp8-2-0\htdocs\nadi-clinic001\system\CodeIgniter.php(499): CodeIgniter\CodeIgniter->runController(Object(App\Controllers\Frontend\BuildController))
#6 C:\xampp8-2-0\htdocs\nadi-clinic001\system\CodeIgniter.php(368): CodeIgniter\CodeIgniter->handleRequest(NULL, Object(Config\Cache), false)
#7 C:\xampp8-2-0\htdocs\nadi-clinic001\public\index.php(67): CodeIgniter\CodeIgniter->run()
#8 C:\xampp8-2-0\htdocs\nadi-clinic001\system\Commands\Server\rewrite.php(47): require_once('C:\\xampp8-2-0\\h...')
#9 {main}
CRITICAL - 2023-03-05 05:31:19 --> You have an error in your SQL syntax; check the manual that corresponds to your MariaDB server version for the right syntax to use near '`_about` AS SELECT * FROM clinic001_about' at line 1
in SYSTEMPATH\Database\BaseConnection.php on line 645.
 1 APPPATH\Controllers\Frontend\BuildController.php(10): CodeIgniter\Database\BaseConnection->query('CREATE TABLE `clinic001_`dodi`_about` AS SELECT * FROM clinic001_about')
 2 SYSTEMPATH\CodeIgniter.php(934): App\Controllers\Frontend\BuildController->index('66793fb6-b1c9-11ed-80f6-c465162ee099', 'dodi')
 3 SYSTEMPATH\CodeIgniter.php(499): CodeIgniter\CodeIgniter->runController(Object(App\Controllers\Frontend\BuildController))
 4 SYSTEMPATH\CodeIgniter.php(368): CodeIgniter\CodeIgniter->handleRequest(null, Object(Config\Cache), false)
 5 FCPATH\index.php(67): CodeIgniter\CodeIgniter->run()
 6 SYSTEMPATH\Commands\Server\rewrite.php(47): require_once('FCPATH\\index.php')
INFO - 2023-03-05 05:31:31 --> Session: Class initialized using 'CodeIgniter\Session\Handlers\FileHandler' driver.
ERROR - 2023-03-05 05:31:31 --> mysqli_sql_exception: Table 'clinic001_dodi._about' already exists in C:\xampp8-2-0\htdocs\nadi-clinic001\system\Database\MySQLi\Connection.php:295
Stack trace:
#0 C:\xampp8-2-0\htdocs\nadi-clinic001\system\Database\MySQLi\Connection.php(295): mysqli->query('CREATE TABLE `c...', 0)
#1 C:\xampp8-2-0\htdocs\nadi-clinic001\system\Database\BaseConnection.php(691): CodeIgniter\Database\MySQLi\Connection->execute('CREATE TABLE `c...')
#2 C:\xampp8-2-0\htdocs\nadi-clinic001\system\Database\BaseConnection.php(605): CodeIgniter\Database\BaseConnection->simpleQuery('CREATE TABLE `c...')
#3 C:\xampp8-2-0\htdocs\nadi-clinic001\app\Controllers\Frontend\BuildController.php(10): CodeIgniter\Database\BaseConnection->query('CREATE TABLE `c...')
#4 C:\xampp8-2-0\htdocs\nadi-clinic001\system\CodeIgniter.php(934): App\Controllers\Frontend\BuildController->index('66793fb6-b1c9-1...', 'dodi')
#5 C:\xampp8-2-0\htdocs\nadi-clinic001\system\CodeIgniter.php(499): CodeIgniter\CodeIgniter->runController(Object(App\Controllers\Frontend\BuildController))
#6 C:\xampp8-2-0\htdocs\nadi-clinic001\system\CodeIgniter.php(368): CodeIgniter\CodeIgniter->handleRequest(NULL, Object(Config\Cache), false)
#7 C:\xampp8-2-0\htdocs\nadi-clinic001\public\index.php(67): CodeIgniter\CodeIgniter->run()
#8 C:\xampp8-2-0\htdocs\nadi-clinic001\system\Commands\Server\rewrite.php(47): require_once('C:\\xampp8-2-0\\h...')
#9 {main}
CRITICAL - 2023-03-05 05:31:31 --> Table 'clinic001_dodi._about' already exists
in SYSTEMPATH\Database\BaseConnection.php on line 645.
 1 APPPATH\Controllers\Frontend\BuildController.php(10): CodeIgniter\Database\BaseConnection->query('CREATE TABLE `clinic001_dodi._about` AS SELECT * FROM clinic001_about')
 2 SYSTEMPATH\CodeIgniter.php(934): App\Controllers\Frontend\BuildController->index('66793fb6-b1c9-11ed-80f6-c465162ee099', 'dodi')
 3 SYSTEMPATH\CodeIgniter.php(499): CodeIgniter\CodeIgniter->runController(Object(App\Controllers\Frontend\BuildController))
 4 SYSTEMPATH\CodeIgniter.php(368): CodeIgniter\CodeIgniter->handleRequest(null, Object(Config\Cache), false)
 5 FCPATH\index.php(67): CodeIgniter\CodeIgniter->run()
 6 SYSTEMPATH\Commands\Server\rewrite.php(47): require_once('FCPATH\\index.php')
ERROR - 2023-03-05 05:31:33 --> mysqli_sql_exception: Table 'clinic001_dodi._about' already exists in C:\xampp8-2-0\htdocs\nadi-clinic001\system\Database\MySQLi\Connection.php:295
Stack trace:
#0 C:\xampp8-2-0\htdocs\nadi-clinic001\system\Database\MySQLi\Connection.php(295): mysqli->query('CREATE TABLE `c...', 0)
#1 C:\xampp8-2-0\htdocs\nadi-clinic001\system\Database\BaseConnection.php(691): CodeIgniter\Database\MySQLi\Connection->execute('CREATE TABLE `c...')
#2 C:\xampp8-2-0\htdocs\nadi-clinic001\system\Database\BaseConnection.php(605): CodeIgniter\Database\BaseConnection->simpleQuery('CREATE TABLE `c...')
#3 C:\xampp8-2-0\htdocs\nadi-clinic001\app\Controllers\Frontend\BuildController.php(10): CodeIgniter\Database\BaseConnection->query('CREATE TABLE `c...')
#4 C:\xampp8-2-0\htdocs\nadi-clinic001\system\CodeIgniter.php(934): App\Controllers\Frontend\BuildController->index('66793fb6-b1c9-1...', 'dodi')
#5 C:\xampp8-2-0\htdocs\nadi-clinic001\system\CodeIgniter.php(499): CodeIgniter\CodeIgniter->runController(Object(App\Controllers\Frontend\BuildController))
#6 C:\xampp8-2-0\htdocs\nadi-clinic001\system\CodeIgniter.php(368): CodeIgniter\CodeIgniter->handleRequest(NULL, Object(Config\Cache), false)
#7 C:\xampp8-2-0\htdocs\nadi-clinic001\public\index.php(67): CodeIgniter\CodeIgniter->run()
#8 C:\xampp8-2-0\htdocs\nadi-clinic001\system\Commands\Server\rewrite.php(47): require_once('C:\\xampp8-2-0\\h...')
#9 {main}
CRITICAL - 2023-03-05 05:31:33 --> Table 'clinic001_dodi._about' already exists
in SYSTEMPATH\Database\BaseConnection.php on line 645.
 1 APPPATH\Controllers\Frontend\BuildController.php(10): CodeIgniter\Database\BaseConnection->query('CREATE TABLE `clinic001_dodi._about` AS SELECT * FROM clinic001_about')
 2 SYSTEMPATH\CodeIgniter.php(934): App\Controllers\Frontend\BuildController->index('66793fb6-b1c9-11ed-80f6-c465162ee099', 'dodi')
 3 SYSTEMPATH\CodeIgniter.php(499): CodeIgniter\CodeIgniter->runController(Object(App\Controllers\Frontend\BuildController))
 4 SYSTEMPATH\CodeIgniter.php(368): CodeIgniter\CodeIgniter->handleRequest(null, Object(Config\Cache), false)
 5 FCPATH\index.php(67): CodeIgniter\CodeIgniter->run()
 6 SYSTEMPATH\Commands\Server\rewrite.php(47): require_once('FCPATH\\index.php')
INFO - 2023-03-05 05:32:24 --> Session: Class initialized using 'CodeIgniter\Session\Handlers\FileHandler' driver.
