CRITICAL - 2023-02-26 04:02:40 --> Invalid file: "frontend/medical_care/index.php"
in SYSTEMPATH\Exceptions\FrameworkException.php on line 33.
 1 SYSTEMPATH\View\View.php(201): CodeIgniter\Exceptions\FrameworkException::forInvalidFile('frontend/medical_care/index.php')
 2 SYSTEMPATH\Common.php(1184): CodeIgniter\View\View->render('frontend/medical_care/index', [], true)
 3 APPPATH\Controllers\Frontend\MedicalCareController.php(48): view('frontend/medical_care/index', [...])
 4 SYSTEMPATH\CodeIgniter.php(934): App\Controllers\Frontend\MedicalCareController->index()
 5 SYSTEMPATH\CodeIgniter.php(499): CodeIgniter\CodeIgniter->runController(Object(App\Controllers\Frontend\MedicalCareController))
 6 SYSTEMPATH\CodeIgniter.php(368): CodeIgniter\CodeIgniter->handleRequest(null, Object(Config\Cache), false)
 7 FCPATH\index.php(67): CodeIgniter\CodeIgniter->run()
 8 SYSTEMPATH\Commands\Server\rewrite.php(47): require_once('FCPATH\\index.php')
ERROR - 2023-02-26 04:10:18 --> mysqli_sql_exception: Table 'nadi-clinic001.config_social_medias' doesn't exist in C:\xampp8-2-0\htdocs\nadi-clinic001\system\Database\MySQLi\Connection.php:295
Stack trace:
#0 C:\xampp8-2-0\htdocs\nadi-clinic001\system\Database\MySQLi\Connection.php(295): mysqli->query('SELECT *\nFROM `...', 0)
#1 C:\xampp8-2-0\htdocs\nadi-clinic001\system\Database\BaseConnection.php(691): CodeIgniter\Database\MySQLi\Connection->execute('SELECT *\nFROM `...')
#2 C:\xampp8-2-0\htdocs\nadi-clinic001\system\Database\BaseConnection.php(605): CodeIgniter\Database\BaseConnection->simpleQuery('SELECT *\nFROM `...')
#3 C:\xampp8-2-0\htdocs\nadi-clinic001\system\Database\BaseBuilder.php(1616): CodeIgniter\Database\BaseConnection->query('SELECT *\nFROM `...', Array, false)
#4 C:\xampp8-2-0\htdocs\nadi-clinic001\system\Model.php(840): CodeIgniter\Database\BaseBuilder->get()
#5 C:\xampp8-2-0\htdocs\nadi-clinic001\app\Controllers\Frontend\HomeController.php(40): CodeIgniter\Model->__call('get', Array)
#6 C:\xampp8-2-0\htdocs\nadi-clinic001\system\CodeIgniter.php(934): App\Controllers\Frontend\Homecontroller->index()
#7 C:\xampp8-2-0\htdocs\nadi-clinic001\system\CodeIgniter.php(499): CodeIgniter\CodeIgniter->runController(Object(App\Controllers\Frontend\Homecontroller))
#8 C:\xampp8-2-0\htdocs\nadi-clinic001\system\CodeIgniter.php(368): CodeIgniter\CodeIgniter->handleRequest(NULL, Object(Config\Cache), false)
#9 C:\xampp8-2-0\htdocs\nadi-clinic001\public\index.php(67): CodeIgniter\CodeIgniter->run()
#10 C:\xampp8-2-0\htdocs\nadi-clinic001\system\Commands\Server\rewrite.php(47): require_once('C:\\xampp8-2-0\\h...')
#11 {main}
CRITICAL - 2023-02-26 04:10:18 --> Table 'nadi-clinic001.config_social_medias' doesn't exist
in SYSTEMPATH\Database\BaseConnection.php on line 645.
 1 SYSTEMPATH\Database\BaseBuilder.php(1616): CodeIgniter\Database\BaseConnection->query('SELECT *
FROM `config_social_medias`', [], false)
 2 SYSTEMPATH\Model.php(840): CodeIgniter\Database\BaseBuilder->get()
 3 APPPATH\Controllers\Frontend\HomeController.php(40): CodeIgniter\Model->__call('get', [])
 4 SYSTEMPATH\CodeIgniter.php(934): App\Controllers\Frontend\Homecontroller->index()
 5 SYSTEMPATH\CodeIgniter.php(499): CodeIgniter\CodeIgniter->runController(Object(App\Controllers\Frontend\Homecontroller))
 6 SYSTEMPATH\CodeIgniter.php(368): CodeIgniter\CodeIgniter->handleRequest(null, Object(Config\Cache), false)
 7 FCPATH\index.php(67): CodeIgniter\CodeIgniter->run()
 8 SYSTEMPATH\Commands\Server\rewrite.php(47): require_once('FCPATH\\index.php')
CRITICAL - 2023-02-26 06:36:57 --> Undefined property: stdClass::$link
in APPPATH\Views\frontend\component\footer.php on line 26.
 1 APPPATH\Views\frontend\component\footer.php(26): CodeIgniter\Debug\Exceptions->errorHandler(2, 'Undefined property: stdClass::$link', 'APPPATH\\Views\\frontend\\component\\footer.php', 26)
 2 SYSTEMPATH\View\View.php(213): include('APPPATH\\Views\\frontend\\component\\footer.php')
 3 SYSTEMPATH\View\View.php(216): CodeIgniter\View\View->CodeIgniter\View\{closure}()
 4 SYSTEMPATH\View\View.php(431): CodeIgniter\View\View->render('frontend/component/footer', null, true)
 5 APPPATH\Views\frontend\home\index.php(175): CodeIgniter\View\View->include('frontend/component/footer')
 6 SYSTEMPATH\View\View.php(213): include('APPPATH\\Views\\frontend\\home\\index.php')
 7 SYSTEMPATH\View\View.php(216): CodeIgniter\View\View->CodeIgniter\View\{closure}()
 8 SYSTEMPATH\Common.php(1184): CodeIgniter\View\View->render('frontend/home/index', [], true)
 9 APPPATH\Controllers\Frontend\HomeController.php(56): view('frontend/home/index', [...])
10 SYSTEMPATH\CodeIgniter.php(934): App\Controllers\Frontend\Homecontroller->index()
11 SYSTEMPATH\CodeIgniter.php(499): CodeIgniter\CodeIgniter->runController(Object(App\Controllers\Frontend\Homecontroller))
12 SYSTEMPATH\CodeIgniter.php(368): CodeIgniter\CodeIgniter->handleRequest(null, Object(Config\Cache), false)
13 FCPATH\index.php(67): CodeIgniter\CodeIgniter->run()
14 SYSTEMPATH\Commands\Server\rewrite.php(47): require_once('FCPATH\\index.php')
CRITICAL - 2023-02-26 06:37:04 --> Undefined property: stdClass::$link
in APPPATH\Views\frontend\component\footer.php on line 26.
 1 APPPATH\Views\frontend\component\footer.php(26): CodeIgniter\Debug\Exceptions->errorHandler(2, 'Undefined property: stdClass::$link', 'APPPATH\\Views\\frontend\\component\\footer.php', 26)
 2 SYSTEMPATH\View\View.php(213): include('APPPATH\\Views\\frontend\\component\\footer.php')
 3 SYSTEMPATH\View\View.php(216): CodeIgniter\View\View->CodeIgniter\View\{closure}()
 4 SYSTEMPATH\View\View.php(431): CodeIgniter\View\View->render('frontend/component/footer', null, true)
 5 APPPATH\Views\frontend\home\index.php(175): CodeIgniter\View\View->include('frontend/component/footer')
 6 SYSTEMPATH\View\View.php(213): include('APPPATH\\Views\\frontend\\home\\index.php')
 7 SYSTEMPATH\View\View.php(216): CodeIgniter\View\View->CodeIgniter\View\{closure}()
 8 SYSTEMPATH\Common.php(1184): CodeIgniter\View\View->render('frontend/home/index', [], true)
 9 APPPATH\Controllers\Frontend\HomeController.php(56): view('frontend/home/index', [...])
10 SYSTEMPATH\CodeIgniter.php(934): App\Controllers\Frontend\Homecontroller->index()
11 SYSTEMPATH\CodeIgniter.php(499): CodeIgniter\CodeIgniter->runController(Object(App\Controllers\Frontend\Homecontroller))
12 SYSTEMPATH\CodeIgniter.php(368): CodeIgniter\CodeIgniter->handleRequest(null, Object(Config\Cache), false)
13 FCPATH\index.php(67): CodeIgniter\CodeIgniter->run()
14 SYSTEMPATH\Commands\Server\rewrite.php(47): require_once('FCPATH\\index.php')
ERROR - 2023-02-26 06:39:02 --> mysqli_sql_exception: Table 'nadi-clinic001.config_social_medias' doesn't exist in C:\xampp8-2-0\htdocs\nadi-clinic001\system\Database\MySQLi\Connection.php:295
Stack trace:
#0 C:\xampp8-2-0\htdocs\nadi-clinic001\system\Database\MySQLi\Connection.php(295): mysqli->query('SELECT *\nFROM `...', 0)
#1 C:\xampp8-2-0\htdocs\nadi-clinic001\system\Database\BaseConnection.php(691): CodeIgniter\Database\MySQLi\Connection->execute('SELECT *\nFROM `...')
#2 C:\xampp8-2-0\htdocs\nadi-clinic001\system\Database\BaseConnection.php(605): CodeIgniter\Database\BaseConnection->simpleQuery('SELECT *\nFROM `...')
#3 C:\xampp8-2-0\htdocs\nadi-clinic001\system\Database\BaseBuilder.php(1616): CodeIgniter\Database\BaseConnection->query('SELECT *\nFROM `...', Array, false)
#4 C:\xampp8-2-0\htdocs\nadi-clinic001\system\Model.php(840): CodeIgniter\Database\BaseBuilder->get()
#5 C:\xampp8-2-0\htdocs\nadi-clinic001\app\Controllers\Frontend\BlogController.php(32): CodeIgniter\Model->__call('get', Array)
#6 C:\xampp8-2-0\htdocs\nadi-clinic001\system\CodeIgniter.php(934): App\Controllers\Frontend\BlogController->index()
#7 C:\xampp8-2-0\htdocs\nadi-clinic001\system\CodeIgniter.php(499): CodeIgniter\CodeIgniter->runController(Object(App\Controllers\Frontend\BlogController))
#8 C:\xampp8-2-0\htdocs\nadi-clinic001\system\CodeIgniter.php(368): CodeIgniter\CodeIgniter->handleRequest(NULL, Object(Config\Cache), false)
#9 C:\xampp8-2-0\htdocs\nadi-clinic001\public\index.php(67): CodeIgniter\CodeIgniter->run()
#10 C:\xampp8-2-0\htdocs\nadi-clinic001\system\Commands\Server\rewrite.php(47): require_once('C:\\xampp8-2-0\\h...')
#11 {main}
CRITICAL - 2023-02-26 06:39:02 --> Table 'nadi-clinic001.config_social_medias' doesn't exist
in SYSTEMPATH\Database\BaseConnection.php on line 645.
 1 SYSTEMPATH\Database\BaseBuilder.php(1616): CodeIgniter\Database\BaseConnection->query('SELECT *
FROM `config_social_medias`', [], false)
 2 SYSTEMPATH\Model.php(840): CodeIgniter\Database\BaseBuilder->get()
 3 APPPATH\Controllers\Frontend\BlogController.php(32): CodeIgniter\Model->__call('get', [])
 4 SYSTEMPATH\CodeIgniter.php(934): App\Controllers\Frontend\BlogController->index()
 5 SYSTEMPATH\CodeIgniter.php(499): CodeIgniter\CodeIgniter->runController(Object(App\Controllers\Frontend\BlogController))
 6 SYSTEMPATH\CodeIgniter.php(368): CodeIgniter\CodeIgniter->handleRequest(null, Object(Config\Cache), false)
 7 FCPATH\index.php(67): CodeIgniter\CodeIgniter->run()
 8 SYSTEMPATH\Commands\Server\rewrite.php(47): require_once('FCPATH\\index.php')
CRITICAL - 2023-02-26 06:39:48 --> Class "App\Models\ConfigSocialMediaModel" not found
in APPPATH\Controllers\Frontend\AboutController.php on line 35.
 1 SYSTEMPATH\CodeIgniter.php(934): App\Controllers\Frontend\AboutController->index()
 2 SYSTEMPATH\CodeIgniter.php(499): CodeIgniter\CodeIgniter->runController(Object(App\Controllers\Frontend\AboutController))
 3 SYSTEMPATH\CodeIgniter.php(368): CodeIgniter\CodeIgniter->handleRequest(null, Object(Config\Cache), false)
 4 FCPATH\index.php(67): CodeIgniter\CodeIgniter->run()
 5 SYSTEMPATH\Commands\Server\rewrite.php(47): require_once('FCPATH\\index.php')
CRITICAL - 2023-02-26 06:40:20 --> Class "App\Models\ConfigSocialMediaModel" not found
in APPPATH\Controllers\Frontend\DoctorController.php on line 31.
 1 SYSTEMPATH\CodeIgniter.php(934): App\Controllers\Frontend\DoctorController->index()
 2 SYSTEMPATH\CodeIgniter.php(499): CodeIgniter\CodeIgniter->runController(Object(App\Controllers\Frontend\DoctorController))
 3 SYSTEMPATH\CodeIgniter.php(368): CodeIgniter\CodeIgniter->handleRequest(null, Object(Config\Cache), false)
 4 FCPATH\index.php(67): CodeIgniter\CodeIgniter->run()
 5 SYSTEMPATH\Commands\Server\rewrite.php(47): require_once('FCPATH\\index.php')
CRITICAL - 2023-02-26 06:40:44 --> Class "App\Models\ConfigSocialMediaModel" not found
in APPPATH\Controllers\Frontend\ContactController.php on line 30.
 1 SYSTEMPATH\CodeIgniter.php(934): App\Controllers\Frontend\ContactController->index()
 2 SYSTEMPATH\CodeIgniter.php(499): CodeIgniter\CodeIgniter->runController(Object(App\Controllers\Frontend\ContactController))
 3 SYSTEMPATH\CodeIgniter.php(368): CodeIgniter\CodeIgniter->handleRequest(null, Object(Config\Cache), false)
 4 FCPATH\index.php(67): CodeIgniter\CodeIgniter->run()
 5 SYSTEMPATH\Commands\Server\rewrite.php(47): require_once('FCPATH\\index.php')
CRITICAL - 2023-02-26 06:42:10 --> Invalid file: "frontend/medical_care/index.php"
in SYSTEMPATH\Exceptions\FrameworkException.php on line 33.
 1 SYSTEMPATH\View\View.php(201): CodeIgniter\Exceptions\FrameworkException::forInvalidFile('frontend/medical_care/index.php')
 2 SYSTEMPATH\Common.php(1184): CodeIgniter\View\View->render('frontend/medical_care/index', [], true)
 3 APPPATH\Controllers\Frontend\MedicalCareController.php(44): view('frontend/medical_care/index', [...])
 4 SYSTEMPATH\CodeIgniter.php(934): App\Controllers\Frontend\MedicalCareController->index()
 5 SYSTEMPATH\CodeIgniter.php(499): CodeIgniter\CodeIgniter->runController(Object(App\Controllers\Frontend\MedicalCareController))
 6 SYSTEMPATH\CodeIgniter.php(368): CodeIgniter\CodeIgniter->handleRequest(null, Object(Config\Cache), false)
 7 FCPATH\index.php(67): CodeIgniter\CodeIgniter->run()
 8 SYSTEMPATH\Commands\Server\rewrite.php(47): require_once('FCPATH\\index.php')
CRITICAL - 2023-02-26 06:42:45 --> Invalid file: "frontend/medical_care/index.php"
in SYSTEMPATH\Exceptions\FrameworkException.php on line 33.
 1 SYSTEMPATH\View\View.php(201): CodeIgniter\Exceptions\FrameworkException::forInvalidFile('frontend/medical_care/index.php')
 2 SYSTEMPATH\Common.php(1184): CodeIgniter\View\View->render('frontend/medical_care/index', [], true)
 3 APPPATH\Controllers\Frontend\MedicalCareController.php(44): view('frontend/medical_care/index', [...])
 4 SYSTEMPATH\CodeIgniter.php(934): App\Controllers\Frontend\MedicalCareController->index()
 5 SYSTEMPATH\CodeIgniter.php(499): CodeIgniter\CodeIgniter->runController(Object(App\Controllers\Frontend\MedicalCareController))
 6 SYSTEMPATH\CodeIgniter.php(368): CodeIgniter\CodeIgniter->handleRequest(null, Object(Config\Cache), false)
 7 FCPATH\index.php(67): CodeIgniter\CodeIgniter->run()
 8 SYSTEMPATH\Commands\Server\rewrite.php(47): require_once('FCPATH\\index.php')
CRITICAL - 2023-02-26 07:07:15 --> Undefined property: stdClass::$address
in APPPATH\Views\frontend\component\footer.php on line 21.
 1 APPPATH\Views\frontend\component\footer.php(21): CodeIgniter\Debug\Exceptions->errorHandler(2, 'Undefined property: stdClass::$address', 'APPPATH\\Views\\frontend\\component\\footer.php', 21)
 2 SYSTEMPATH\View\View.php(213): include('APPPATH\\Views\\frontend\\component\\footer.php')
 3 SYSTEMPATH\View\View.php(216): CodeIgniter\View\View->CodeIgniter\View\{closure}()
 4 SYSTEMPATH\View\View.php(431): CodeIgniter\View\View->render('frontend/component/footer', null, true)
 5 APPPATH\Views\frontend\doctor\index.php(104): CodeIgniter\View\View->include('frontend/component/footer')
 6 SYSTEMPATH\View\View.php(213): include('APPPATH\\Views\\frontend\\doctor\\index.php')
 7 SYSTEMPATH\View\View.php(216): CodeIgniter\View\View->CodeIgniter\View\{closure}()
 8 SYSTEMPATH\Common.php(1184): CodeIgniter\View\View->render('frontend/doctor/index', [], true)
 9 APPPATH\Controllers\Frontend\DoctorController.php(48): view('frontend/doctor/index', [...])
10 SYSTEMPATH\CodeIgniter.php(934): App\Controllers\Frontend\DoctorController->index()
11 SYSTEMPATH\CodeIgniter.php(499): CodeIgniter\CodeIgniter->runController(Object(App\Controllers\Frontend\DoctorController))
12 SYSTEMPATH\CodeIgniter.php(368): CodeIgniter\CodeIgniter->handleRequest(null, Object(Config\Cache), false)
13 FCPATH\index.php(67): CodeIgniter\CodeIgniter->run()
14 SYSTEMPATH\Commands\Server\rewrite.php(47): require_once('FCPATH\\index.php')
INFO - 2023-02-26 14:53:29 --> Session: Class initialized using 'CodeIgniter\Session\Handlers\FileHandler' driver.
INFO - 2023-02-26 14:53:30 --> Session: Class initialized using 'CodeIgniter\Session\Handlers\FileHandler' driver.
CRITICAL - 2023-02-26 15:13:11 --> Call to undefined method CodeIgniter\Database\MySQLi\Result::count()
in APPPATH\Controllers\Frontend\MedicalCareController.php on line 47.
 1 SYSTEMPATH\CodeIgniter.php(934): App\Controllers\Frontend\MedicalCareController->index()
 2 SYSTEMPATH\CodeIgniter.php(499): CodeIgniter\CodeIgniter->runController(Object(App\Controllers\Frontend\MedicalCareController))
 3 SYSTEMPATH\CodeIgniter.php(368): CodeIgniter\CodeIgniter->handleRequest(null, Object(Config\Cache), false)
 4 FCPATH\index.php(67): CodeIgniter\CodeIgniter->run()
 5 SYSTEMPATH\Commands\Server\rewrite.php(47): require_once('FCPATH\\index.php')
CRITICAL - 2023-02-26 15:13:22 --> Call to undefined method App\Models\MedicalCareModel::count
in SYSTEMPATH\Model.php on line 842.
 1 APPPATH\Controllers\Frontend\MedicalCareController.php(47): CodeIgniter\Model->__call('count', [])
 2 SYSTEMPATH\CodeIgniter.php(934): App\Controllers\Frontend\MedicalCareController->index()
 3 SYSTEMPATH\CodeIgniter.php(499): CodeIgniter\CodeIgniter->runController(Object(App\Controllers\Frontend\MedicalCareController))
 4 SYSTEMPATH\CodeIgniter.php(368): CodeIgniter\CodeIgniter->handleRequest(null, Object(Config\Cache), false)
 5 FCPATH\index.php(67): CodeIgniter\CodeIgniter->run()
 6 SYSTEMPATH\Commands\Server\rewrite.php(47): require_once('FCPATH\\index.php')
CRITICAL - 2023-02-26 15:14:00 --> Undefined variable $about
in APPPATH\Views\frontend\medical_care\index.php on line 52.
 1 APPPATH\Views\frontend\medical_care\index.php(52): CodeIgniter\Debug\Exceptions->errorHandler(2, 'Undefined variable $about', 'APPPATH\\Views\\frontend\\medical_care\\index.php', 52)
 2 SYSTEMPATH\View\View.php(213): include('APPPATH\\Views\\frontend\\medical_care\\index.php')
 3 SYSTEMPATH\View\View.php(216): CodeIgniter\View\View->CodeIgniter\View\{closure}()
 4 SYSTEMPATH\Common.php(1184): CodeIgniter\View\View->render('frontend/medical_care/index', [], true)
 5 APPPATH\Controllers\Frontend\MedicalCareController.php(50): view('frontend/medical_care/index', [...])
 6 SYSTEMPATH\CodeIgniter.php(934): App\Controllers\Frontend\MedicalCareController->index()
 7 SYSTEMPATH\CodeIgniter.php(499): CodeIgniter\CodeIgniter->runController(Object(App\Controllers\Frontend\MedicalCareController))
 8 SYSTEMPATH\CodeIgniter.php(368): CodeIgniter\CodeIgniter->handleRequest(null, Object(Config\Cache), false)
 9 FCPATH\index.php(67): CodeIgniter\CodeIgniter->run()
10 SYSTEMPATH\Commands\Server\rewrite.php(47): require_once('FCPATH\\index.php')
CRITICAL - 2023-02-26 15:18:11 --> Undefined variable $icon
in APPPATH\Views\frontend\medical_care\index.php on line 53.
 1 APPPATH\Views\frontend\medical_care\index.php(53): CodeIgniter\Debug\Exceptions->errorHandler(2, 'Undefined variable $icon', 'APPPATH\\Views\\frontend\\medical_care\\index.php', 53)
 2 SYSTEMPATH\View\View.php(213): include('APPPATH\\Views\\frontend\\medical_care\\index.php')
 3 SYSTEMPATH\View\View.php(216): CodeIgniter\View\View->CodeIgniter\View\{closure}()
 4 SYSTEMPATH\Common.php(1184): CodeIgniter\View\View->render('frontend/medical_care/index', [], true)
 5 APPPATH\Controllers\Frontend\MedicalCareController.php(49): view('frontend/medical_care/index', [...])
 6 SYSTEMPATH\CodeIgniter.php(934): App\Controllers\Frontend\MedicalCareController->index()
 7 SYSTEMPATH\CodeIgniter.php(499): CodeIgniter\CodeIgniter->runController(Object(App\Controllers\Frontend\MedicalCareController))
 8 SYSTEMPATH\CodeIgniter.php(368): CodeIgniter\CodeIgniter->handleRequest(null, Object(Config\Cache), false)
 9 FCPATH\index.php(67): CodeIgniter\CodeIgniter->run()
10 SYSTEMPATH\Commands\Server\rewrite.php(47): require_once('FCPATH\\index.php')
CRITICAL - 2023-02-26 15:25:32 --> Undefined property: stdClass::$our_clinic
in APPPATH\Views\frontend\medical_care\index.php on line 89.
 1 APPPATH\Views\frontend\medical_care\index.php(89): CodeIgniter\Debug\Exceptions->errorHandler(2, 'Undefined property: stdClass::$our_clinic', 'APPPATH\\Views\\frontend\\medical_care\\index.php', 89)
 2 SYSTEMPATH\View\View.php(213): include('APPPATH\\Views\\frontend\\medical_care\\index.php')
 3 SYSTEMPATH\View\View.php(216): CodeIgniter\View\View->CodeIgniter\View\{closure}()
 4 SYSTEMPATH\Common.php(1184): CodeIgniter\View\View->render('frontend/medical_care/index', [], true)
 5 APPPATH\Controllers\Frontend\MedicalCareController.php(49): view('frontend/medical_care/index', [...])
 6 SYSTEMPATH\CodeIgniter.php(934): App\Controllers\Frontend\MedicalCareController->index()
 7 SYSTEMPATH\CodeIgniter.php(499): CodeIgniter\CodeIgniter->runController(Object(App\Controllers\Frontend\MedicalCareController))
 8 SYSTEMPATH\CodeIgniter.php(368): CodeIgniter\CodeIgniter->handleRequest(null, Object(Config\Cache), false)
 9 FCPATH\index.php(67): CodeIgniter\CodeIgniter->run()
10 SYSTEMPATH\Commands\Server\rewrite.php(47): require_once('FCPATH\\index.php')
CRITICAL - 2023-02-26 15:36:20 --> Undefined property: stdClass::$testimonial
in APPPATH\Views\frontend\medical_care\index.php on line 120.
 1 APPPATH\Views\frontend\medical_care\index.php(120): CodeIgniter\Debug\Exceptions->errorHandler(2, 'Undefined property: stdClass::$testimonial', 'APPPATH\\Views\\frontend\\medical_care\\index.php', 120)
 2 SYSTEMPATH\View\View.php(213): include('APPPATH\\Views\\frontend\\medical_care\\index.php')
 3 SYSTEMPATH\View\View.php(216): CodeIgniter\View\View->CodeIgniter\View\{closure}()
 4 SYSTEMPATH\Common.php(1184): CodeIgniter\View\View->render('frontend/medical_care/index', [], true)
 5 APPPATH\Controllers\Frontend\MedicalCareController.php(53): view('frontend/medical_care/index', [...])
 6 SYSTEMPATH\CodeIgniter.php(934): App\Controllers\Frontend\MedicalCareController->index()
 7 SYSTEMPATH\CodeIgniter.php(499): CodeIgniter\CodeIgniter->runController(Object(App\Controllers\Frontend\MedicalCareController))
 8 SYSTEMPATH\CodeIgniter.php(368): CodeIgniter\CodeIgniter->handleRequest(null, Object(Config\Cache), false)
 9 FCPATH\index.php(67): CodeIgniter\CodeIgniter->run()
10 SYSTEMPATH\Commands\Server\rewrite.php(47): require_once('FCPATH\\index.php')
