INFO - 2023-03-13 01:37:00 --> Session: Class initialized using 'CodeIgniter\Session\Handlers\FileHandler' driver.
INFO - 2023-03-13 01:37:24 --> Session: Class initialized using 'CodeIgniter\Session\Handlers\FileHandler' driver.
INFO - 2023-03-13 01:37:24 --> Session: Class initialized using 'CodeIgniter\Session\Handlers\FileHandler' driver.
INFO - 2023-03-13 01:37:28 --> Session: Class initialized using 'CodeIgniter\Session\Handlers\FileHandler' driver.
INFO - 2023-03-13 01:38:27 --> Session: Class initialized using 'CodeIgniter\Session\Handlers\FileHandler' driver.
INFO - 2023-03-13 01:38:29 --> Session: Class initialized using 'CodeIgniter\Session\Handlers\FileHandler' driver.
INFO - 2023-03-13 01:39:58 --> Session: Class initialized using 'CodeIgniter\Session\Handlers\FileHandler' driver.
INFO - 2023-03-13 01:40:01 --> Session: Class initialized using 'CodeIgniter\Session\Handlers\FileHandler' driver.
INFO - 2023-03-13 01:40:17 --> Session: Class initialized using 'CodeIgniter\Session\Handlers\FileHandler' driver.
INFO - 2023-03-13 01:40:18 --> Session: Class initialized using 'CodeIgniter\Session\Handlers\FileHandler' driver.
INFO - 2023-03-13 01:41:10 --> Session: Class initialized using 'CodeIgniter\Session\Handlers\FileHandler' driver.
INFO - 2023-03-13 01:41:11 --> Session: Class initialized using 'CodeIgniter\Session\Handlers\FileHandler' driver.
INFO - 2023-03-13 01:41:15 --> Session: Class initialized using 'CodeIgniter\Session\Handlers\FileHandler' driver.
INFO - 2023-03-13 01:41:17 --> Session: Class initialized using 'CodeIgniter\Session\Handlers\FileHandler' driver.
INFO - 2023-03-13 01:41:18 --> Session: Class initialized using 'CodeIgniter\Session\Handlers\FileHandler' driver.
INFO - 2023-03-13 01:41:34 --> Session: Class initialized using 'CodeIgniter\Session\Handlers\FileHandler' driver.
INFO - 2023-03-13 01:41:36 --> Session: Class initialized using 'CodeIgniter\Session\Handlers\FileHandler' driver.
INFO - 2023-03-13 01:41:42 --> Session: Class initialized using 'CodeIgniter\Session\Handlers\FileHandler' driver.
INFO - 2023-03-13 01:42:19 --> Session: Class initialized using 'CodeIgniter\Session\Handlers\FileHandler' driver.
INFO - 2023-03-13 01:42:19 --> Session: Class initialized using 'CodeIgniter\Session\Handlers\FileHandler' driver.
INFO - 2023-03-13 01:43:14 --> Session: Class initialized using 'CodeIgniter\Session\Handlers\FileHandler' driver.
INFO - 2023-03-13 01:43:44 --> Session: Class initialized using 'CodeIgniter\Session\Handlers\FileHandler' driver.
INFO - 2023-03-13 01:43:49 --> Session: Class initialized using 'CodeIgniter\Session\Handlers\FileHandler' driver.
CRITICAL - 2023-03-13 01:43:49 --> Undefined property: stdClass::$name
in APPPATH\Views\extranet\laboratory_feature\show.php on line 38.
 1 APPPATH\Views\extranet\laboratory_feature\show.php(38): CodeIgniter\Debug\Exceptions->errorHandler(2, 'Undefined property: stdClass::$name', 'APPPATH\\Views\\extranet\\laboratory_feature\\show.php', 38)
 2 SYSTEMPATH\View\View.php(213): include('APPPATH\\Views\\extranet\\laboratory_feature\\show.php')
 3 SYSTEMPATH\View\View.php(216): CodeIgniter\View\View->CodeIgniter\View\{closure}()
 4 SYSTEMPATH\Common.php(1184): CodeIgniter\View\View->render('extranet/laboratory_feature/show', [], true)
 5 APPPATH\Controllers\Extranet\LaboratoryFeatureController.php(60): view('extranet/laboratory_feature/show', [...])
 6 SYSTEMPATH\CodeIgniter.php(934): App\Controllers\Extranet\LaboratoryFeatureController->show('4ac193da-c140-11ed-9c57-c465162ee099')
 7 SYSTEMPATH\CodeIgniter.php(499): CodeIgniter\CodeIgniter->runController(Object(App\Controllers\Extranet\LaboratoryFeatureController))
 8 SYSTEMPATH\CodeIgniter.php(368): CodeIgniter\CodeIgniter->handleRequest(null, Object(Config\Cache), false)
 9 FCPATH\index.php(67): CodeIgniter\CodeIgniter->run()
10 SYSTEMPATH\Commands\Server\rewrite.php(47): require_once('FCPATH\\index.php')
INFO - 2023-03-13 01:45:54 --> Session: Class initialized using 'CodeIgniter\Session\Handlers\FileHandler' driver.
INFO - 2023-03-13 01:46:06 --> Session: Class initialized using 'CodeIgniter\Session\Handlers\FileHandler' driver.
INFO - 2023-03-13 01:46:07 --> Session: Class initialized using 'CodeIgniter\Session\Handlers\FileHandler' driver.
INFO - 2023-03-13 01:46:10 --> Session: Class initialized using 'CodeIgniter\Session\Handlers\FileHandler' driver.
INFO - 2023-03-13 01:46:38 --> Session: Class initialized using 'CodeIgniter\Session\Handlers\FileHandler' driver.
INFO - 2023-03-13 01:46:46 --> Session: Class initialized using 'CodeIgniter\Session\Handlers\FileHandler' driver.
INFO - 2023-03-13 01:46:47 --> Session: Class initialized using 'CodeIgniter\Session\Handlers\FileHandler' driver.
INFO - 2023-03-13 01:46:48 --> Session: Class initialized using 'CodeIgniter\Session\Handlers\FileHandler' driver.
INFO - 2023-03-13 01:46:50 --> Session: Class initialized using 'CodeIgniter\Session\Handlers\FileHandler' driver.
INFO - 2023-03-13 01:46:52 --> Session: Class initialized using 'CodeIgniter\Session\Handlers\FileHandler' driver.
INFO - 2023-03-13 01:46:54 --> Session: Class initialized using 'CodeIgniter\Session\Handlers\FileHandler' driver.
INFO - 2023-03-13 01:46:56 --> Session: Class initialized using 'CodeIgniter\Session\Handlers\FileHandler' driver.
INFO - 2023-03-13 01:46:59 --> Session: Class initialized using 'CodeIgniter\Session\Handlers\FileHandler' driver.
CRITICAL - 2023-03-13 01:46:59 --> Undefined property: stdClass::$name
in APPPATH\Views\extranet\laboratory_feature\edit.php on line 39.
 1 APPPATH\Views\extranet\laboratory_feature\edit.php(39): CodeIgniter\Debug\Exceptions->errorHandler(2, 'Undefined property: stdClass::$name', 'APPPATH\\Views\\extranet\\laboratory_feature\\edit.php', 39)
 2 SYSTEMPATH\View\View.php(213): include('APPPATH\\Views\\extranet\\laboratory_feature\\edit.php')
 3 SYSTEMPATH\View\View.php(216): CodeIgniter\View\View->CodeIgniter\View\{closure}()
 4 SYSTEMPATH\Common.php(1184): CodeIgniter\View\View->render('extranet/laboratory_feature/edit', [], true)
 5 APPPATH\Controllers\Extranet\LaboratoryFeatureController.php(72): view('extranet/laboratory_feature/edit', [...])
 6 SYSTEMPATH\CodeIgniter.php(934): App\Controllers\Extranet\LaboratoryFeatureController->edit('4ac193da-c140-11ed-9c57-c465162ee099')
 7 SYSTEMPATH\CodeIgniter.php(499): CodeIgniter\CodeIgniter->runController(Object(App\Controllers\Extranet\LaboratoryFeatureController))
 8 SYSTEMPATH\CodeIgniter.php(368): CodeIgniter\CodeIgniter->handleRequest(null, Object(Config\Cache), false)
 9 FCPATH\index.php(67): CodeIgniter\CodeIgniter->run()
10 SYSTEMPATH\Commands\Server\rewrite.php(47): require_once('FCPATH\\index.php')
INFO - 2023-03-13 01:48:07 --> Session: Class initialized using 'CodeIgniter\Session\Handlers\FileHandler' driver.
CRITICAL - 2023-03-13 01:48:07 --> Undefined property: stdClass::$text1
in APPPATH\Views\extranet\laboratory_feature\edit.php on line 45.
 1 APPPATH\Views\extranet\laboratory_feature\edit.php(45): CodeIgniter\Debug\Exceptions->errorHandler(2, 'Undefined property: stdClass::$text1', 'APPPATH\\Views\\extranet\\laboratory_feature\\edit.php', 45)
 2 SYSTEMPATH\View\View.php(213): include('APPPATH\\Views\\extranet\\laboratory_feature\\edit.php')
 3 SYSTEMPATH\View\View.php(216): CodeIgniter\View\View->CodeIgniter\View\{closure}()
 4 SYSTEMPATH\Common.php(1184): CodeIgniter\View\View->render('extranet/laboratory_feature/edit', [], true)
 5 APPPATH\Controllers\Extranet\LaboratoryFeatureController.php(72): view('extranet/laboratory_feature/edit', [...])
 6 SYSTEMPATH\CodeIgniter.php(934): App\Controllers\Extranet\LaboratoryFeatureController->edit('4ac193da-c140-11ed-9c57-c465162ee099')
 7 SYSTEMPATH\CodeIgniter.php(499): CodeIgniter\CodeIgniter->runController(Object(App\Controllers\Extranet\LaboratoryFeatureController))
 8 SYSTEMPATH\CodeIgniter.php(368): CodeIgniter\CodeIgniter->handleRequest(null, Object(Config\Cache), false)
 9 FCPATH\index.php(67): CodeIgniter\CodeIgniter->run()
10 SYSTEMPATH\Commands\Server\rewrite.php(47): require_once('FCPATH\\index.php')
INFO - 2023-03-13 01:48:39 --> Session: Class initialized using 'CodeIgniter\Session\Handlers\FileHandler' driver.
CRITICAL - 2023-03-13 01:48:39 --> Undefined property: stdClass::$descripiton
in APPPATH\Views\extranet\laboratory_feature\edit.php on line 45.
 1 APPPATH\Views\extranet\laboratory_feature\edit.php(45): CodeIgniter\Debug\Exceptions->errorHandler(2, 'Undefined property: stdClass::$descripiton', 'APPPATH\\Views\\extranet\\laboratory_feature\\edit.php', 45)
 2 SYSTEMPATH\View\View.php(213): include('APPPATH\\Views\\extranet\\laboratory_feature\\edit.php')
 3 SYSTEMPATH\View\View.php(216): CodeIgniter\View\View->CodeIgniter\View\{closure}()
 4 SYSTEMPATH\Common.php(1184): CodeIgniter\View\View->render('extranet/laboratory_feature/edit', [], true)
 5 APPPATH\Controllers\Extranet\LaboratoryFeatureController.php(72): view('extranet/laboratory_feature/edit', [...])
 6 SYSTEMPATH\CodeIgniter.php(934): App\Controllers\Extranet\LaboratoryFeatureController->edit('4ac193da-c140-11ed-9c57-c465162ee099')
 7 SYSTEMPATH\CodeIgniter.php(499): CodeIgniter\CodeIgniter->runController(Object(App\Controllers\Extranet\LaboratoryFeatureController))
 8 SYSTEMPATH\CodeIgniter.php(368): CodeIgniter\CodeIgniter->handleRequest(null, Object(Config\Cache), false)
 9 FCPATH\index.php(67): CodeIgniter\CodeIgniter->run()
10 SYSTEMPATH\Commands\Server\rewrite.php(47): require_once('FCPATH\\index.php')
INFO - 2023-03-13 01:48:49 --> Session: Class initialized using 'CodeIgniter\Session\Handlers\FileHandler' driver.
INFO - 2023-03-13 01:49:29 --> Session: Class initialized using 'CodeIgniter\Session\Handlers\FileHandler' driver.
INFO - 2023-03-13 01:49:31 --> Session: Class initialized using 'CodeIgniter\Session\Handlers\FileHandler' driver.
INFO - 2023-03-13 01:49:33 --> Session: Class initialized using 'CodeIgniter\Session\Handlers\FileHandler' driver.
INFO - 2023-03-13 01:49:35 --> Session: Class initialized using 'CodeIgniter\Session\Handlers\FileHandler' driver.
INFO - 2023-03-13 01:49:37 --> Session: Class initialized using 'CodeIgniter\Session\Handlers\FileHandler' driver.
INFO - 2023-03-13 01:49:41 --> Session: Class initialized using 'CodeIgniter\Session\Handlers\FileHandler' driver.
INFO - 2023-03-13 01:49:41 --> Session: Class initialized using 'CodeIgniter\Session\Handlers\FileHandler' driver.
INFO - 2023-03-13 01:49:44 --> Session: Class initialized using 'CodeIgniter\Session\Handlers\FileHandler' driver.
INFO - 2023-03-13 01:49:46 --> Session: Class initialized using 'CodeIgniter\Session\Handlers\FileHandler' driver.
INFO - 2023-03-13 01:49:48 --> Session: Class initialized using 'CodeIgniter\Session\Handlers\FileHandler' driver.
INFO - 2023-03-13 01:49:51 --> Session: Class initialized using 'CodeIgniter\Session\Handlers\FileHandler' driver.
INFO - 2023-03-13 01:50:15 --> Session: Class initialized using 'CodeIgniter\Session\Handlers\FileHandler' driver.
INFO - 2023-03-13 01:50:19 --> Session: Class initialized using 'CodeIgniter\Session\Handlers\FileHandler' driver.
INFO - 2023-03-13 01:50:19 --> Session: Class initialized using 'CodeIgniter\Session\Handlers\FileHandler' driver.
INFO - 2023-03-13 01:50:22 --> Session: Class initialized using 'CodeIgniter\Session\Handlers\FileHandler' driver.
INFO - 2023-03-13 01:50:24 --> Session: Class initialized using 'CodeIgniter\Session\Handlers\FileHandler' driver.
INFO - 2023-03-13 01:51:17 --> Session: Class initialized using 'CodeIgniter\Session\Handlers\FileHandler' driver.
INFO - 2023-03-13 01:51:21 --> Session: Class initialized using 'CodeIgniter\Session\Handlers\FileHandler' driver.
INFO - 2023-03-13 01:51:29 --> Session: Class initialized using 'CodeIgniter\Session\Handlers\FileHandler' driver.
INFO - 2023-03-13 01:52:00 --> Session: Class initialized using 'CodeIgniter\Session\Handlers\FileHandler' driver.
INFO - 2023-03-13 01:52:03 --> Session: Class initialized using 'CodeIgniter\Session\Handlers\FileHandler' driver.
INFO - 2023-03-13 01:52:26 --> Session: Class initialized using 'CodeIgniter\Session\Handlers\FileHandler' driver.
INFO - 2023-03-13 01:52:32 --> Session: Class initialized using 'CodeIgniter\Session\Handlers\FileHandler' driver.
INFO - 2023-03-13 01:52:34 --> Session: Class initialized using 'CodeIgniter\Session\Handlers\FileHandler' driver.
INFO - 2023-03-13 01:52:41 --> Session: Class initialized using 'CodeIgniter\Session\Handlers\FileHandler' driver.
INFO - 2023-03-13 01:52:43 --> Session: Class initialized using 'CodeIgniter\Session\Handlers\FileHandler' driver.
INFO - 2023-03-13 01:52:43 --> Session: Class initialized using 'CodeIgniter\Session\Handlers\FileHandler' driver.
INFO - 2023-03-13 01:52:47 --> Session: Class initialized using 'CodeIgniter\Session\Handlers\FileHandler' driver.
INFO - 2023-03-13 01:52:47 --> Session: Class initialized using 'CodeIgniter\Session\Handlers\FileHandler' driver.
INFO - 2023-03-13 01:52:56 --> Session: Class initialized using 'CodeIgniter\Session\Handlers\FileHandler' driver.
WARNING - 2023-03-13 01:52:56 --> [DEPRECATED] Optional parameter $trial_name declared before required parameter $id is implicitly treated as a required parameter in APPPATH\Controllers\Extranet\TestimonialController.php on line 111.
 1 SYSTEMPATH\Autoloader\Autoloader.php(312): include_once('SYSTEMPATH\\Debug\\Exceptions.php')
 2 SYSTEMPATH\Autoloader\Autoloader.php(289): CodeIgniter\Autoloader\Autoloader->includeFile('APPPATH\\Controllers\\Extranet\\TestimonialController.php')
 3 SYSTEMPATH\Autoloader\Autoloader.php(267): CodeIgniter\Autoloader\Autoloader->loadInNamespace('App\\Controllers\\Extranet\\TestimonialController')
 4 [internal function]: CodeIgniter\Autoloader\Autoloader->loadClass('App\\Controllers\\Extranet\\TestimonialController')
 5 SYSTEMPATH\CodeIgniter.php(892): class_exists('\\App\\Controllers\\Extranet\\TestimonialController', true)
 6 SYSTEMPATH\CodeIgniter.php(486): CodeIgniter\CodeIgniter->startController()
 7 SYSTEMPATH\CodeIgniter.php(368): CodeIgniter\CodeIgniter->handleRequest(null, Object(Config\Cache), false)
 8 FCPATH\index.php(67): CodeIgniter\CodeIgniter->run()
 9 SYSTEMPATH\Commands\Server\rewrite.php(47): require_once('FCPATH\\index.php')
WARNING - 2023-03-13 01:52:56 --> [DEPRECATED] Optional parameter $trial_name declared before required parameter $id is implicitly treated as a required parameter in APPPATH\Controllers\Extranet\TestimonialController.php on line 138.
 1 SYSTEMPATH\Autoloader\Autoloader.php(312): include_once('SYSTEMPATH\\Debug\\Exceptions.php')
 2 SYSTEMPATH\Autoloader\Autoloader.php(289): CodeIgniter\Autoloader\Autoloader->includeFile('APPPATH\\Controllers\\Extranet\\TestimonialController.php')
 3 SYSTEMPATH\Autoloader\Autoloader.php(267): CodeIgniter\Autoloader\Autoloader->loadInNamespace('App\\Controllers\\Extranet\\TestimonialController')
 4 [internal function]: CodeIgniter\Autoloader\Autoloader->loadClass('App\\Controllers\\Extranet\\TestimonialController')
 5 SYSTEMPATH\CodeIgniter.php(892): class_exists('\\App\\Controllers\\Extranet\\TestimonialController', true)
 6 SYSTEMPATH\CodeIgniter.php(486): CodeIgniter\CodeIgniter->startController()
 7 SYSTEMPATH\CodeIgniter.php(368): CodeIgniter\CodeIgniter->handleRequest(null, Object(Config\Cache), false)
 8 FCPATH\index.php(67): CodeIgniter\CodeIgniter->run()
 9 SYSTEMPATH\Commands\Server\rewrite.php(47): require_once('FCPATH\\index.php')
WARNING - 2023-03-13 01:52:56 --> [DEPRECATED] Optional parameter $trial_name declared before required parameter $id is implicitly treated as a required parameter in APPPATH\Controllers\Extranet\TestimonialController.php on line 165.
 1 SYSTEMPATH\Autoloader\Autoloader.php(312): include_once('SYSTEMPATH\\Debug\\Exceptions.php')
 2 SYSTEMPATH\Autoloader\Autoloader.php(289): CodeIgniter\Autoloader\Autoloader->includeFile('APPPATH\\Controllers\\Extranet\\TestimonialController.php')
 3 SYSTEMPATH\Autoloader\Autoloader.php(267): CodeIgniter\Autoloader\Autoloader->loadInNamespace('App\\Controllers\\Extranet\\TestimonialController')
 4 [internal function]: CodeIgniter\Autoloader\Autoloader->loadClass('App\\Controllers\\Extranet\\TestimonialController')
 5 SYSTEMPATH\CodeIgniter.php(892): class_exists('\\App\\Controllers\\Extranet\\TestimonialController', true)
 6 SYSTEMPATH\CodeIgniter.php(486): CodeIgniter\CodeIgniter->startController()
 7 SYSTEMPATH\CodeIgniter.php(368): CodeIgniter\CodeIgniter->handleRequest(null, Object(Config\Cache), false)
 8 FCPATH\index.php(67): CodeIgniter\CodeIgniter->run()
 9 SYSTEMPATH\Commands\Server\rewrite.php(47): require_once('FCPATH\\index.php')
WARNING - 2023-03-13 01:52:56 --> [DEPRECATED] Optional parameter $trial_name declared before required parameter $id is implicitly treated as a required parameter in APPPATH\Controllers\Extranet\TestimonialController.php on line 224.
 1 SYSTEMPATH\Autoloader\Autoloader.php(312): include_once('SYSTEMPATH\\Debug\\Exceptions.php')
 2 SYSTEMPATH\Autoloader\Autoloader.php(289): CodeIgniter\Autoloader\Autoloader->includeFile('APPPATH\\Controllers\\Extranet\\TestimonialController.php')
 3 SYSTEMPATH\Autoloader\Autoloader.php(267): CodeIgniter\Autoloader\Autoloader->loadInNamespace('App\\Controllers\\Extranet\\TestimonialController')
 4 [internal function]: CodeIgniter\Autoloader\Autoloader->loadClass('App\\Controllers\\Extranet\\TestimonialController')
 5 SYSTEMPATH\CodeIgniter.php(892): class_exists('\\App\\Controllers\\Extranet\\TestimonialController', true)
 6 SYSTEMPATH\CodeIgniter.php(486): CodeIgniter\CodeIgniter->startController()
 7 SYSTEMPATH\CodeIgniter.php(368): CodeIgniter\CodeIgniter->handleRequest(null, Object(Config\Cache), false)
 8 FCPATH\index.php(67): CodeIgniter\CodeIgniter->run()
 9 SYSTEMPATH\Commands\Server\rewrite.php(47): require_once('FCPATH\\index.php')
ERROR - 2023-03-13 01:52:56 --> mysqli_sql_exception: Table 'nadi_clinic001.clinic001_default_client_config' doesn't exist in C:\xampp-8-2-0\htdocs\nadi-clinic001\system\Database\MySQLi\Connection.php:295
Stack trace:
#0 C:\xampp-8-2-0\htdocs\nadi-clinic001\system\Database\MySQLi\Connection.php(295): mysqli->query('SELECT *\nFROM `...', 0)
#1 C:\xampp-8-2-0\htdocs\nadi-clinic001\system\Database\BaseConnection.php(691): CodeIgniter\Database\MySQLi\Connection->execute('SELECT *\nFROM `...')
#2 C:\xampp-8-2-0\htdocs\nadi-clinic001\system\Database\BaseConnection.php(605): CodeIgniter\Database\BaseConnection->simpleQuery('SELECT *\nFROM `...')
#3 C:\xampp-8-2-0\htdocs\nadi-clinic001\system\Database\BaseBuilder.php(1616): CodeIgniter\Database\BaseConnection->query('SELECT *\nFROM `...', Array, false)
#4 C:\xampp-8-2-0\htdocs\nadi-clinic001\app\Controllers\Extranet\TestimonialController.php(15): CodeIgniter\Database\BaseBuilder->get()
#5 C:\xampp-8-2-0\htdocs\nadi-clinic001\system\CodeIgniter.php(934): App\Controllers\Extranet\TestimonialController->index()
#6 C:\xampp-8-2-0\htdocs\nadi-clinic001\system\CodeIgniter.php(499): CodeIgniter\CodeIgniter->runController(Object(App\Controllers\Extranet\TestimonialController))
#7 C:\xampp-8-2-0\htdocs\nadi-clinic001\system\CodeIgniter.php(368): CodeIgniter\CodeIgniter->handleRequest(NULL, Object(Config\Cache), false)
#8 C:\xampp-8-2-0\htdocs\nadi-clinic001\public\index.php(67): CodeIgniter\CodeIgniter->run()
#9 C:\xampp-8-2-0\htdocs\nadi-clinic001\system\Commands\Server\rewrite.php(47): require_once('C:\\xampp-8-2-0\\...')
#10 {main}
CRITICAL - 2023-03-13 01:52:56 --> Table 'nadi_clinic001.clinic001_default_client_config' doesn't exist
in SYSTEMPATH\Database\BaseConnection.php on line 645.
 1 SYSTEMPATH\Database\BaseBuilder.php(1616): CodeIgniter\Database\BaseConnection->query('SELECT *
FROM `clinic001_default_client_config`
WHERE `domain_live_url` = :domain_live_url:', [...], false)
 2 APPPATH\Controllers\Extranet\TestimonialController.php(15): CodeIgniter\Database\BaseBuilder->get()
 3 SYSTEMPATH\CodeIgniter.php(934): App\Controllers\Extranet\TestimonialController->index()
 4 SYSTEMPATH\CodeIgniter.php(499): CodeIgniter\CodeIgniter->runController(Object(App\Controllers\Extranet\TestimonialController))
 5 SYSTEMPATH\CodeIgniter.php(368): CodeIgniter\CodeIgniter->handleRequest(null, Object(Config\Cache), false)
 6 FCPATH\index.php(67): CodeIgniter\CodeIgniter->run()
 7 SYSTEMPATH\Commands\Server\rewrite.php(47): require_once('FCPATH\\index.php')
INFO - 2023-03-13 01:52:58 --> Session: Class initialized using 'CodeIgniter\Session\Handlers\FileHandler' driver.
INFO - 2023-03-13 01:53:09 --> Session: Class initialized using 'CodeIgniter\Session\Handlers\FileHandler' driver.
INFO - 2023-03-13 01:53:30 --> Session: Class initialized using 'CodeIgniter\Session\Handlers\FileHandler' driver.
INFO - 2023-03-13 02:00:42 --> Session: Class initialized using 'CodeIgniter\Session\Handlers\FileHandler' driver.
INFO - 2023-03-13 02:00:49 --> Session: Class initialized using 'CodeIgniter\Session\Handlers\FileHandler' driver.
INFO - 2023-03-13 02:00:51 --> Session: Class initialized using 'CodeIgniter\Session\Handlers\FileHandler' driver.
INFO - 2023-03-13 02:01:01 --> Session: Class initialized using 'CodeIgniter\Session\Handlers\FileHandler' driver.
INFO - 2023-03-13 02:01:09 --> Session: Class initialized using 'CodeIgniter\Session\Handlers\FileHandler' driver.
WARNING - 2023-03-13 02:01:09 --> [DEPRECATED] Optional parameter $trial_name declared before required parameter $id is implicitly treated as a required parameter in APPPATH\Controllers\Extranet\TestimonialController.php on line 111.
 1 SYSTEMPATH\Autoloader\Autoloader.php(312): include_once('SYSTEMPATH\\Debug\\Exceptions.php')
 2 SYSTEMPATH\Autoloader\Autoloader.php(289): CodeIgniter\Autoloader\Autoloader->includeFile('APPPATH\\Controllers\\Extranet\\TestimonialController.php')
 3 SYSTEMPATH\Autoloader\Autoloader.php(267): CodeIgniter\Autoloader\Autoloader->loadInNamespace('App\\Controllers\\Extranet\\TestimonialController')
 4 [internal function]: CodeIgniter\Autoloader\Autoloader->loadClass('App\\Controllers\\Extranet\\TestimonialController')
 5 SYSTEMPATH\CodeIgniter.php(892): class_exists('\\App\\Controllers\\Extranet\\TestimonialController', true)
 6 SYSTEMPATH\CodeIgniter.php(486): CodeIgniter\CodeIgniter->startController()
 7 SYSTEMPATH\CodeIgniter.php(368): CodeIgniter\CodeIgniter->handleRequest(null, Object(Config\Cache), false)
 8 FCPATH\index.php(67): CodeIgniter\CodeIgniter->run()
 9 SYSTEMPATH\Commands\Server\rewrite.php(47): require_once('FCPATH\\index.php')
WARNING - 2023-03-13 02:01:09 --> [DEPRECATED] Optional parameter $trial_name declared before required parameter $id is implicitly treated as a required parameter in APPPATH\Controllers\Extranet\TestimonialController.php on line 138.
 1 SYSTEMPATH\Autoloader\Autoloader.php(312): include_once('SYSTEMPATH\\Debug\\Exceptions.php')
 2 SYSTEMPATH\Autoloader\Autoloader.php(289): CodeIgniter\Autoloader\Autoloader->includeFile('APPPATH\\Controllers\\Extranet\\TestimonialController.php')
 3 SYSTEMPATH\Autoloader\Autoloader.php(267): CodeIgniter\Autoloader\Autoloader->loadInNamespace('App\\Controllers\\Extranet\\TestimonialController')
 4 [internal function]: CodeIgniter\Autoloader\Autoloader->loadClass('App\\Controllers\\Extranet\\TestimonialController')
 5 SYSTEMPATH\CodeIgniter.php(892): class_exists('\\App\\Controllers\\Extranet\\TestimonialController', true)
 6 SYSTEMPATH\CodeIgniter.php(486): CodeIgniter\CodeIgniter->startController()
 7 SYSTEMPATH\CodeIgniter.php(368): CodeIgniter\CodeIgniter->handleRequest(null, Object(Config\Cache), false)
 8 FCPATH\index.php(67): CodeIgniter\CodeIgniter->run()
 9 SYSTEMPATH\Commands\Server\rewrite.php(47): require_once('FCPATH\\index.php')
WARNING - 2023-03-13 02:01:09 --> [DEPRECATED] Optional parameter $trial_name declared before required parameter $id is implicitly treated as a required parameter in APPPATH\Controllers\Extranet\TestimonialController.php on line 165.
 1 SYSTEMPATH\Autoloader\Autoloader.php(312): include_once('SYSTEMPATH\\Debug\\Exceptions.php')
 2 SYSTEMPATH\Autoloader\Autoloader.php(289): CodeIgniter\Autoloader\Autoloader->includeFile('APPPATH\\Controllers\\Extranet\\TestimonialController.php')
 3 SYSTEMPATH\Autoloader\Autoloader.php(267): CodeIgniter\Autoloader\Autoloader->loadInNamespace('App\\Controllers\\Extranet\\TestimonialController')
 4 [internal function]: CodeIgniter\Autoloader\Autoloader->loadClass('App\\Controllers\\Extranet\\TestimonialController')
 5 SYSTEMPATH\CodeIgniter.php(892): class_exists('\\App\\Controllers\\Extranet\\TestimonialController', true)
 6 SYSTEMPATH\CodeIgniter.php(486): CodeIgniter\CodeIgniter->startController()
 7 SYSTEMPATH\CodeIgniter.php(368): CodeIgniter\CodeIgniter->handleRequest(null, Object(Config\Cache), false)
 8 FCPATH\index.php(67): CodeIgniter\CodeIgniter->run()
 9 SYSTEMPATH\Commands\Server\rewrite.php(47): require_once('FCPATH\\index.php')
WARNING - 2023-03-13 02:01:09 --> [DEPRECATED] Optional parameter $trial_name declared before required parameter $id is implicitly treated as a required parameter in APPPATH\Controllers\Extranet\TestimonialController.php on line 224.
 1 SYSTEMPATH\Autoloader\Autoloader.php(312): include_once('SYSTEMPATH\\Debug\\Exceptions.php')
 2 SYSTEMPATH\Autoloader\Autoloader.php(289): CodeIgniter\Autoloader\Autoloader->includeFile('APPPATH\\Controllers\\Extranet\\TestimonialController.php')
 3 SYSTEMPATH\Autoloader\Autoloader.php(267): CodeIgniter\Autoloader\Autoloader->loadInNamespace('App\\Controllers\\Extranet\\TestimonialController')
 4 [internal function]: CodeIgniter\Autoloader\Autoloader->loadClass('App\\Controllers\\Extranet\\TestimonialController')
 5 SYSTEMPATH\CodeIgniter.php(892): class_exists('\\App\\Controllers\\Extranet\\TestimonialController', true)
 6 SYSTEMPATH\CodeIgniter.php(486): CodeIgniter\CodeIgniter->startController()
 7 SYSTEMPATH\CodeIgniter.php(368): CodeIgniter\CodeIgniter->handleRequest(null, Object(Config\Cache), false)
 8 FCPATH\index.php(67): CodeIgniter\CodeIgniter->run()
 9 SYSTEMPATH\Commands\Server\rewrite.php(47): require_once('FCPATH\\index.php')
ERROR - 2023-03-13 02:01:09 --> mysqli_sql_exception: Table 'nadi_clinic001.clinic001_default_client_config' doesn't exist in C:\xampp-8-2-0\htdocs\nadi-clinic001\system\Database\MySQLi\Connection.php:295
Stack trace:
#0 C:\xampp-8-2-0\htdocs\nadi-clinic001\system\Database\MySQLi\Connection.php(295): mysqli->query('SELECT *\nFROM `...', 0)
#1 C:\xampp-8-2-0\htdocs\nadi-clinic001\system\Database\BaseConnection.php(691): CodeIgniter\Database\MySQLi\Connection->execute('SELECT *\nFROM `...')
#2 C:\xampp-8-2-0\htdocs\nadi-clinic001\system\Database\BaseConnection.php(605): CodeIgniter\Database\BaseConnection->simpleQuery('SELECT *\nFROM `...')
#3 C:\xampp-8-2-0\htdocs\nadi-clinic001\system\Database\BaseBuilder.php(1616): CodeIgniter\Database\BaseConnection->query('SELECT *\nFROM `...', Array, false)
#4 C:\xampp-8-2-0\htdocs\nadi-clinic001\app\Controllers\Extranet\TestimonialController.php(15): CodeIgniter\Database\BaseBuilder->get()
#5 C:\xampp-8-2-0\htdocs\nadi-clinic001\system\CodeIgniter.php(934): App\Controllers\Extranet\TestimonialController->index()
#6 C:\xampp-8-2-0\htdocs\nadi-clinic001\system\CodeIgniter.php(499): CodeIgniter\CodeIgniter->runController(Object(App\Controllers\Extranet\TestimonialController))
#7 C:\xampp-8-2-0\htdocs\nadi-clinic001\system\CodeIgniter.php(368): CodeIgniter\CodeIgniter->handleRequest(NULL, Object(Config\Cache), false)
#8 C:\xampp-8-2-0\htdocs\nadi-clinic001\public\index.php(67): CodeIgniter\CodeIgniter->run()
#9 C:\xampp-8-2-0\htdocs\nadi-clinic001\system\Commands\Server\rewrite.php(47): require_once('C:\\xampp-8-2-0\\...')
#10 {main}
CRITICAL - 2023-03-13 02:01:09 --> Table 'nadi_clinic001.clinic001_default_client_config' doesn't exist
in SYSTEMPATH\Database\BaseConnection.php on line 645.
 1 SYSTEMPATH\Database\BaseBuilder.php(1616): CodeIgniter\Database\BaseConnection->query('SELECT *
FROM `clinic001_default_client_config`
WHERE `domain_live_url` = :domain_live_url:', [...], false)
 2 APPPATH\Controllers\Extranet\TestimonialController.php(15): CodeIgniter\Database\BaseBuilder->get()
 3 SYSTEMPATH\CodeIgniter.php(934): App\Controllers\Extranet\TestimonialController->index()
 4 SYSTEMPATH\CodeIgniter.php(499): CodeIgniter\CodeIgniter->runController(Object(App\Controllers\Extranet\TestimonialController))
 5 SYSTEMPATH\CodeIgniter.php(368): CodeIgniter\CodeIgniter->handleRequest(null, Object(Config\Cache), false)
 6 FCPATH\index.php(67): CodeIgniter\CodeIgniter->run()
 7 SYSTEMPATH\Commands\Server\rewrite.php(47): require_once('FCPATH\\index.php')
INFO - 2023-03-13 02:01:11 --> Session: Class initialized using 'CodeIgniter\Session\Handlers\FileHandler' driver.
INFO - 2023-03-13 02:02:01 --> Session: Class initialized using 'CodeIgniter\Session\Handlers\FileHandler' driver.
INFO - 2023-03-13 02:02:08 --> Session: Class initialized using 'CodeIgniter\Session\Handlers\FileHandler' driver.
WARNING - 2023-03-13 02:02:08 --> [DEPRECATED] Optional parameter $trial_name declared before required parameter $id is implicitly treated as a required parameter in APPPATH\Controllers\Extranet\TestimonialController.php on line 111.
 1 SYSTEMPATH\Autoloader\Autoloader.php(312): include_once('SYSTEMPATH\\Debug\\Exceptions.php')
 2 SYSTEMPATH\Autoloader\Autoloader.php(289): CodeIgniter\Autoloader\Autoloader->includeFile('APPPATH\\Controllers\\Extranet\\TestimonialController.php')
 3 SYSTEMPATH\Autoloader\Autoloader.php(267): CodeIgniter\Autoloader\Autoloader->loadInNamespace('App\\Controllers\\Extranet\\TestimonialController')
 4 [internal function]: CodeIgniter\Autoloader\Autoloader->loadClass('App\\Controllers\\Extranet\\TestimonialController')
 5 SYSTEMPATH\CodeIgniter.php(892): class_exists('\\App\\Controllers\\Extranet\\TestimonialController', true)
 6 SYSTEMPATH\CodeIgniter.php(486): CodeIgniter\CodeIgniter->startController()
 7 SYSTEMPATH\CodeIgniter.php(368): CodeIgniter\CodeIgniter->handleRequest(null, Object(Config\Cache), false)
 8 FCPATH\index.php(67): CodeIgniter\CodeIgniter->run()
 9 SYSTEMPATH\Commands\Server\rewrite.php(47): require_once('FCPATH\\index.php')
WARNING - 2023-03-13 02:02:08 --> [DEPRECATED] Optional parameter $trial_name declared before required parameter $id is implicitly treated as a required parameter in APPPATH\Controllers\Extranet\TestimonialController.php on line 138.
 1 SYSTEMPATH\Autoloader\Autoloader.php(312): include_once('SYSTEMPATH\\Debug\\Exceptions.php')
 2 SYSTEMPATH\Autoloader\Autoloader.php(289): CodeIgniter\Autoloader\Autoloader->includeFile('APPPATH\\Controllers\\Extranet\\TestimonialController.php')
 3 SYSTEMPATH\Autoloader\Autoloader.php(267): CodeIgniter\Autoloader\Autoloader->loadInNamespace('App\\Controllers\\Extranet\\TestimonialController')
 4 [internal function]: CodeIgniter\Autoloader\Autoloader->loadClass('App\\Controllers\\Extranet\\TestimonialController')
 5 SYSTEMPATH\CodeIgniter.php(892): class_exists('\\App\\Controllers\\Extranet\\TestimonialController', true)
 6 SYSTEMPATH\CodeIgniter.php(486): CodeIgniter\CodeIgniter->startController()
 7 SYSTEMPATH\CodeIgniter.php(368): CodeIgniter\CodeIgniter->handleRequest(null, Object(Config\Cache), false)
 8 FCPATH\index.php(67): CodeIgniter\CodeIgniter->run()
 9 SYSTEMPATH\Commands\Server\rewrite.php(47): require_once('FCPATH\\index.php')
WARNING - 2023-03-13 02:02:08 --> [DEPRECATED] Optional parameter $trial_name declared before required parameter $id is implicitly treated as a required parameter in APPPATH\Controllers\Extranet\TestimonialController.php on line 165.
 1 SYSTEMPATH\Autoloader\Autoloader.php(312): include_once('SYSTEMPATH\\Debug\\Exceptions.php')
 2 SYSTEMPATH\Autoloader\Autoloader.php(289): CodeIgniter\Autoloader\Autoloader->includeFile('APPPATH\\Controllers\\Extranet\\TestimonialController.php')
 3 SYSTEMPATH\Autoloader\Autoloader.php(267): CodeIgniter\Autoloader\Autoloader->loadInNamespace('App\\Controllers\\Extranet\\TestimonialController')
 4 [internal function]: CodeIgniter\Autoloader\Autoloader->loadClass('App\\Controllers\\Extranet\\TestimonialController')
 5 SYSTEMPATH\CodeIgniter.php(892): class_exists('\\App\\Controllers\\Extranet\\TestimonialController', true)
 6 SYSTEMPATH\CodeIgniter.php(486): CodeIgniter\CodeIgniter->startController()
 7 SYSTEMPATH\CodeIgniter.php(368): CodeIgniter\CodeIgniter->handleRequest(null, Object(Config\Cache), false)
 8 FCPATH\index.php(67): CodeIgniter\CodeIgniter->run()
 9 SYSTEMPATH\Commands\Server\rewrite.php(47): require_once('FCPATH\\index.php')
WARNING - 2023-03-13 02:02:08 --> [DEPRECATED] Optional parameter $trial_name declared before required parameter $id is implicitly treated as a required parameter in APPPATH\Controllers\Extranet\TestimonialController.php on line 224.
 1 SYSTEMPATH\Autoloader\Autoloader.php(312): include_once('SYSTEMPATH\\Debug\\Exceptions.php')
 2 SYSTEMPATH\Autoloader\Autoloader.php(289): CodeIgniter\Autoloader\Autoloader->includeFile('APPPATH\\Controllers\\Extranet\\TestimonialController.php')
 3 SYSTEMPATH\Autoloader\Autoloader.php(267): CodeIgniter\Autoloader\Autoloader->loadInNamespace('App\\Controllers\\Extranet\\TestimonialController')
 4 [internal function]: CodeIgniter\Autoloader\Autoloader->loadClass('App\\Controllers\\Extranet\\TestimonialController')
 5 SYSTEMPATH\CodeIgniter.php(892): class_exists('\\App\\Controllers\\Extranet\\TestimonialController', true)
 6 SYSTEMPATH\CodeIgniter.php(486): CodeIgniter\CodeIgniter->startController()
 7 SYSTEMPATH\CodeIgniter.php(368): CodeIgniter\CodeIgniter->handleRequest(null, Object(Config\Cache), false)
 8 FCPATH\index.php(67): CodeIgniter\CodeIgniter->run()
 9 SYSTEMPATH\Commands\Server\rewrite.php(47): require_once('FCPATH\\index.php')
ERROR - 2023-03-13 02:02:08 --> mysqli_sql_exception: Table 'nadi_clinic001.clinic001_default_client_config' doesn't exist in C:\xampp-8-2-0\htdocs\nadi-clinic001\system\Database\MySQLi\Connection.php:295
Stack trace:
#0 C:\xampp-8-2-0\htdocs\nadi-clinic001\system\Database\MySQLi\Connection.php(295): mysqli->query('SELECT *\nFROM `...', 0)
#1 C:\xampp-8-2-0\htdocs\nadi-clinic001\system\Database\BaseConnection.php(691): CodeIgniter\Database\MySQLi\Connection->execute('SELECT *\nFROM `...')
#2 C:\xampp-8-2-0\htdocs\nadi-clinic001\system\Database\BaseConnection.php(605): CodeIgniter\Database\BaseConnection->simpleQuery('SELECT *\nFROM `...')
#3 C:\xampp-8-2-0\htdocs\nadi-clinic001\system\Database\BaseBuilder.php(1616): CodeIgniter\Database\BaseConnection->query('SELECT *\nFROM `...', Array, false)
#4 C:\xampp-8-2-0\htdocs\nadi-clinic001\app\Controllers\Extranet\TestimonialController.php(15): CodeIgniter\Database\BaseBuilder->get()
#5 C:\xampp-8-2-0\htdocs\nadi-clinic001\system\CodeIgniter.php(934): App\Controllers\Extranet\TestimonialController->index()
#6 C:\xampp-8-2-0\htdocs\nadi-clinic001\system\CodeIgniter.php(499): CodeIgniter\CodeIgniter->runController(Object(App\Controllers\Extranet\TestimonialController))
#7 C:\xampp-8-2-0\htdocs\nadi-clinic001\system\CodeIgniter.php(368): CodeIgniter\CodeIgniter->handleRequest(NULL, Object(Config\Cache), false)
#8 C:\xampp-8-2-0\htdocs\nadi-clinic001\public\index.php(67): CodeIgniter\CodeIgniter->run()
#9 C:\xampp-8-2-0\htdocs\nadi-clinic001\system\Commands\Server\rewrite.php(47): require_once('C:\\xampp-8-2-0\\...')
#10 {main}
CRITICAL - 2023-03-13 02:02:08 --> Table 'nadi_clinic001.clinic001_default_client_config' doesn't exist
in SYSTEMPATH\Database\BaseConnection.php on line 645.
 1 SYSTEMPATH\Database\BaseBuilder.php(1616): CodeIgniter\Database\BaseConnection->query('SELECT *
FROM `clinic001_default_client_config`
WHERE `domain_live_url` = :domain_live_url:', [...], false)
 2 APPPATH\Controllers\Extranet\TestimonialController.php(15): CodeIgniter\Database\BaseBuilder->get()
 3 SYSTEMPATH\CodeIgniter.php(934): App\Controllers\Extranet\TestimonialController->index()
 4 SYSTEMPATH\CodeIgniter.php(499): CodeIgniter\CodeIgniter->runController(Object(App\Controllers\Extranet\TestimonialController))
 5 SYSTEMPATH\CodeIgniter.php(368): CodeIgniter\CodeIgniter->handleRequest(null, Object(Config\Cache), false)
 6 FCPATH\index.php(67): CodeIgniter\CodeIgniter->run()
 7 SYSTEMPATH\Commands\Server\rewrite.php(47): require_once('FCPATH\\index.php')
INFO - 2023-03-13 02:05:33 --> Session: Class initialized using 'CodeIgniter\Session\Handlers\FileHandler' driver.
INFO - 2023-03-13 02:05:36 --> Session: Class initialized using 'CodeIgniter\Session\Handlers\FileHandler' driver.
INFO - 2023-03-13 02:05:38 --> Session: Class initialized using 'CodeIgniter\Session\Handlers\FileHandler' driver.
INFO - 2023-03-13 02:06:18 --> Session: Class initialized using 'CodeIgniter\Session\Handlers\FileHandler' driver.
INFO - 2023-03-13 02:06:19 --> Session: Class initialized using 'CodeIgniter\Session\Handlers\FileHandler' driver.
INFO - 2023-03-13 02:06:20 --> Session: Class initialized using 'CodeIgniter\Session\Handlers\FileHandler' driver.
INFO - 2023-03-13 02:09:02 --> Session: Class initialized using 'CodeIgniter\Session\Handlers\FileHandler' driver.
INFO - 2023-03-13 02:09:11 --> Session: Class initialized using 'CodeIgniter\Session\Handlers\FileHandler' driver.
INFO - 2023-03-13 02:23:38 --> Session: Class initialized using 'CodeIgniter\Session\Handlers\FileHandler' driver.
INFO - 2023-03-13 02:23:43 --> Session: Class initialized using 'CodeIgniter\Session\Handlers\FileHandler' driver.
INFO - 2023-03-13 02:23:45 --> Session: Class initialized using 'CodeIgniter\Session\Handlers\FileHandler' driver.
INFO - 2023-03-13 02:23:47 --> Session: Class initialized using 'CodeIgniter\Session\Handlers\FileHandler' driver.
INFO - 2023-03-13 02:23:50 --> Session: Class initialized using 'CodeIgniter\Session\Handlers\FileHandler' driver.
INFO - 2023-03-13 02:23:51 --> Session: Class initialized using 'CodeIgniter\Session\Handlers\FileHandler' driver.
INFO - 2023-03-13 02:32:41 --> Session: Class initialized using 'CodeIgniter\Session\Handlers\FileHandler' driver.
WARNING - 2023-03-13 02:32:41 --> [DEPRECATED] Optional parameter $trial_name declared before required parameter $id is implicitly treated as a required parameter in APPPATH\Controllers\Extranet\TestimonialController.php on line 111.
 1 SYSTEMPATH\Autoloader\Autoloader.php(312): include_once('SYSTEMPATH\\Debug\\Exceptions.php')
 2 SYSTEMPATH\Autoloader\Autoloader.php(289): CodeIgniter\Autoloader\Autoloader->includeFile('APPPATH\\Controllers\\Extranet\\TestimonialController.php')
 3 SYSTEMPATH\Autoloader\Autoloader.php(267): CodeIgniter\Autoloader\Autoloader->loadInNamespace('App\\Controllers\\Extranet\\TestimonialController')
 4 [internal function]: CodeIgniter\Autoloader\Autoloader->loadClass('App\\Controllers\\Extranet\\TestimonialController')
 5 SYSTEMPATH\CodeIgniter.php(892): class_exists('\\App\\Controllers\\Extranet\\TestimonialController', true)
 6 SYSTEMPATH\CodeIgniter.php(486): CodeIgniter\CodeIgniter->startController()
 7 SYSTEMPATH\CodeIgniter.php(368): CodeIgniter\CodeIgniter->handleRequest(null, Object(Config\Cache), false)
 8 FCPATH\index.php(67): CodeIgniter\CodeIgniter->run()
 9 SYSTEMPATH\Commands\Server\rewrite.php(47): require_once('FCPATH\\index.php')
WARNING - 2023-03-13 02:32:41 --> [DEPRECATED] Optional parameter $trial_name declared before required parameter $id is implicitly treated as a required parameter in APPPATH\Controllers\Extranet\TestimonialController.php on line 138.
 1 SYSTEMPATH\Autoloader\Autoloader.php(312): include_once('SYSTEMPATH\\Debug\\Exceptions.php')
 2 SYSTEMPATH\Autoloader\Autoloader.php(289): CodeIgniter\Autoloader\Autoloader->includeFile('APPPATH\\Controllers\\Extranet\\TestimonialController.php')
 3 SYSTEMPATH\Autoloader\Autoloader.php(267): CodeIgniter\Autoloader\Autoloader->loadInNamespace('App\\Controllers\\Extranet\\TestimonialController')
 4 [internal function]: CodeIgniter\Autoloader\Autoloader->loadClass('App\\Controllers\\Extranet\\TestimonialController')
 5 SYSTEMPATH\CodeIgniter.php(892): class_exists('\\App\\Controllers\\Extranet\\TestimonialController', true)
 6 SYSTEMPATH\CodeIgniter.php(486): CodeIgniter\CodeIgniter->startController()
 7 SYSTEMPATH\CodeIgniter.php(368): CodeIgniter\CodeIgniter->handleRequest(null, Object(Config\Cache), false)
 8 FCPATH\index.php(67): CodeIgniter\CodeIgniter->run()
 9 SYSTEMPATH\Commands\Server\rewrite.php(47): require_once('FCPATH\\index.php')
WARNING - 2023-03-13 02:32:41 --> [DEPRECATED] Optional parameter $trial_name declared before required parameter $id is implicitly treated as a required parameter in APPPATH\Controllers\Extranet\TestimonialController.php on line 165.
 1 SYSTEMPATH\Autoloader\Autoloader.php(312): include_once('SYSTEMPATH\\Debug\\Exceptions.php')
 2 SYSTEMPATH\Autoloader\Autoloader.php(289): CodeIgniter\Autoloader\Autoloader->includeFile('APPPATH\\Controllers\\Extranet\\TestimonialController.php')
 3 SYSTEMPATH\Autoloader\Autoloader.php(267): CodeIgniter\Autoloader\Autoloader->loadInNamespace('App\\Controllers\\Extranet\\TestimonialController')
 4 [internal function]: CodeIgniter\Autoloader\Autoloader->loadClass('App\\Controllers\\Extranet\\TestimonialController')
 5 SYSTEMPATH\CodeIgniter.php(892): class_exists('\\App\\Controllers\\Extranet\\TestimonialController', true)
 6 SYSTEMPATH\CodeIgniter.php(486): CodeIgniter\CodeIgniter->startController()
 7 SYSTEMPATH\CodeIgniter.php(368): CodeIgniter\CodeIgniter->handleRequest(null, Object(Config\Cache), false)
 8 FCPATH\index.php(67): CodeIgniter\CodeIgniter->run()
 9 SYSTEMPATH\Commands\Server\rewrite.php(47): require_once('FCPATH\\index.php')
WARNING - 2023-03-13 02:32:41 --> [DEPRECATED] Optional parameter $trial_name declared before required parameter $id is implicitly treated as a required parameter in APPPATH\Controllers\Extranet\TestimonialController.php on line 224.
 1 SYSTEMPATH\Autoloader\Autoloader.php(312): include_once('SYSTEMPATH\\Debug\\Exceptions.php')
 2 SYSTEMPATH\Autoloader\Autoloader.php(289): CodeIgniter\Autoloader\Autoloader->includeFile('APPPATH\\Controllers\\Extranet\\TestimonialController.php')
 3 SYSTEMPATH\Autoloader\Autoloader.php(267): CodeIgniter\Autoloader\Autoloader->loadInNamespace('App\\Controllers\\Extranet\\TestimonialController')
 4 [internal function]: CodeIgniter\Autoloader\Autoloader->loadClass('App\\Controllers\\Extranet\\TestimonialController')
 5 SYSTEMPATH\CodeIgniter.php(892): class_exists('\\App\\Controllers\\Extranet\\TestimonialController', true)
 6 SYSTEMPATH\CodeIgniter.php(486): CodeIgniter\CodeIgniter->startController()
 7 SYSTEMPATH\CodeIgniter.php(368): CodeIgniter\CodeIgniter->handleRequest(null, Object(Config\Cache), false)
 8 FCPATH\index.php(67): CodeIgniter\CodeIgniter->run()
 9 SYSTEMPATH\Commands\Server\rewrite.php(47): require_once('FCPATH\\index.php')
ERROR - 2023-03-13 02:32:41 --> mysqli_sql_exception: Table 'nadi_clinic001.clinic001_default_client_config' doesn't exist in C:\xampp-8-2-0\htdocs\nadi-clinic001\system\Database\MySQLi\Connection.php:295
Stack trace:
#0 C:\xampp-8-2-0\htdocs\nadi-clinic001\system\Database\MySQLi\Connection.php(295): mysqli->query('SELECT *\nFROM `...', 0)
#1 C:\xampp-8-2-0\htdocs\nadi-clinic001\system\Database\BaseConnection.php(691): CodeIgniter\Database\MySQLi\Connection->execute('SELECT *\nFROM `...')
#2 C:\xampp-8-2-0\htdocs\nadi-clinic001\system\Database\BaseConnection.php(605): CodeIgniter\Database\BaseConnection->simpleQuery('SELECT *\nFROM `...')
#3 C:\xampp-8-2-0\htdocs\nadi-clinic001\system\Database\BaseBuilder.php(1616): CodeIgniter\Database\BaseConnection->query('SELECT *\nFROM `...', Array, false)
#4 C:\xampp-8-2-0\htdocs\nadi-clinic001\app\Controllers\Extranet\TestimonialController.php(15): CodeIgniter\Database\BaseBuilder->get()
#5 C:\xampp-8-2-0\htdocs\nadi-clinic001\system\CodeIgniter.php(934): App\Controllers\Extranet\TestimonialController->index()
#6 C:\xampp-8-2-0\htdocs\nadi-clinic001\system\CodeIgniter.php(499): CodeIgniter\CodeIgniter->runController(Object(App\Controllers\Extranet\TestimonialController))
#7 C:\xampp-8-2-0\htdocs\nadi-clinic001\system\CodeIgniter.php(368): CodeIgniter\CodeIgniter->handleRequest(NULL, Object(Config\Cache), false)
#8 C:\xampp-8-2-0\htdocs\nadi-clinic001\public\index.php(67): CodeIgniter\CodeIgniter->run()
#9 C:\xampp-8-2-0\htdocs\nadi-clinic001\system\Commands\Server\rewrite.php(47): require_once('C:\\xampp-8-2-0\\...')
#10 {main}
CRITICAL - 2023-03-13 02:32:41 --> Table 'nadi_clinic001.clinic001_default_client_config' doesn't exist
in SYSTEMPATH\Database\BaseConnection.php on line 645.
 1 SYSTEMPATH\Database\BaseBuilder.php(1616): CodeIgniter\Database\BaseConnection->query('SELECT *
FROM `clinic001_default_client_config`
WHERE `domain_live_url` = :domain_live_url:', [...], false)
 2 APPPATH\Controllers\Extranet\TestimonialController.php(15): CodeIgniter\Database\BaseBuilder->get()
 3 SYSTEMPATH\CodeIgniter.php(934): App\Controllers\Extranet\TestimonialController->index()
 4 SYSTEMPATH\CodeIgniter.php(499): CodeIgniter\CodeIgniter->runController(Object(App\Controllers\Extranet\TestimonialController))
 5 SYSTEMPATH\CodeIgniter.php(368): CodeIgniter\CodeIgniter->handleRequest(null, Object(Config\Cache), false)
 6 FCPATH\index.php(67): CodeIgniter\CodeIgniter->run()
 7 SYSTEMPATH\Commands\Server\rewrite.php(47): require_once('FCPATH\\index.php')
INFO - 2023-03-13 03:50:28 --> Session: Class initialized using 'CodeIgniter\Session\Handlers\FileHandler' driver.
INFO - 2023-03-13 03:50:28 --> Session: Class initialized using 'CodeIgniter\Session\Handlers\FileHandler' driver.
INFO - 2023-03-13 04:55:18 --> Session: Class initialized using 'CodeIgniter\Session\Handlers\FileHandler' driver.
INFO - 2023-03-13 04:55:18 --> Session: Class initialized using 'CodeIgniter\Session\Handlers\FileHandler' driver.
INFO - 2023-03-13 06:08:16 --> Session: Class initialized using 'CodeIgniter\Session\Handlers\FileHandler' driver.
INFO - 2023-03-13 06:08:23 --> Session: Class initialized using 'CodeIgniter\Session\Handlers\FileHandler' driver.
INFO - 2023-03-13 06:08:23 --> Session: Class initialized using 'CodeIgniter\Session\Handlers\FileHandler' driver.
INFO - 2023-03-13 07:26:33 --> Session: Class initialized using 'CodeIgniter\Session\Handlers\FileHandler' driver.
INFO - 2023-03-13 07:26:38 --> Session: Class initialized using 'CodeIgniter\Session\Handlers\FileHandler' driver.
WARNING - 2023-03-13 07:26:38 --> [DEPRECATED] Optional parameter $trial_name declared before required parameter $id is implicitly treated as a required parameter in APPPATH\Controllers\Extranet\TeamController.php on line 111.
 1 SYSTEMPATH\Autoloader\Autoloader.php(312): include_once('SYSTEMPATH\\Debug\\Exceptions.php')
 2 SYSTEMPATH\Autoloader\Autoloader.php(289): CodeIgniter\Autoloader\Autoloader->includeFile('APPPATH\\Controllers\\Extranet\\TeamController.php')
 3 SYSTEMPATH\Autoloader\Autoloader.php(267): CodeIgniter\Autoloader\Autoloader->loadInNamespace('App\\Controllers\\Extranet\\TeamController')
 4 [internal function]: CodeIgniter\Autoloader\Autoloader->loadClass('App\\Controllers\\Extranet\\TeamController')
 5 SYSTEMPATH\CodeIgniter.php(892): class_exists('\\App\\Controllers\\Extranet\\TeamController', true)
 6 SYSTEMPATH\CodeIgniter.php(486): CodeIgniter\CodeIgniter->startController()
 7 SYSTEMPATH\CodeIgniter.php(368): CodeIgniter\CodeIgniter->handleRequest(null, Object(Config\Cache), false)
 8 FCPATH\index.php(67): CodeIgniter\CodeIgniter->run()
 9 SYSTEMPATH\Commands\Server\rewrite.php(47): require_once('FCPATH\\index.php')
WARNING - 2023-03-13 07:26:38 --> [DEPRECATED] Optional parameter $trial_name declared before required parameter $id is implicitly treated as a required parameter in APPPATH\Controllers\Extranet\TeamController.php on line 138.
 1 SYSTEMPATH\Autoloader\Autoloader.php(312): include_once('SYSTEMPATH\\Debug\\Exceptions.php')
 2 SYSTEMPATH\Autoloader\Autoloader.php(289): CodeIgniter\Autoloader\Autoloader->includeFile('APPPATH\\Controllers\\Extranet\\TeamController.php')
 3 SYSTEMPATH\Autoloader\Autoloader.php(267): CodeIgniter\Autoloader\Autoloader->loadInNamespace('App\\Controllers\\Extranet\\TeamController')
 4 [internal function]: CodeIgniter\Autoloader\Autoloader->loadClass('App\\Controllers\\Extranet\\TeamController')
 5 SYSTEMPATH\CodeIgniter.php(892): class_exists('\\App\\Controllers\\Extranet\\TeamController', true)
 6 SYSTEMPATH\CodeIgniter.php(486): CodeIgniter\CodeIgniter->startController()
 7 SYSTEMPATH\CodeIgniter.php(368): CodeIgniter\CodeIgniter->handleRequest(null, Object(Config\Cache), false)
 8 FCPATH\index.php(67): CodeIgniter\CodeIgniter->run()
 9 SYSTEMPATH\Commands\Server\rewrite.php(47): require_once('FCPATH\\index.php')
WARNING - 2023-03-13 07:26:38 --> [DEPRECATED] Optional parameter $trial_name declared before required parameter $id is implicitly treated as a required parameter in APPPATH\Controllers\Extranet\TeamController.php on line 165.
 1 SYSTEMPATH\Autoloader\Autoloader.php(312): include_once('SYSTEMPATH\\Debug\\Exceptions.php')
 2 SYSTEMPATH\Autoloader\Autoloader.php(289): CodeIgniter\Autoloader\Autoloader->includeFile('APPPATH\\Controllers\\Extranet\\TeamController.php')
 3 SYSTEMPATH\Autoloader\Autoloader.php(267): CodeIgniter\Autoloader\Autoloader->loadInNamespace('App\\Controllers\\Extranet\\TeamController')
 4 [internal function]: CodeIgniter\Autoloader\Autoloader->loadClass('App\\Controllers\\Extranet\\TeamController')
 5 SYSTEMPATH\CodeIgniter.php(892): class_exists('\\App\\Controllers\\Extranet\\TeamController', true)
 6 SYSTEMPATH\CodeIgniter.php(486): CodeIgniter\CodeIgniter->startController()
 7 SYSTEMPATH\CodeIgniter.php(368): CodeIgniter\CodeIgniter->handleRequest(null, Object(Config\Cache), false)
 8 FCPATH\index.php(67): CodeIgniter\CodeIgniter->run()
 9 SYSTEMPATH\Commands\Server\rewrite.php(47): require_once('FCPATH\\index.php')
WARNING - 2023-03-13 07:26:38 --> [DEPRECATED] Optional parameter $trial_name declared before required parameter $id is implicitly treated as a required parameter in APPPATH\Controllers\Extranet\TeamController.php on line 224.
 1 SYSTEMPATH\Autoloader\Autoloader.php(312): include_once('SYSTEMPATH\\Debug\\Exceptions.php')
 2 SYSTEMPATH\Autoloader\Autoloader.php(289): CodeIgniter\Autoloader\Autoloader->includeFile('APPPATH\\Controllers\\Extranet\\TeamController.php')
 3 SYSTEMPATH\Autoloader\Autoloader.php(267): CodeIgniter\Autoloader\Autoloader->loadInNamespace('App\\Controllers\\Extranet\\TeamController')
 4 [internal function]: CodeIgniter\Autoloader\Autoloader->loadClass('App\\Controllers\\Extranet\\TeamController')
 5 SYSTEMPATH\CodeIgniter.php(892): class_exists('\\App\\Controllers\\Extranet\\TeamController', true)
 6 SYSTEMPATH\CodeIgniter.php(486): CodeIgniter\CodeIgniter->startController()
 7 SYSTEMPATH\CodeIgniter.php(368): CodeIgniter\CodeIgniter->handleRequest(null, Object(Config\Cache), false)
 8 FCPATH\index.php(67): CodeIgniter\CodeIgniter->run()
 9 SYSTEMPATH\Commands\Server\rewrite.php(47): require_once('FCPATH\\index.php')
ERROR - 2023-03-13 07:26:38 --> mysqli_sql_exception: Table 'nadi_clinic001.clinic001_default_client_config' doesn't exist in C:\xampp-8-2-0\htdocs\nadi-clinic001\system\Database\MySQLi\Connection.php:295
Stack trace:
#0 C:\xampp-8-2-0\htdocs\nadi-clinic001\system\Database\MySQLi\Connection.php(295): mysqli->query('SELECT *\nFROM `...', 0)
#1 C:\xampp-8-2-0\htdocs\nadi-clinic001\system\Database\BaseConnection.php(691): CodeIgniter\Database\MySQLi\Connection->execute('SELECT *\nFROM `...')
#2 C:\xampp-8-2-0\htdocs\nadi-clinic001\system\Database\BaseConnection.php(605): CodeIgniter\Database\BaseConnection->simpleQuery('SELECT *\nFROM `...')
#3 C:\xampp-8-2-0\htdocs\nadi-clinic001\system\Database\BaseBuilder.php(1616): CodeIgniter\Database\BaseConnection->query('SELECT *\nFROM `...', Array, false)
#4 C:\xampp-8-2-0\htdocs\nadi-clinic001\app\Controllers\Extranet\TeamController.php(15): CodeIgniter\Database\BaseBuilder->get()
#5 C:\xampp-8-2-0\htdocs\nadi-clinic001\system\CodeIgniter.php(934): App\Controllers\Extranet\TeamController->index()
#6 C:\xampp-8-2-0\htdocs\nadi-clinic001\system\CodeIgniter.php(499): CodeIgniter\CodeIgniter->runController(Object(App\Controllers\Extranet\TeamController))
#7 C:\xampp-8-2-0\htdocs\nadi-clinic001\system\CodeIgniter.php(368): CodeIgniter\CodeIgniter->handleRequest(NULL, Object(Config\Cache), false)
#8 C:\xampp-8-2-0\htdocs\nadi-clinic001\public\index.php(67): CodeIgniter\CodeIgniter->run()
#9 C:\xampp-8-2-0\htdocs\nadi-clinic001\system\Commands\Server\rewrite.php(47): require_once('C:\\xampp-8-2-0\\...')
#10 {main}
CRITICAL - 2023-03-13 07:26:38 --> Table 'nadi_clinic001.clinic001_default_client_config' doesn't exist
in SYSTEMPATH\Database\BaseConnection.php on line 645.
 1 SYSTEMPATH\Database\BaseBuilder.php(1616): CodeIgniter\Database\BaseConnection->query('SELECT *
FROM `clinic001_default_client_config`
WHERE `domain_live_url` = :domain_live_url:', [...], false)
 2 APPPATH\Controllers\Extranet\TeamController.php(15): CodeIgniter\Database\BaseBuilder->get()
 3 SYSTEMPATH\CodeIgniter.php(934): App\Controllers\Extranet\TeamController->index()
 4 SYSTEMPATH\CodeIgniter.php(499): CodeIgniter\CodeIgniter->runController(Object(App\Controllers\Extranet\TeamController))
 5 SYSTEMPATH\CodeIgniter.php(368): CodeIgniter\CodeIgniter->handleRequest(null, Object(Config\Cache), false)
 6 FCPATH\index.php(67): CodeIgniter\CodeIgniter->run()
 7 SYSTEMPATH\Commands\Server\rewrite.php(47): require_once('FCPATH\\index.php')
INFO - 2023-03-13 07:55:28 --> Session: Class initialized using 'CodeIgniter\Session\Handlers\FileHandler' driver.
INFO - 2023-03-13 07:55:28 --> Session: Class initialized using 'CodeIgniter\Session\Handlers\FileHandler' driver.
INFO - 2023-03-13 07:55:34 --> Session: Class initialized using 'CodeIgniter\Session\Handlers\FileHandler' driver.
WARNING - 2023-03-13 07:55:34 --> [DEPRECATED] Optional parameter $trial_name declared before required parameter $id is implicitly treated as a required parameter in APPPATH\Controllers\Extranet\AppointmentTypeController.php on line 108.
 1 SYSTEMPATH\Autoloader\Autoloader.php(312): include_once('SYSTEMPATH\\Debug\\Exceptions.php')
 2 SYSTEMPATH\Autoloader\Autoloader.php(289): CodeIgniter\Autoloader\Autoloader->includeFile('APPPATH\\Controllers\\Extranet\\AppointmentTypeController.php')
 3 SYSTEMPATH\Autoloader\Autoloader.php(267): CodeIgniter\Autoloader\Autoloader->loadInNamespace('App\\Controllers\\Extranet\\AppointmentTypeController')
 4 [internal function]: CodeIgniter\Autoloader\Autoloader->loadClass('App\\Controllers\\Extranet\\AppointmentTypeController')
 5 SYSTEMPATH\CodeIgniter.php(892): class_exists('\\App\\Controllers\\Extranet\\AppointmentTypeController', true)
 6 SYSTEMPATH\CodeIgniter.php(486): CodeIgniter\CodeIgniter->startController()
 7 SYSTEMPATH\CodeIgniter.php(368): CodeIgniter\CodeIgniter->handleRequest(null, Object(Config\Cache), false)
 8 FCPATH\index.php(67): CodeIgniter\CodeIgniter->run()
 9 SYSTEMPATH\Commands\Server\rewrite.php(47): require_once('FCPATH\\index.php')
WARNING - 2023-03-13 07:55:34 --> [DEPRECATED] Optional parameter $trial_name declared before required parameter $id is implicitly treated as a required parameter in APPPATH\Controllers\Extranet\AppointmentTypeController.php on line 132.
 1 SYSTEMPATH\Autoloader\Autoloader.php(312): include_once('SYSTEMPATH\\Debug\\Exceptions.php')
 2 SYSTEMPATH\Autoloader\Autoloader.php(289): CodeIgniter\Autoloader\Autoloader->includeFile('APPPATH\\Controllers\\Extranet\\AppointmentTypeController.php')
 3 SYSTEMPATH\Autoloader\Autoloader.php(267): CodeIgniter\Autoloader\Autoloader->loadInNamespace('App\\Controllers\\Extranet\\AppointmentTypeController')
 4 [internal function]: CodeIgniter\Autoloader\Autoloader->loadClass('App\\Controllers\\Extranet\\AppointmentTypeController')
 5 SYSTEMPATH\CodeIgniter.php(892): class_exists('\\App\\Controllers\\Extranet\\AppointmentTypeController', true)
 6 SYSTEMPATH\CodeIgniter.php(486): CodeIgniter\CodeIgniter->startController()
 7 SYSTEMPATH\CodeIgniter.php(368): CodeIgniter\CodeIgniter->handleRequest(null, Object(Config\Cache), false)
 8 FCPATH\index.php(67): CodeIgniter\CodeIgniter->run()
 9 SYSTEMPATH\Commands\Server\rewrite.php(47): require_once('FCPATH\\index.php')
WARNING - 2023-03-13 07:55:34 --> [DEPRECATED] Optional parameter $trial_name declared before required parameter $id is implicitly treated as a required parameter in APPPATH\Controllers\Extranet\AppointmentTypeController.php on line 156.
 1 SYSTEMPATH\Autoloader\Autoloader.php(312): include_once('SYSTEMPATH\\Debug\\Exceptions.php')
 2 SYSTEMPATH\Autoloader\Autoloader.php(289): CodeIgniter\Autoloader\Autoloader->includeFile('APPPATH\\Controllers\\Extranet\\AppointmentTypeController.php')
 3 SYSTEMPATH\Autoloader\Autoloader.php(267): CodeIgniter\Autoloader\Autoloader->loadInNamespace('App\\Controllers\\Extranet\\AppointmentTypeController')
 4 [internal function]: CodeIgniter\Autoloader\Autoloader->loadClass('App\\Controllers\\Extranet\\AppointmentTypeController')
 5 SYSTEMPATH\CodeIgniter.php(892): class_exists('\\App\\Controllers\\Extranet\\AppointmentTypeController', true)
 6 SYSTEMPATH\CodeIgniter.php(486): CodeIgniter\CodeIgniter->startController()
 7 SYSTEMPATH\CodeIgniter.php(368): CodeIgniter\CodeIgniter->handleRequest(null, Object(Config\Cache), false)
 8 FCPATH\index.php(67): CodeIgniter\CodeIgniter->run()
 9 SYSTEMPATH\Commands\Server\rewrite.php(47): require_once('FCPATH\\index.php')
WARNING - 2023-03-13 07:55:34 --> [DEPRECATED] Optional parameter $trial_name declared before required parameter $id is implicitly treated as a required parameter in APPPATH\Controllers\Extranet\AppointmentTypeController.php on line 215.
 1 SYSTEMPATH\Autoloader\Autoloader.php(312): include_once('SYSTEMPATH\\Debug\\Exceptions.php')
 2 SYSTEMPATH\Autoloader\Autoloader.php(289): CodeIgniter\Autoloader\Autoloader->includeFile('APPPATH\\Controllers\\Extranet\\AppointmentTypeController.php')
 3 SYSTEMPATH\Autoloader\Autoloader.php(267): CodeIgniter\Autoloader\Autoloader->loadInNamespace('App\\Controllers\\Extranet\\AppointmentTypeController')
 4 [internal function]: CodeIgniter\Autoloader\Autoloader->loadClass('App\\Controllers\\Extranet\\AppointmentTypeController')
 5 SYSTEMPATH\CodeIgniter.php(892): class_exists('\\App\\Controllers\\Extranet\\AppointmentTypeController', true)
 6 SYSTEMPATH\CodeIgniter.php(486): CodeIgniter\CodeIgniter->startController()
 7 SYSTEMPATH\CodeIgniter.php(368): CodeIgniter\CodeIgniter->handleRequest(null, Object(Config\Cache), false)
 8 FCPATH\index.php(67): CodeIgniter\CodeIgniter->run()
 9 SYSTEMPATH\Commands\Server\rewrite.php(47): require_once('FCPATH\\index.php')
ERROR - 2023-03-13 07:55:34 --> mysqli_sql_exception: Table 'nadi_clinic001.clinic001_default_client_config' doesn't exist in C:\xampp-8-2-0\htdocs\nadi-clinic001\system\Database\MySQLi\Connection.php:295
Stack trace:
#0 C:\xampp-8-2-0\htdocs\nadi-clinic001\system\Database\MySQLi\Connection.php(295): mysqli->query('SELECT *\nFROM `...', 0)
#1 C:\xampp-8-2-0\htdocs\nadi-clinic001\system\Database\BaseConnection.php(691): CodeIgniter\Database\MySQLi\Connection->execute('SELECT *\nFROM `...')
#2 C:\xampp-8-2-0\htdocs\nadi-clinic001\system\Database\BaseConnection.php(605): CodeIgniter\Database\BaseConnection->simpleQuery('SELECT *\nFROM `...')
#3 C:\xampp-8-2-0\htdocs\nadi-clinic001\system\Database\BaseBuilder.php(1616): CodeIgniter\Database\BaseConnection->query('SELECT *\nFROM `...', Array, false)
#4 C:\xampp-8-2-0\htdocs\nadi-clinic001\app\Controllers\Extranet\AppointmentTypeController.php(15): CodeIgniter\Database\BaseBuilder->get()
#5 C:\xampp-8-2-0\htdocs\nadi-clinic001\system\CodeIgniter.php(934): App\Controllers\Extranet\AppointmentTypeController->index()
#6 C:\xampp-8-2-0\htdocs\nadi-clinic001\system\CodeIgniter.php(499): CodeIgniter\CodeIgniter->runController(Object(App\Controllers\Extranet\AppointmentTypeController))
#7 C:\xampp-8-2-0\htdocs\nadi-clinic001\system\CodeIgniter.php(368): CodeIgniter\CodeIgniter->handleRequest(NULL, Object(Config\Cache), false)
#8 C:\xampp-8-2-0\htdocs\nadi-clinic001\public\index.php(67): CodeIgniter\CodeIgniter->run()
#9 C:\xampp-8-2-0\htdocs\nadi-clinic001\system\Commands\Server\rewrite.php(47): require_once('C:\\xampp-8-2-0\\...')
#10 {main}
CRITICAL - 2023-03-13 07:55:34 --> Table 'nadi_clinic001.clinic001_default_client_config' doesn't exist
in SYSTEMPATH\Database\BaseConnection.php on line 645.
 1 SYSTEMPATH\Database\BaseBuilder.php(1616): CodeIgniter\Database\BaseConnection->query('SELECT *
FROM `clinic001_default_client_config`
WHERE `domain_live_url` = :domain_live_url:', [...], false)
 2 APPPATH\Controllers\Extranet\AppointmentTypeController.php(15): CodeIgniter\Database\BaseBuilder->get()
 3 SYSTEMPATH\CodeIgniter.php(934): App\Controllers\Extranet\AppointmentTypeController->index()
 4 SYSTEMPATH\CodeIgniter.php(499): CodeIgniter\CodeIgniter->runController(Object(App\Controllers\Extranet\AppointmentTypeController))
 5 SYSTEMPATH\CodeIgniter.php(368): CodeIgniter\CodeIgniter->handleRequest(null, Object(Config\Cache), false)
 6 FCPATH\index.php(67): CodeIgniter\CodeIgniter->run()
 7 SYSTEMPATH\Commands\Server\rewrite.php(47): require_once('FCPATH\\index.php')
INFO - 2023-03-13 07:55:45 --> Session: Class initialized using 'CodeIgniter\Session\Handlers\FileHandler' driver.
INFO - 2023-03-13 09:15:00 --> Session: Class initialized using 'CodeIgniter\Session\Handlers\FileHandler' driver.
